#
# There is insufficient memory for the Java Runtime Environment to continue.
# Native memory allocation (malloc) failed to allocate 679616 bytes. Error detail: Chunk::new
# Possible reasons:
#   The system is out of physical RAM or swap space
#   This process is running with CompressedOops enabled, and the Java Heap may be blocking the growth of the native heap
# Possible solutions:
#   Reduce memory load on the system
#   Increase physical memory or swap space
#   Check if swap backing store is full
#   Decrease Java heap size (-Xmx/-Xms)
#   Decrease number of Java threads
#   Decrease Java thread stack sizes (-Xss)
#   Set larger code cache with -XX:ReservedCodeCacheSize=
#   JVM is running with Unscaled Compressed Oops mode in which the Java heap is
#     placed in the first 4GB address space. The Java Heap base address is the
#     maximum limit for the native heap growth. Please use -XX:HeapBaseMinAddress
#     to set the Java Heap base and to place the Java Heap above 4GB virtual address.
# This output file may be truncated or incomplete.
#
#  Out of Memory Error (arena.cpp:191), pid=3112, tid=24328
#
# JRE version: OpenJDK Runtime Environment Temurin-17.0.13+11 (17.0.13+11) (build 17.0.13+11)
# Java VM: OpenJDK 64-Bit Server VM Temurin-17.0.13+11 (17.0.13+11, mixed mode, tiered, compressed oops, compressed class ptrs, parallel gc, windows-amd64)
# No core dump will be written. Minidumps are not enabled by default on client versions of Windows
#

---------------  S U M M A R Y ------------

Command Line: --add-modules=ALL-SYSTEM --add-opens=java.base/java.util=ALL-UNNAMED --add-opens=java.base/java.lang=ALL-UNNAMED --add-opens=java.base/sun.nio.fs=ALL-UNNAMED -Declipse.application=org.eclipse.jdt.ls.core.id1 -Dosgi.bundles.defaultStartLevel=4 -Declipse.product=org.eclipse.jdt.ls.core.product -Djava.import.generatesMetadataFilesAtProjectRoot=false -DDetectVMInstallationsJob.disabled=true -Dfile.encoding=utf8 -XX:+UseParallelGC -XX:GCTimeRatio=4 -XX:AdaptiveSizePolicyWeight=90 -Dsun.zip.disableMemoryMapping=true -Xmx1G -Xms100m -Xlog:disable -javaagent:c:\Users\Duy\.cursor\extensions\redhat.java-1.36.0-win32-x64\lombok\lombok-1.18.35.jar -XX:+HeapDumpOnOutOfMemoryError -XX:HeapDumpPath=c:\Users\Duy\AppData\Roaming\Cursor\User\workspaceStorage\f8891cb4a7ddfb815496428fc6c7951b\redhat.java -Daether.dependencyCollector.impl=bf c:\Users\Duy\.cursor\extensions\redhat.java-1.36.0-win32-x64\server\plugins\org.eclipse.equinox.launcher_1.6.900.v20240613-2009.jar -configuration c:\Users\Duy\AppData\Roaming\Cursor\User\globalStorage\redhat.java\1.36.0\config_win -data c:\Users\Duy\AppData\Roaming\Cursor\User\workspaceStorage\f8891cb4a7ddfb815496428fc6c7951b\redhat.java\jdt_ws --pipe=\\.\pipe\lsp-ce1c74e96eec0579adcc4a76981e1b9d-sock

Host: Intel(R) Pentium(R) Silver N5030 CPU @ 1.10GHz, 4 cores, 3G,  Windows 11 , 64 bit Build 22621 (10.0.22621.4391)
Time: Thu Nov 14 04:38:06 2024 SE Asia Standard Time elapsed time: 133.279281 seconds (0d 0h 2m 13s)

---------------  T H R E A D  ---------------

Current thread (0x0000017151914b10):  JavaThread "C2 CompilerThread0" daemon [_thread_in_native, id=24328, stack(0x000000675bb00000,0x000000675bc00000)]


Current CompileTask:
C2: 133279 7663       4       jdk.internal.org.objectweb.asm.Frame::execute (2318 bytes)

Stack: [0x000000675bb00000,0x000000675bc00000]
Native frames: (J=compiled Java code, j=interpreted, Vv=VM code, C=native code)
V  [jvm.dll+0x682a19]
V  [jvm.dll+0x839538]
V  [jvm.dll+0x83afe3]
V  [jvm.dll+0x83b653]
V  [jvm.dll+0x24704f]
V  [jvm.dll+0xace34]
V  [jvm.dll+0xad4cc]
V  [jvm.dll+0x2ac84f]
V  [jvm.dll+0x588a79]
V  [jvm.dll+0x220ea2]
V  [jvm.dll+0x21992b]
V  [jvm.dll+0x21738b]
V  [jvm.dll+0x1a3070]
V  [jvm.dll+0x22788c]
V  [jvm.dll+0x2259eb]
V  [jvm.dll+0x7eec98]
V  [jvm.dll+0x7e8ffc]
V  [jvm.dll+0x6818f7]
C  [ucrtbase.dll+0x29333]
C  [KERNEL32.DLL+0x1259d]
C  [ntdll.dll+0x5af38]


---------------  P R O C E S S  ---------------

Threads class SMR info:
_java_thread_list=0x0000017158c3cfb0, length=37, elements={
0x000001713da9cce0, 0x000001713db4afe0, 0x000001713db4d890, 0x000001715190e330,
0x000001715190f1b0, 0x0000017151910030, 0x0000017151911d60, 0x0000017151914b10,
0x0000017156ada750, 0x0000017156add420, 0x000001713dafd9a0, 0x0000017156d9dc80,
0x0000017156e8e450, 0x00000171574aafc0, 0x0000017157236ec0, 0x0000017156e43dc0,
0x0000017157687040, 0x00000171570b45c0, 0x00000171570b4fe0, 0x00000171570b54f0,
0x00000171570b7d70, 0x00000171570b5a00, 0x00000171570b7860, 0x00000171570b6930,
0x00000171570b5f10, 0x00000171570b7350, 0x0000017158d1e570, 0x0000017158d1ea80,
0x0000017158d208e0, 0x0000017158d1ef90, 0x0000017158d203d0, 0x0000017158d21300,
0x0000017158d1f4a0, 0x0000017158d1f9b0, 0x0000017158d20df0, 0x0000017158d1fec0,
0x0000017158d21810
}

Java Threads: ( => current thread )
  0x000001713da9cce0 JavaThread "main" [_thread_blocked, id=11008, stack(0x000000675b200000,0x000000675b300000)]
  0x000001713db4afe0 JavaThread "Reference Handler" daemon [_thread_blocked, id=5244, stack(0x000000675b500000,0x000000675b600000)]
  0x000001713db4d890 JavaThread "Finalizer" daemon [_thread_blocked, id=9516, stack(0x000000675b600000,0x000000675b700000)]
  0x000001715190e330 JavaThread "Signal Dispatcher" daemon [_thread_blocked, id=4864, stack(0x000000675b700000,0x000000675b800000)]
  0x000001715190f1b0 JavaThread "Attach Listener" daemon [_thread_blocked, id=27872, stack(0x000000675b800000,0x000000675b900000)]
  0x0000017151910030 JavaThread "Service Thread" daemon [_thread_blocked, id=24012, stack(0x000000675b900000,0x000000675ba00000)]
  0x0000017151911d60 JavaThread "Monitor Deflation Thread" daemon [_thread_blocked, id=14852, stack(0x000000675ba00000,0x000000675bb00000)]
=>0x0000017151914b10 JavaThread "C2 CompilerThread0" daemon [_thread_in_native, id=24328, stack(0x000000675bb00000,0x000000675bc00000)]
  0x0000017156ada750 JavaThread "C1 CompilerThread0" daemon [_thread_blocked, id=21260, stack(0x000000675bc00000,0x000000675bd00000)]
  0x0000017156add420 JavaThread "Sweeper thread" daemon [_thread_blocked, id=27592, stack(0x000000675bd00000,0x000000675be00000)]
  0x000001713dafd9a0 JavaThread "Common-Cleaner" daemon [_thread_blocked, id=26404, stack(0x000000675be00000,0x000000675bf00000)]
  0x0000017156d9dc80 JavaThread "Notification Thread" daemon [_thread_blocked, id=15144, stack(0x000000675bf00000,0x000000675c000000)]
  0x0000017156e8e450 JavaThread "Active Thread: Equinox Container: 54628258-bbed-4888-a143-5233d46adbbf" [_thread_blocked, id=8188, stack(0x000000675c400000,0x000000675c500000)]
  0x00000171574aafc0 JavaThread "Refresh Thread: Equinox Container: 54628258-bbed-4888-a143-5233d46adbbf" daemon [_thread_blocked, id=3924, stack(0x000000675c500000,0x000000675c600000)]
  0x0000017157236ec0 JavaThread "Framework Event Dispatcher: Equinox Container: 54628258-bbed-4888-a143-5233d46adbbf" daemon [_thread_blocked, id=12936, stack(0x000000675c600000,0x000000675c700000)]
  0x0000017156e43dc0 JavaThread "Start Level: Equinox Container: 54628258-bbed-4888-a143-5233d46adbbf" daemon [_thread_blocked, id=11496, stack(0x000000675c700000,0x000000675c800000)]
  0x0000017157687040 JavaThread "Bundle File Closer" daemon [_thread_blocked, id=10936, stack(0x000000675c800000,0x000000675c900000)]
  0x00000171570b45c0 JavaThread "SCR Component Actor" daemon [_thread_blocked, id=24428, stack(0x000000675c900000,0x000000675ca00000)]
  0x00000171570b4fe0 JavaThread "Worker-JM" [_thread_blocked, id=19264, stack(0x000000675b000000,0x000000675b100000)]
  0x00000171570b54f0 JavaThread "JNA Cleaner" daemon [_thread_blocked, id=22712, stack(0x000000675ca00000,0x000000675cb00000)]
  0x00000171570b7d70 JavaThread "Worker-0" [_thread_blocked, id=17744, stack(0x000000675cb00000,0x000000675cc00000)]
  0x00000171570b5a00 JavaThread "Worker-1" [_thread_blocked, id=14800, stack(0x000000675cc00000,0x000000675cd00000)]
  0x00000171570b7860 JavaThread "Worker-2" [_thread_blocked, id=8864, stack(0x000000675ce00000,0x000000675cf00000)]
  0x00000171570b6930 JavaThread "Worker-3: Java indexing... " [_thread_blocked, id=27816, stack(0x000000675cf00000,0x000000675d000000)]
  0x00000171570b5f10 JavaThread "Java indexing" daemon [_thread_in_Java, id=9572, stack(0x000000675cd00000,0x000000675ce00000)]
  0x00000171570b7350 JavaThread "Thread-3" daemon [_thread_in_native, id=20796, stack(0x000000675d200000,0x000000675d300000)]
  0x0000017158d1e570 JavaThread "Thread-4" daemon [_thread_in_native, id=26024, stack(0x000000675d300000,0x000000675d400000)]
  0x0000017158d1ea80 JavaThread "Thread-5" daemon [_thread_in_native, id=12860, stack(0x000000675d400000,0x000000675d500000)]
  0x0000017158d208e0 JavaThread "Thread-6" daemon [_thread_in_native, id=7880, stack(0x000000675d500000,0x000000675d600000)]
  0x0000017158d1ef90 JavaThread "Thread-7" daemon [_thread_in_native, id=22772, stack(0x000000675d600000,0x000000675d700000)]
  0x0000017158d203d0 JavaThread "pool-2-thread-1" [_thread_blocked, id=13560, stack(0x000000675d700000,0x000000675d800000)]
  0x0000017158d21300 JavaThread "Worker-4: Initialize Workspace" [_thread_blocked, id=27080, stack(0x000000675d800000,0x000000675d900000)]
  0x0000017158d1f4a0 JavaThread "Worker-5" [_thread_blocked, id=14792, stack(0x000000675d900000,0x000000675da00000)]
  0x0000017158d1f9b0 JavaThread "WorkspaceEventsHandler" [_thread_blocked, id=25132, stack(0x000000675da00000,0x000000675db00000)]
  0x0000017158d20df0 JavaThread "pool-1-thread-1" [_thread_blocked, id=21704, stack(0x000000675db00000,0x000000675dc00000)]
  0x0000017158d1fec0 JavaThread "Timer-0" [_thread_blocked, id=26672, stack(0x000000675dc00000,0x000000675dd00000)]
  0x0000017158d21810 JavaThread "Connection worker" [_thread_in_native, id=15848, stack(0x000000675dd00000,0x000000675de00000)]

Other Threads:
  0x000001713db29470 VMThread "VM Thread" [stack: 0x000000675b400000,0x000000675b500000] [id=2756]
  0x0000017156d9d080 WatcherThread [stack: 0x000000675c000000,0x000000675c100000] [id=12736]
  0x000001713dab1870 GCTaskThread "GC Thread#0" [stack: 0x000000675b300000,0x000000675b400000] [id=24244]
  0x0000017156a98460 GCTaskThread "GC Thread#1" [stack: 0x000000675c100000,0x000000675c200000] [id=20332]
  0x000001715732f050 GCTaskThread "GC Thread#2" [stack: 0x000000675c200000,0x000000675c300000] [id=13484]
  0x000001715725bf20 GCTaskThread "GC Thread#3" [stack: 0x000000675c300000,0x000000675c400000] [id=12004]

Threads with active compile tasks:
C2 CompilerThread0   133392 7663       4       jdk.internal.org.objectweb.asm.Frame::execute (2318 bytes)

VM state: not at safepoint (normal execution)

VM Mutex/Monitor currently owned by a thread: None

Heap address: 0x00000000c0000000, size: 1024 MB, Compressed Oops mode: 32-bit

CDS archive(s) not mapped
Compressed class space mapped at: 0x0000000100000000-0x0000000140000000, reserved size: 1073741824
Narrow klass base: 0x0000000000000000, Narrow klass shift: 3, Narrow klass range: 0x140000000

GC Precious Log:
 CPUs: 4 total, 4 available
 Memory: 3737M
 Large Page Support: Disabled
 NUMA Support: Disabled
 Compressed Oops: Enabled (32-bit)
 Alignments: Space 512K, Generation 512K, Heap 2M
 Heap Min Capacity: 100M
 Heap Initial Capacity: 100M
 Heap Max Capacity: 1G
 Pre-touch: Disabled
 Parallel Workers: 4

Heap:
 PSYoungGen      total 19456K, used 17612K [0x00000000eab00000, 0x00000000ec280000, 0x0000000100000000)
  eden space 14848K, 87% used [0x00000000eab00000,0x00000000eb7baf30,0x00000000eb980000)
  from space 4608K, 99% used [0x00000000eb980000,0x00000000ebdf81e0,0x00000000ebe00000)
  to   space 4608K, 0% used [0x00000000ebe00000,0x00000000ebe00000,0x00000000ec280000)
 ParOldGen       total 194560K, used 172529K [0x00000000c0000000, 0x00000000cbe00000, 0x00000000eab00000)
  object space 194560K, 88% used [0x00000000c0000000,0x00000000ca87c6b0,0x00000000cbe00000)
 Metaspace       used 62584K, committed 63616K, reserved 1114112K
  class space    used 7015K, committed 7488K, reserved 1048576K

Card table byte_map: [0x000001713d430000,0x000001713d640000] _byte_map_base: 0x000001713ce30000

Marking Bits: (ParMarkBitMap*) 0x00007ff801746940
 Begin Bits: [0x000001714f730000, 0x0000017150730000)
 End Bits:   [0x0000017150730000, 0x0000017151730000)

Polling page: 0x000001713ba20000

Metaspace:

Usage:
  Non-class:     54.27 MB used.
      Class:      6.85 MB used.
       Both:     61.12 MB used.

Virtual space:
  Non-class space:       64.00 MB reserved,      54.81 MB ( 86%) committed,  1 nodes.
      Class space:        1.00 GB reserved,       7.31 MB ( <1%) committed,  1 nodes.
             Both:        1.06 GB reserved,      62.12 MB (  6%) committed. 

Chunk freelists:
   Non-Class:  8.91 MB
       Class:  8.70 MB
        Both:  17.61 MB

MaxMetaspaceSize: unlimited
CompressedClassSpaceSize: 1.00 GB
Initial GC threshold: 21.00 MB
Current GC threshold: 101.69 MB
CDS: off
MetaspaceReclaimPolicy: balanced
 - commit_granule_bytes: 65536.
 - commit_granule_words: 8192.
 - virtual_space_node_default_size: 8388608.
 - enlarge_chunks_in_place: 1.
 - new_chunks_are_fully_committed: 0.
 - uncommit_free_chunks: 1.
 - use_allocation_guard: 0.
 - handle_deallocations: 1.


Internal statistics:

num_allocs_failed_limit: 9.
num_arena_births: 626.
num_arena_deaths: 14.
num_vsnodes_births: 2.
num_vsnodes_deaths: 0.
num_space_committed: 994.
num_space_uncommitted: 0.
num_chunks_returned_to_freelist: 23.
num_chunks_taken_from_freelist: 3123.
num_chunk_merges: 14.
num_chunk_splits: 1951.
num_chunks_enlarged: 1141.
num_inconsistent_stats: 0.

CodeHeap 'non-profiled nmethods': size=120000Kb used=4282Kb max_used=4929Kb free=115717Kb
 bounds [0x0000017148200000, 0x00000171486e0000, 0x000001714f730000]
CodeHeap 'profiled nmethods': size=120000Kb used=12028Kb max_used=14218Kb free=107971Kb
 bounds [0x0000017140730000, 0x0000017141520000, 0x0000017147c60000]
CodeHeap 'non-nmethods': size=5760Kb used=1328Kb max_used=1381Kb free=4431Kb
 bounds [0x0000017147c60000, 0x0000017147ed0000, 0x0000017148200000]
 total_blobs=6834 nmethods=6164 adapters=585
 compilation: enabled
              stopped_count=0, restarted_count=0
 full_count=0

Compilation events (20 events):
Event: 133.120 Thread 0x0000017151914b10 nmethod 7652 0x00000171484c7f10 code [0x00000171484c80a0, 0x00000171484c8188]
Event: 133.121 Thread 0x0000017156ada750 7656       3       jdk.internal.org.objectweb.asm.SymbolTable$Entry::<init> (18 bytes)
Event: 133.122 Thread 0x0000017151914b10 7657       4       jdk.internal.org.objectweb.asm.Label::resolve (219 bytes)
Event: 133.122 Thread 0x0000017156ada750 nmethod 7656 0x00000171407be490 code [0x00000171407be640, 0x00000171407be7c8]
Event: 133.127 Thread 0x0000017156ada750 7659       3       com.google.common.base.Preconditions::checkPositionIndex (8 bytes)
Event: 133.128 Thread 0x0000017156ada750 nmethod 7659 0x0000017140758890 code [0x0000017140758a20, 0x0000017140758b48]
Event: 133.128 Thread 0x0000017156ada750 7660       3       com.google.common.base.Preconditions::checkPositionIndex (25 bytes)
Event: 133.128 Thread 0x0000017156ada750 nmethod 7660 0x000001714079f610 code [0x000001714079f7c0, 0x000001714079fa18]
Event: 133.128 Thread 0x0000017156ada750 7661       3       org.gradle.internal.service.DefaultServiceRegistry$ClassInspector::hasAnnotation (10 bytes)
Event: 133.128 Thread 0x0000017156ada750 nmethod 7661 0x000001714076a510 code [0x000001714076a6c0, 0x000001714076a858]
Event: 133.128 Thread 0x0000017156ada750 7662       3       org.gradle.internal.service.DefaultServiceRegistry$ClassInspector$ClassDetails::hasAnnotation (44 bytes)
Event: 133.129 Thread 0x0000017156ada750 nmethod 7662 0x000001714073e390 code [0x000001714073e580, 0x000001714073ea68]
Event: 133.129 Thread 0x0000017151914b10 nmethod 7657 0x0000017148325290 code [0x0000017148325420, 0x0000017148325678]
Event: 133.130 Thread 0x0000017151914b10 7658       4       jdk.internal.org.objectweb.asm.Frame::merge (320 bytes)
Event: 133.165 Thread 0x0000017151914b10 nmethod 7658 0x000001714827d010 code [0x000001714827d1e0, 0x000001714827d708]
Event: 133.178 Thread 0x0000017151914b10 7663       4       jdk.internal.org.objectweb.asm.Frame::execute (2318 bytes)
Event: 133.184 Thread 0x0000017156ada750 7664   !   3       java.lang.reflect.Proxy$ProxyBuilder::ensureVisible (65 bytes)
Event: 133.186 Thread 0x0000017156ada750 nmethod 7664 0x00000171409d4f90 code [0x00000171409d5220, 0x00000171409d5c78]
Event: 133.202 Thread 0x0000017156ada750 7666       3       jdk.internal.misc.VM::isSystemDomainLoader (17 bytes)
Event: 133.204 Thread 0x0000017156ada750 nmethod 7666 0x0000017140a92b10 code [0x0000017140a92d60, 0x0000017140a937f8]

GC Heap History (20 events):
Event: 120.984 GC heap before
{Heap before GC invocations=74 (full 9):
 PSYoungGen      total 16384K, used 16360K [0x00000000eab00000, 0x00000000ebf80000, 0x0000000100000000)
  eden space 12288K, 100% used [0x00000000eab00000,0x00000000eb700000,0x00000000eb700000)
  from space 4096K, 99% used [0x00000000eb780000,0x00000000ebb7a390,0x00000000ebb80000)
  to   space 3072K, 0% used [0x00000000ebc80000,0x00000000ebc80000,0x00000000ebf80000)
 ParOldGen       total 194560K, used 144283K [0x00000000c0000000, 0x00000000cbe00000, 0x00000000eab00000)
  object space 194560K, 74% used [0x00000000c0000000,0x00000000c8ce6fd0,0x00000000cbe00000)
 Metaspace       used 61480K, committed 62528K, reserved 1114112K
  class space    used 6802K, committed 7232K, reserved 1048576K
}
Event: 121.021 GC heap after
{Heap after GC invocations=74 (full 9):
 PSYoungGen      total 15872K, used 2758K [0x00000000eab00000, 0x00000000ebf80000, 0x0000000100000000)
  eden space 12800K, 0% used [0x00000000eab00000,0x00000000eab00000,0x00000000eb780000)
  from space 3072K, 89% used [0x00000000ebc80000,0x00000000ebf31b60,0x00000000ebf80000)
  to   space 4096K, 0% used [0x00000000eb780000,0x00000000eb780000,0x00000000ebb80000)
 ParOldGen       total 194560K, used 148244K [0x00000000c0000000, 0x00000000cbe00000, 0x00000000eab00000)
  object space 194560K, 76% used [0x00000000c0000000,0x00000000c90c5180,0x00000000cbe00000)
 Metaspace       used 61480K, committed 62528K, reserved 1114112K
  class space    used 6802K, committed 7232K, reserved 1048576K
}
Event: 122.686 GC heap before
{Heap before GC invocations=75 (full 9):
 PSYoungGen      total 15872K, used 15558K [0x00000000eab00000, 0x00000000ebf80000, 0x0000000100000000)
  eden space 12800K, 100% used [0x00000000eab00000,0x00000000eb780000,0x00000000eb780000)
  from space 3072K, 89% used [0x00000000ebc80000,0x00000000ebf31b60,0x00000000ebf80000)
  to   space 4096K, 0% used [0x00000000eb780000,0x00000000eb780000,0x00000000ebb80000)
 ParOldGen       total 194560K, used 148244K [0x00000000c0000000, 0x00000000cbe00000, 0x00000000eab00000)
  object space 194560K, 76% used [0x00000000c0000000,0x00000000c90c5180,0x00000000cbe00000)
 Metaspace       used 61481K, committed 62528K, reserved 1114112K
  class space    used 6802K, committed 7232K, reserved 1048576K
}
Event: 122.695 GC heap after
{Heap after GC invocations=75 (full 9):
 PSYoungGen      total 16896K, used 4087K [0x00000000eab00000, 0x00000000ebf80000, 0x0000000100000000)
  eden space 12800K, 0% used [0x00000000eab00000,0x00000000eab00000,0x00000000eb780000)
  from space 4096K, 99% used [0x00000000eb780000,0x00000000ebb7df58,0x00000000ebb80000)
  to   space 3072K, 0% used [0x00000000ebc80000,0x00000000ebc80000,0x00000000ebf80000)
 ParOldGen       total 194560K, used 149099K [0x00000000c0000000, 0x00000000cbe00000, 0x00000000eab00000)
  object space 194560K, 76% used [0x00000000c0000000,0x00000000c919af88,0x00000000cbe00000)
 Metaspace       used 61481K, committed 62528K, reserved 1114112K
  class space    used 6802K, committed 7232K, reserved 1048576K
}
Event: 123.955 GC heap before
{Heap before GC invocations=76 (full 9):
 PSYoungGen      total 16896K, used 16886K [0x00000000eab00000, 0x00000000ebf80000, 0x0000000100000000)
  eden space 12800K, 99% used [0x00000000eab00000,0x00000000eb77fb68,0x00000000eb780000)
  from space 4096K, 99% used [0x00000000eb780000,0x00000000ebb7df58,0x00000000ebb80000)
  to   space 3072K, 0% used [0x00000000ebc80000,0x00000000ebc80000,0x00000000ebf80000)
 ParOldGen       total 194560K, used 149099K [0x00000000c0000000, 0x00000000cbe00000, 0x00000000eab00000)
  object space 194560K, 76% used [0x00000000c0000000,0x00000000c919af88,0x00000000cbe00000)
 Metaspace       used 61484K, committed 62528K, reserved 1114112K
  class space    used 6802K, committed 7232K, reserved 1048576K
}
Event: 123.969 GC heap after
{Heap after GC invocations=76 (full 9):
 PSYoungGen      total 16384K, used 2665K [0x00000000eab00000, 0x00000000ebf80000, 0x0000000100000000)
  eden space 13312K, 0% used [0x00000000eab00000,0x00000000eab00000,0x00000000eb800000)
  from space 3072K, 86% used [0x00000000ebc80000,0x00000000ebf1a540,0x00000000ebf80000)
  to   space 3584K, 0% used [0x00000000eb880000,0x00000000eb880000,0x00000000ebc00000)
 ParOldGen       total 194560K, used 153023K [0x00000000c0000000, 0x00000000cbe00000, 0x00000000eab00000)
  object space 194560K, 78% used [0x00000000c0000000,0x00000000c956fdd8,0x00000000cbe00000)
 Metaspace       used 61484K, committed 62528K, reserved 1114112K
  class space    used 6802K, committed 7232K, reserved 1048576K
}
Event: 125.916 GC heap before
{Heap before GC invocations=77 (full 9):
 PSYoungGen      total 16384K, used 15957K [0x00000000eab00000, 0x00000000ebf80000, 0x0000000100000000)
  eden space 13312K, 99% used [0x00000000eab00000,0x00000000eb7faf88,0x00000000eb800000)
  from space 3072K, 86% used [0x00000000ebc80000,0x00000000ebf1a540,0x00000000ebf80000)
  to   space 3584K, 0% used [0x00000000eb880000,0x00000000eb880000,0x00000000ebc00000)
 ParOldGen       total 194560K, used 153023K [0x00000000c0000000, 0x00000000cbe00000, 0x00000000eab00000)
  object space 194560K, 78% used [0x00000000c0000000,0x00000000c956fdd8,0x00000000cbe00000)
 Metaspace       used 61493K, committed 62528K, reserved 1114112K
  class space    used 6802K, committed 7232K, reserved 1048576K
}
Event: 125.922 GC heap after
{Heap after GC invocations=77 (full 9):
 PSYoungGen      total 17408K, used 3568K [0x00000000eab00000, 0x00000000ec380000, 0x0000000100000000)
  eden space 13824K, 0% used [0x00000000eab00000,0x00000000eab00000,0x00000000eb880000)
  from space 3584K, 99% used [0x00000000eb880000,0x00000000ebbfc298,0x00000000ebc00000)
  to   space 5632K, 0% used [0x00000000ebe00000,0x00000000ebe00000,0x00000000ec380000)
 ParOldGen       total 194560K, used 154429K [0x00000000c0000000, 0x00000000cbe00000, 0x00000000eab00000)
  object space 194560K, 79% used [0x00000000c0000000,0x00000000c96cf410,0x00000000cbe00000)
 Metaspace       used 61493K, committed 62528K, reserved 1114112K
  class space    used 6802K, committed 7232K, reserved 1048576K
}
Event: 129.746 GC heap before
{Heap before GC invocations=78 (full 9):
 PSYoungGen      total 17408K, used 17392K [0x00000000eab00000, 0x00000000ec380000, 0x0000000100000000)
  eden space 13824K, 100% used [0x00000000eab00000,0x00000000eb880000,0x00000000eb880000)
  from space 3584K, 99% used [0x00000000eb880000,0x00000000ebbfc298,0x00000000ebc00000)
  to   space 5632K, 0% used [0x00000000ebe00000,0x00000000ebe00000,0x00000000ec380000)
 ParOldGen       total 194560K, used 154429K [0x00000000c0000000, 0x00000000cbe00000, 0x00000000eab00000)
  object space 194560K, 79% used [0x00000000c0000000,0x00000000c96cf410,0x00000000cbe00000)
 Metaspace       used 61514K, committed 62528K, reserved 1114112K
  class space    used 6803K, committed 7232K, reserved 1048576K
}
Event: 129.759 GC heap after
{Heap after GC invocations=78 (full 9):
 PSYoungGen      total 18944K, used 4394K [0x00000000eab00000, 0x00000000ec280000, 0x0000000100000000)
  eden space 14336K, 0% used [0x00000000eab00000,0x00000000eab00000,0x00000000eb900000)
  from space 4608K, 95% used [0x00000000ebe00000,0x00000000ec24a9e0,0x00000000ec280000)
  to   space 4608K, 0% used [0x00000000eb980000,0x00000000eb980000,0x00000000ebe00000)
 ParOldGen       total 194560K, used 157914K [0x00000000c0000000, 0x00000000cbe00000, 0x00000000eab00000)
  object space 194560K, 81% used [0x00000000c0000000,0x00000000c9a368d8,0x00000000cbe00000)
 Metaspace       used 61514K, committed 62528K, reserved 1114112K
  class space    used 6803K, committed 7232K, reserved 1048576K
}
Event: 130.827 GC heap before
{Heap before GC invocations=79 (full 9):
 PSYoungGen      total 18944K, used 18730K [0x00000000eab00000, 0x00000000ec280000, 0x0000000100000000)
  eden space 14336K, 100% used [0x00000000eab00000,0x00000000eb900000,0x00000000eb900000)
  from space 4608K, 95% used [0x00000000ebe00000,0x00000000ec24a9e0,0x00000000ec280000)
  to   space 4608K, 0% used [0x00000000eb980000,0x00000000eb980000,0x00000000ebe00000)
 ParOldGen       total 194560K, used 157914K [0x00000000c0000000, 0x00000000cbe00000, 0x00000000eab00000)
  object space 194560K, 81% used [0x00000000c0000000,0x00000000c9a368d8,0x00000000cbe00000)
 Metaspace       used 61668K, committed 62720K, reserved 1114112K
  class space    used 6839K, committed 7296K, reserved 1048576K
}
Event: 130.837 GC heap after
{Heap after GC invocations=79 (full 9):
 PSYoungGen      total 18944K, used 4599K [0x00000000eab00000, 0x00000000ec280000, 0x0000000100000000)
  eden space 14336K, 0% used [0x00000000eab00000,0x00000000eab00000,0x00000000eb900000)
  from space 4608K, 99% used [0x00000000eb980000,0x00000000ebdfdfb8,0x00000000ebe00000)
  to   space 4608K, 0% used [0x00000000ebe00000,0x00000000ebe00000,0x00000000ec280000)
 ParOldGen       total 194560K, used 160172K [0x00000000c0000000, 0x00000000cbe00000, 0x00000000eab00000)
  object space 194560K, 82% used [0x00000000c0000000,0x00000000c9c6b098,0x00000000cbe00000)
 Metaspace       used 61668K, committed 62720K, reserved 1114112K
  class space    used 6839K, committed 7296K, reserved 1048576K
}
Event: 131.337 GC heap before
{Heap before GC invocations=80 (full 9):
 PSYoungGen      total 18944K, used 18935K [0x00000000eab00000, 0x00000000ec280000, 0x0000000100000000)
  eden space 14336K, 100% used [0x00000000eab00000,0x00000000eb900000,0x00000000eb900000)
  from space 4608K, 99% used [0x00000000eb980000,0x00000000ebdfdfb8,0x00000000ebe00000)
  to   space 4608K, 0% used [0x00000000ebe00000,0x00000000ebe00000,0x00000000ec280000)
 ParOldGen       total 194560K, used 160172K [0x00000000c0000000, 0x00000000cbe00000, 0x00000000eab00000)
  object space 194560K, 82% used [0x00000000c0000000,0x00000000c9c6b098,0x00000000cbe00000)
 Metaspace       used 61757K, committed 62784K, reserved 1114112K
  class space    used 6859K, committed 7296K, reserved 1048576K
}
Event: 131.349 GC heap after
{Heap after GC invocations=80 (full 9):
 PSYoungGen      total 19456K, used 3144K [0x00000000eab00000, 0x00000000ec280000, 0x0000000100000000)
  eden space 14848K, 0% used [0x00000000eab00000,0x00000000eab00000,0x00000000eb980000)
  from space 4608K, 68% used [0x00000000ebe00000,0x00000000ec1123f8,0x00000000ec280000)
  to   space 4608K, 0% used [0x00000000eb980000,0x00000000eb980000,0x00000000ebe00000)
 ParOldGen       total 194560K, used 164604K [0x00000000c0000000, 0x00000000cbe00000, 0x00000000eab00000)
  object space 194560K, 84% used [0x00000000c0000000,0x00000000ca0bf3d8,0x00000000cbe00000)
 Metaspace       used 61757K, committed 62784K, reserved 1114112K
  class space    used 6859K, committed 7296K, reserved 1048576K
}
Event: 131.685 GC heap before
{Heap before GC invocations=81 (full 9):
 PSYoungGen      total 19456K, used 17992K [0x00000000eab00000, 0x00000000ec280000, 0x0000000100000000)
  eden space 14848K, 100% used [0x00000000eab00000,0x00000000eb980000,0x00000000eb980000)
  from space 4608K, 68% used [0x00000000ebe00000,0x00000000ec1123f8,0x00000000ec280000)
  to   space 4608K, 0% used [0x00000000eb980000,0x00000000eb980000,0x00000000ebe00000)
 ParOldGen       total 194560K, used 164604K [0x00000000c0000000, 0x00000000cbe00000, 0x00000000eab00000)
  object space 194560K, 84% used [0x00000000c0000000,0x00000000ca0bf3d8,0x00000000cbe00000)
 Metaspace       used 61797K, committed 62848K, reserved 1114112K
  class space    used 6876K, committed 7360K, reserved 1048576K
}
Event: 131.695 GC heap after
{Heap after GC invocations=81 (full 9):
 PSYoungGen      total 19456K, used 4593K [0x00000000eab00000, 0x00000000ec280000, 0x0000000100000000)
  eden space 14848K, 0% used [0x00000000eab00000,0x00000000eab00000,0x00000000eb980000)
  from space 4608K, 99% used [0x00000000eb980000,0x00000000ebdfc7a0,0x00000000ebe00000)
  to   space 4608K, 0% used [0x00000000ebe00000,0x00000000ebe00000,0x00000000ec280000)
 ParOldGen       total 194560K, used 166435K [0x00000000c0000000, 0x00000000cbe00000, 0x00000000eab00000)
  object space 194560K, 85% used [0x00000000c0000000,0x00000000ca288d90,0x00000000cbe00000)
 Metaspace       used 61797K, committed 62848K, reserved 1114112K
  class space    used 6876K, committed 7360K, reserved 1048576K
}
Event: 131.951 GC heap before
{Heap before GC invocations=82 (full 9):
 PSYoungGen      total 19456K, used 19441K [0x00000000eab00000, 0x00000000ec280000, 0x0000000100000000)
  eden space 14848K, 100% used [0x00000000eab00000,0x00000000eb980000,0x00000000eb980000)
  from space 4608K, 99% used [0x00000000eb980000,0x00000000ebdfc7a0,0x00000000ebe00000)
  to   space 4608K, 0% used [0x00000000ebe00000,0x00000000ebe00000,0x00000000ec280000)
 ParOldGen       total 194560K, used 166435K [0x00000000c0000000, 0x00000000cbe00000, 0x00000000eab00000)
  object space 194560K, 85% used [0x00000000c0000000,0x00000000ca288d90,0x00000000cbe00000)
 Metaspace       used 61820K, committed 62912K, reserved 1114112K
  class space    used 6881K, committed 7360K, reserved 1048576K
}
Event: 131.963 GC heap after
{Heap after GC invocations=82 (full 9):
 PSYoungGen      total 19456K, used 3736K [0x00000000eab00000, 0x00000000ec280000, 0x0000000100000000)
  eden space 14848K, 0% used [0x00000000eab00000,0x00000000eab00000,0x00000000eb980000)
  from space 4608K, 81% used [0x00000000ebe00000,0x00000000ec1a61a8,0x00000000ec280000)
  to   space 4608K, 0% used [0x00000000eb980000,0x00000000eb980000,0x00000000ebe00000)
 ParOldGen       total 194560K, used 170846K [0x00000000c0000000, 0x00000000cbe00000, 0x00000000eab00000)
  object space 194560K, 87% used [0x00000000c0000000,0x00000000ca6d7b68,0x00000000cbe00000)
 Metaspace       used 61820K, committed 62912K, reserved 1114112K
  class space    used 6881K, committed 7360K, reserved 1048576K
}
Event: 132.704 GC heap before
{Heap before GC invocations=83 (full 9):
 PSYoungGen      total 19456K, used 18584K [0x00000000eab00000, 0x00000000ec280000, 0x0000000100000000)
  eden space 14848K, 100% used [0x00000000eab00000,0x00000000eb980000,0x00000000eb980000)
  from space 4608K, 81% used [0x00000000ebe00000,0x00000000ec1a61a8,0x00000000ec280000)
  to   space 4608K, 0% used [0x00000000eb980000,0x00000000eb980000,0x00000000ebe00000)
 ParOldGen       total 194560K, used 170846K [0x00000000c0000000, 0x00000000cbe00000, 0x00000000eab00000)
  object space 194560K, 87% used [0x00000000c0000000,0x00000000ca6d7b68,0x00000000cbe00000)
 Metaspace       used 62173K, committed 63232K, reserved 1114112K
  class space    used 6948K, committed 7424K, reserved 1048576K
}
Event: 132.715 GC heap after
{Heap after GC invocations=83 (full 9):
 PSYoungGen      total 19456K, used 4576K [0x00000000eab00000, 0x00000000ec280000, 0x0000000100000000)
  eden space 14848K, 0% used [0x00000000eab00000,0x00000000eab00000,0x00000000eb980000)
  from space 4608K, 99% used [0x00000000eb980000,0x00000000ebdf81e0,0x00000000ebe00000)
  to   space 4608K, 0% used [0x00000000ebe00000,0x00000000ebe00000,0x00000000ec280000)
 ParOldGen       total 194560K, used 172529K [0x00000000c0000000, 0x00000000cbe00000, 0x00000000eab00000)
  object space 194560K, 88% used [0x00000000c0000000,0x00000000ca87c6b0,0x00000000cbe00000)
 Metaspace       used 62173K, committed 63232K, reserved 1114112K
  class space    used 6948K, committed 7424K, reserved 1048576K
}

Dll operation events (13 events):
Event: 0.297 Loaded shared library c:\Users\Duy\.cursor\extensions\redhat.java-1.36.0-win32-x64\jre\17.0.13-win32-x86_64\bin\java.dll
Event: 1.061 Loaded shared library c:\Users\Duy\.cursor\extensions\redhat.java-1.36.0-win32-x64\jre\17.0.13-win32-x86_64\bin\zip.dll
Event: 1.090 Loaded shared library C:\Users\Duy\.cursor\extensions\redhat.java-1.36.0-win32-x64\jre\17.0.13-win32-x86_64\bin\instrument.dll
Event: 1.218 Loaded shared library C:\Users\Duy\.cursor\extensions\redhat.java-1.36.0-win32-x64\jre\17.0.13-win32-x86_64\bin\net.dll
Event: 1.223 Loaded shared library C:\Users\Duy\.cursor\extensions\redhat.java-1.36.0-win32-x64\jre\17.0.13-win32-x86_64\bin\nio.dll
Event: 1.268 Loaded shared library C:\Users\Duy\.cursor\extensions\redhat.java-1.36.0-win32-x64\jre\17.0.13-win32-x86_64\bin\zip.dll
Event: 1.373 Loaded shared library C:\Users\Duy\.cursor\extensions\redhat.java-1.36.0-win32-x64\jre\17.0.13-win32-x86_64\bin\jimage.dll
Event: 1.649 Loaded shared library c:\Users\Duy\.cursor\extensions\redhat.java-1.36.0-win32-x64\jre\17.0.13-win32-x86_64\bin\verify.dll
Event: 14.900 Loaded shared library C:\Users\Duy\AppData\Roaming\Cursor\User\globalStorage\redhat.java\1.36.0\config_win\org.eclipse.equinox.launcher\org.eclipse.equinox.launcher.win32.win32.x86_64_1.2.1100.v20240722-2106\eclipse_11904.dll
Event: 34.582 Loaded shared library C:\Users\Duy\AppData\Local\Temp\jna-69096\jna12182807382473422844.dll
Event: 51.703 Loaded shared library C:\Users\Duy\.cursor\extensions\redhat.java-1.36.0-win32-x64\jre\17.0.13-win32-x86_64\bin\management.dll
Event: 52.537 Loaded shared library C:\Users\Duy\.cursor\extensions\redhat.java-1.36.0-win32-x64\jre\17.0.13-win32-x86_64\bin\management_ext.dll
Event: 103.955 Loaded shared library C:\Users\Duy\.gradle\native\c067742578af261105cb4f569cf0c3c89f3d7b1fecec35dd04571415982c5e48\windows-amd64\native-platform.dll

Deoptimization events (20 events):
Event: 116.389 Thread 0x00000171570b5f10 Uncommon trap: trap_request=0xffffff45 fr.pc=0x000001714867ac84 relative=0x0000000000001b04
Event: 116.389 Thread 0x00000171570b5f10 Uncommon trap: reason=unstable_if action=reinterpret pc=0x000001714867ac84 method=org.eclipse.jdt.internal.compiler.parser.Scanner.internalScanIdentifierOrKeyword(II[C)I @ 316 c2
Event: 116.389 Thread 0x00000171570b5f10 DEOPT PACKING pc=0x000001714867ac84 sp=0x000000675cdfec60
Event: 116.389 Thread 0x00000171570b5f10 DEOPT UNPACKING pc=0x0000017147cb669d sp=0x000000675cdfebf8 mode 2
Event: 119.793 Thread 0x00000171570b5f10 Uncommon trap: trap_request=0xffffff45 fr.pc=0x0000017148652580 relative=0x0000000000004320
Event: 119.793 Thread 0x00000171570b5f10 Uncommon trap: reason=unstable_if action=reinterpret pc=0x0000017148652580 method=org.eclipse.jdt.internal.core.search.indexing.BinaryContainer.isValidPackageNameForClassOrisModule(Ljava/lang/String;)Z @ 27 c2
Event: 119.793 Thread 0x00000171570b5f10 DEOPT PACKING pc=0x0000017148652580 sp=0x000000675cdfec60
Event: 119.793 Thread 0x00000171570b5f10 DEOPT UNPACKING pc=0x0000017147cb669d sp=0x000000675cdfebe0 mode 2
Event: 126.015 Thread 0x0000017158d21810 Uncommon trap: trap_request=0xffffff6e fr.pc=0x00000171485e1230 relative=0x00000000000007d0
Event: 126.015 Thread 0x0000017158d21810 Uncommon trap: reason=loop_limit_check action=maybe_recompile pc=0x00000171485e1230 method=java.util.jar.JarFile.match([B[B[B[B)I @ 18 c2
Event: 126.015 Thread 0x0000017158d21810 DEOPT PACKING pc=0x00000171485e1230 sp=0x000000675ddfc040
Event: 126.015 Thread 0x0000017158d21810 DEOPT UNPACKING pc=0x0000017147cb669d sp=0x000000675ddfbf30 mode 2
Event: 126.732 Thread 0x0000017158d21810 DEOPT PACKING pc=0x0000017141456807 sp=0x000000675ddfbba0
Event: 126.732 Thread 0x0000017158d21810 DEOPT UNPACKING pc=0x0000017147cb6e24 sp=0x000000675ddfb120 mode 0
Event: 126.818 Thread 0x0000017158d21810 Uncommon trap: trap_request=0x00000054 fr.pc=0x00000171485eb928 relative=0x0000000000000168
Event: 126.818 Thread 0x0000017158d21810 Uncommon trap: reason=unloaded action=reinterpret pc=0x00000171485eb928 method=java.security.AccessController.wrapException(Ljava/lang/Exception;)Ljava/security/PrivilegedActionException; @ 0 c2
Event: 126.818 Thread 0x0000017158d21810 DEOPT PACKING pc=0x00000171485eb928 sp=0x000000675ddfc2a0
Event: 126.818 Thread 0x0000017158d21810 DEOPT UNPACKING pc=0x0000017147cb669d sp=0x000000675ddfc168 mode 2
Event: 129.999 Thread 0x0000017158d21810 DEOPT PACKING pc=0x00000171408a4960 sp=0x000000675ddf9ef0
Event: 130.001 Thread 0x0000017158d21810 DEOPT UNPACKING pc=0x0000017147cb6e24 sp=0x000000675ddf9408 mode 0

Classes loaded (20 events):
Event: 83.791 Loading class java/nio/file/FileChannelLinesSpliterator
Event: 83.795 Loading class java/nio/file/FileChannelLinesSpliterator done
Event: 83.797 Loading class java/util/stream/Streams$1
Event: 83.850 Loading class java/util/stream/Streams$1 done
Event: 83.852 Loading class java/nio/file/FileChannelLinesSpliterator$1
Event: 83.852 Loading class java/nio/file/FileChannelLinesSpliterator$1 done
Event: 86.234 Loading class java/util/concurrent/CopyOnWriteArraySet
Event: 86.238 Loading class java/util/concurrent/CopyOnWriteArraySet done
Event: 87.019 Loading class java/util/concurrent/ArrayBlockingQueue
Event: 87.032 Loading class java/util/concurrent/ArrayBlockingQueue done
Event: 89.287 Loading class java/net/HttpURLConnection
Event: 89.290 Loading class java/net/HttpURLConnection done
Event: 89.883 Loading class java/io/FileFilter
Event: 89.883 Loading class java/io/FileFilter done
Event: 90.172 Loading class java/util/concurrent/ConcurrentHashMap$ValueSpliterator
Event: 90.182 Loading class java/util/concurrent/ConcurrentHashMap$ValueSpliterator done
Event: 90.205 Loading class jdk/internal/loader/BootLoader$PackageHelper
Event: 90.206 Loading class jdk/internal/loader/BootLoader$PackageHelper done
Event: 133.128 Loading class java/lang/FunctionalInterface
Event: 133.168 Loading class java/lang/FunctionalInterface done

Classes unloaded (7 events):
Event: 46.242 Thread 0x000001713db29470 Unloading class 0x0000000100252000 'java/lang/invoke/LambdaForm$MH+0x0000000100252000'
Event: 46.242 Thread 0x000001713db29470 Unloading class 0x0000000100251c00 'java/lang/invoke/LambdaForm$MH+0x0000000100251c00'
Event: 46.242 Thread 0x000001713db29470 Unloading class 0x0000000100251800 'java/lang/invoke/LambdaForm$MH+0x0000000100251800'
Event: 46.242 Thread 0x000001713db29470 Unloading class 0x0000000100251400 'java/lang/invoke/LambdaForm$MH+0x0000000100251400'
Event: 46.242 Thread 0x000001713db29470 Unloading class 0x0000000100251000 'java/lang/invoke/LambdaForm$BMH+0x0000000100251000'
Event: 46.242 Thread 0x000001713db29470 Unloading class 0x0000000100250c00 'java/lang/invoke/LambdaForm$DMH+0x0000000100250c00'
Event: 46.242 Thread 0x000001713db29470 Unloading class 0x000000010024c400 'java/lang/invoke/LambdaForm$DMH+0x000000010024c400'

Classes redefined (0 events):
No events

Internal exceptions (20 events):
Event: 74.347 Thread 0x00000171570b7d70 Exception <a 'sun/nio/fs/WindowsException'{0x00000000ebbed9f8}> (0x00000000ebbed9f8) 
thrown [s\src\hotspot\share\prims\jni.cpp, line 516]
Event: 74.347 Thread 0x00000171570b7d70 Exception <a 'sun/nio/fs/WindowsException'{0x00000000ebbee2d8}> (0x00000000ebbee2d8) 
thrown [s\src\hotspot\share\prims\jni.cpp, line 516]
Event: 74.375 Thread 0x00000171570b7d70 Exception <a 'java/lang/NoSuchMethodError'{0x00000000ebddef00}: 'java.lang.Object java.lang.invoke.DirectMethodHandle$Holder.newInvokeSpecial(java.lang.Object, java.lang.Object, java.lang.Object, java.lang.Object, java.lang.Object, java.lang.Object)'> (0x00000000ebddef00) 
thrown [s\src\hotspot\share\interpreter\linkResolver.cpp, line 759]
Event: 79.233 Thread 0x00000171570b7d70 Exception <a 'java/io/FileNotFoundException'{0x00000000eacbb2e8}> (0x00000000eacbb2e8) 
thrown [s\src\hotspot\share\prims\jni.cpp, line 516]
Event: 79.234 Thread 0x00000171570b7d70 Exception <a 'java/io/FileNotFoundException'{0x00000000eacbc2d0}> (0x00000000eacbc2d0) 
thrown [s\src\hotspot\share\prims\jni.cpp, line 516]
Event: 79.235 Thread 0x00000171570b7d70 Exception <a 'java/io/FileNotFoundException'{0x00000000eacbda88}> (0x00000000eacbda88) 
thrown [s\src\hotspot\share\prims\jni.cpp, line 516]
Event: 79.235 Thread 0x00000171570b7d70 Exception <a 'java/io/FileNotFoundException'{0x00000000eacbed40}> (0x00000000eacbed40) 
thrown [s\src\hotspot\share\prims\jni.cpp, line 516]
Event: 79.236 Thread 0x00000171570b7d70 Exception <a 'java/io/FileNotFoundException'{0x00000000eacbfd48}> (0x00000000eacbfd48) 
thrown [s\src\hotspot\share\prims\jni.cpp, line 516]
Event: 80.160 Thread 0x00000171570b7d70 Exception <a 'java/lang/NoSuchMethodError'{0x00000000eb4106e8}: 'java.lang.Object java.lang.invoke.DirectMethodHandle$Holder.invokeVirtual(java.lang.Object, java.lang.Object, java.lang.Object)'> (0x00000000eb4106e8) 
thrown [s\src\hotspot\share\interpreter\linkResolver.cpp, line 759]
Event: 80.270 Thread 0x00000171570b7d70 Exception <a 'java/lang/NoSuchMethodError'{0x00000000eb529f28}: 'int java.lang.invoke.DirectMethodHandle$Holder.invokeSpecialIFC(java.lang.Object, java.lang.Object, java.lang.Object, java.lang.Object)'> (0x00000000eb529f28) 
thrown [s\src\hotspot\share\interpreter\linkResolver.cpp, line 759]
Event: 82.591 Thread 0x00000171570b5f10 Implicit null exception at 0x0000017148510b2c to 0x0000017148510c1c
Event: 82.901 Thread 0x00000171570b7d70 Exception <a 'sun/nio/fs/WindowsException'{0x00000000ead3b438}> (0x00000000ead3b438) 
thrown [s\src\hotspot\share\prims\jni.cpp, line 516]
Event: 82.901 Thread 0x00000171570b7d70 Exception <a 'sun/nio/fs/WindowsException'{0x00000000ead3ba70}> (0x00000000ead3ba70) 
thrown [s\src\hotspot\share\prims\jni.cpp, line 516]
Event: 83.453 Thread 0x0000017158d21300 Exception <a 'java/lang/NoSuchMethodError'{0x00000000eb3266c8}: 'int java.lang.invoke.DirectMethodHandle$Holder.invokeInterface(java.lang.Object, java.lang.Object)'> (0x00000000eb3266c8) 
thrown [s\src\hotspot\share\interpreter\linkResolver.cpp, line 759]
Event: 83.454 Thread 0x0000017158d21300 Exception <a 'java/lang/IncompatibleClassChangeError'{0x00000000eb3a32c8}: Found class java.lang.Object, but interface was expected> (0x00000000eb3a32c8) 
thrown [s\src\hotspot\share\interpreter\linkResolver.cpp, line 826]
Event: 83.731 Thread 0x0000017158d21300 Exception <a 'sun/nio/fs/WindowsException'{0x00000000eb7bf330}> (0x00000000eb7bf330) 
thrown [s\src\hotspot\share\prims\jni.cpp, line 516]
Event: 83.731 Thread 0x0000017158d21300 Exception <a 'sun/nio/fs/WindowsException'{0x00000000eb7bfb98}> (0x00000000eb7bfb98) 
thrown [s\src\hotspot\share\prims\jni.cpp, line 516]
Event: 94.438 Thread 0x00000171570b5f10 Implicit null exception at 0x00000171485b711c to 0x00000171485bb2b4
Event: 103.617 Thread 0x0000017158d21810 Exception <a 'java/lang/NoSuchMethodError'{0x00000000eb206730}: 'java.lang.Object java.lang.invoke.DirectMethodHandle$Holder.invokeVirtual(java.lang.Object, java.lang.Object, java.lang.Object, java.lang.Object, java.lang.Object, java.lang.Object, java.lang.Object)'> (0x00000000eb206730) 
thrown [s\src\hotspot\share\interpreter\linkResolver.cpp, line 759]
Event: 103.631 Thread 0x0000017158d21810 Exception <a 'java/lang/NoSuchMethodError'{0x00000000eb263558}: 'java.lang.Object java.lang.invoke.Invokers$Holder.invoker(java.lang.Object, java.lang.Object, java.lang.Object)'> (0x00000000eb263558) 
thrown [s\src\hotspot\share\interpreter\linkResolver.cpp, line 759]

VM Operations (20 events):
Event: 130.763 Executing VM operation: Cleanup
Event: 130.779 Executing VM operation: Cleanup done
Event: 130.815 Executing VM operation: ParallelGCFailedAllocation
Event: 130.837 Executing VM operation: ParallelGCFailedAllocation done
Event: 131.337 Executing VM operation: ParallelGCFailedAllocation
Event: 131.350 Executing VM operation: ParallelGCFailedAllocation done
Event: 131.669 Executing VM operation: ParallelGCFailedAllocation
Event: 131.695 Executing VM operation: ParallelGCFailedAllocation done
Event: 131.812 Executing VM operation: HandshakeAllThreads
Event: 131.842 Executing VM operation: HandshakeAllThreads done
Event: 131.921 Executing VM operation: ParallelGCFailedAllocation
Event: 131.963 Executing VM operation: ParallelGCFailedAllocation done
Event: 132.599 Executing VM operation: HandshakeAllThreads
Event: 132.620 Executing VM operation: HandshakeAllThreads done
Event: 132.620 Executing VM operation: HandshakeAllThreads
Event: 132.636 Executing VM operation: HandshakeAllThreads done
Event: 132.703 Executing VM operation: ParallelGCFailedAllocation
Event: 132.715 Executing VM operation: ParallelGCFailedAllocation done
Event: 132.914 Executing VM operation: HandshakeAllThreads
Event: 132.934 Executing VM operation: HandshakeAllThreads done

Memory protections (0 events):
No events

Nmethod flushes (20 events):
Event: 132.993 Thread 0x0000017156add420 flushing osr nmethod 0x000001714144d490
Event: 132.993 Thread 0x0000017156add420 flushing  nmethod 0x0000017141451f10
Event: 132.993 Thread 0x0000017156add420 flushing  nmethod 0x0000017141453810
Event: 132.993 Thread 0x0000017156add420 flushing  nmethod 0x0000017141458090
Event: 132.993 Thread 0x0000017156add420 flushing  nmethod 0x000001714145aa10
Event: 132.993 Thread 0x0000017156add420 flushing  nmethod 0x000001714145b090
Event: 132.993 Thread 0x0000017156add420 flushing  nmethod 0x000001714145d610
Event: 132.993 Thread 0x0000017156add420 flushing  nmethod 0x000001714145f910
Event: 132.993 Thread 0x0000017156add420 flushing  nmethod 0x0000017141463990
Event: 132.993 Thread 0x0000017156add420 flushing  nmethod 0x0000017141467b10
Event: 132.993 Thread 0x0000017156add420 flushing  nmethod 0x0000017141470d90
Event: 132.993 Thread 0x0000017156add420 flushing  nmethod 0x0000017141476910
Event: 132.993 Thread 0x0000017156add420 flushing  nmethod 0x000001714147c290
Event: 132.994 Thread 0x0000017156add420 flushing  nmethod 0x000001714148c210
Event: 132.994 Thread 0x0000017156add420 flushing  nmethod 0x000001714149e090
Event: 132.994 Thread 0x0000017156add420 flushing  nmethod 0x000001714149ef10
Event: 132.994 Thread 0x0000017156add420 flushing  nmethod 0x00000171414b0390
Event: 132.994 Thread 0x0000017156add420 flushing  nmethod 0x00000171414b4290
Event: 132.994 Thread 0x0000017156add420 flushing  nmethod 0x00000171414b4a10
Event: 132.994 Thread 0x0000017156add420 flushing  nmethod 0x00000171414b9910

Events (20 events):
Event: 34.816 Thread 0x0000017156e43dc0 Thread added: 0x00000171570b54f0
Event: 35.070 Thread 0x0000017156e43dc0 Thread added: 0x00000171570b7d70
Event: 35.642 Thread 0x0000017156e43dc0 Thread added: 0x00000171570b5a00
Event: 35.643 Thread 0x0000017156e43dc0 Thread added: 0x00000171570b5f10
Event: 42.009 Thread 0x00000171570b5a00 Thread added: 0x00000171570b7860
Event: 42.145 Thread 0x00000171570b7860 Thread added: 0x00000171570b6930
Event: 45.950 Thread 0x00000171570b5f10 Thread exited: 0x00000171570b5f10
Event: 51.109 Thread 0x0000017156e43dc0 Thread added: 0x00000171570b5f10
Event: 57.021 Thread 0x000001713da9cce0 Thread added: 0x00000171570b7350
Event: 57.035 Thread 0x000001713da9cce0 Thread added: 0x0000017158d1e570
Event: 57.035 Thread 0x000001713da9cce0 Thread added: 0x0000017158d1ea80
Event: 57.035 Thread 0x000001713da9cce0 Thread added: 0x0000017158d208e0
Event: 57.036 Thread 0x000001713da9cce0 Thread added: 0x0000017158d1ef90
Event: 57.529 Thread 0x000001713da9cce0 Thread added: 0x0000017158d203d0
Event: 57.585 Thread 0x00000171570b6930 Thread added: 0x0000017158d21300
Event: 57.724 Thread 0x0000017158d21300 Thread added: 0x0000017158d1f4a0
Event: 61.379 Thread 0x000001713da9cce0 Thread added: 0x0000017158d1f9b0
Event: 61.380 Thread 0x000001713da9cce0 Thread added: 0x0000017158d20df0
Event: 85.403 Thread 0x0000017158d21300 Thread added: 0x0000017158d1fec0
Event: 88.528 Thread 0x0000017158d21300 Thread added: 0x0000017158d21810


Dynamic libraries:
0x00007ff7320a0000 - 0x00007ff7320ae000 	c:\Users\Duy\.cursor\extensions\redhat.java-1.36.0-win32-x64\jre\17.0.13-win32-x86_64\bin\java.exe
0x00007ff892ef0000 - 0x00007ff893107000 	C:\WINDOWS\SYSTEM32\ntdll.dll
0x00007ff891e00000 - 0x00007ff891ec4000 	C:\WINDOWS\System32\KERNEL32.DLL
0x00007ff8904c0000 - 0x00007ff890879000 	C:\WINDOWS\System32\KERNELBASE.dll
0x00007ff890880000 - 0x00007ff890991000 	C:\WINDOWS\System32\ucrtbase.dll
0x00007ff85d160000 - 0x00007ff85d177000 	c:\Users\Duy\.cursor\extensions\redhat.java-1.36.0-win32-x64\jre\17.0.13-win32-x86_64\bin\jli.dll
0x00007ff85cac0000 - 0x00007ff85cade000 	c:\Users\Duy\.cursor\extensions\redhat.java-1.36.0-win32-x64\jre\17.0.13-win32-x86_64\bin\VCRUNTIME140.dll
0x00007ff892380000 - 0x00007ff89252e000 	C:\WINDOWS\System32\USER32.dll
0x00007ff890a20000 - 0x00007ff890a46000 	C:\WINDOWS\System32\win32u.dll
0x00007ff87d7f0000 - 0x00007ff87da82000 	C:\WINDOWS\WinSxS\amd64_microsoft.windows.common-controls_6595b64144ccf1df_6.0.22621.4391_none_2715d37f73803e96\COMCTL32.dll
0x00007ff892610000 - 0x00007ff892639000 	C:\WINDOWS\System32\GDI32.dll
0x00007ff892a70000 - 0x00007ff892b17000 	C:\WINDOWS\System32\msvcrt.dll
0x00007ff890af0000 - 0x00007ff890c0b000 	C:\WINDOWS\System32\gdi32full.dll
0x00007ff8902b0000 - 0x00007ff89034a000 	C:\WINDOWS\System32\msvcp_win.dll
0x00007ff890c20000 - 0x00007ff890c51000 	C:\WINDOWS\System32\IMM32.DLL
0x00007ff8803b0000 - 0x00007ff8803bc000 	c:\Users\Duy\.cursor\extensions\redhat.java-1.36.0-win32-x64\jre\17.0.13-win32-x86_64\bin\vcruntime140_1.dll
0x00007ff839680000 - 0x00007ff83970d000 	c:\Users\Duy\.cursor\extensions\redhat.java-1.36.0-win32-x64\jre\17.0.13-win32-x86_64\bin\msvcp140.dll
0x00007ff800ba0000 - 0x00007ff80180b000 	c:\Users\Duy\.cursor\extensions\redhat.java-1.36.0-win32-x64\jre\17.0.13-win32-x86_64\bin\server\jvm.dll
0x00007ff8927f0000 - 0x00007ff8928a2000 	C:\WINDOWS\System32\ADVAPI32.dll
0x00007ff891860000 - 0x00007ff891907000 	C:\WINDOWS\System32\sechost.dll
0x00007ff890a50000 - 0x00007ff890a78000 	C:\WINDOWS\System32\bcrypt.dll
0x00007ff891ee0000 - 0x00007ff891ff4000 	C:\WINDOWS\System32\RPCRT4.dll
0x00007ff890c60000 - 0x00007ff890cd1000 	C:\WINDOWS\System32\WS2_32.dll
0x00007ff8900c0000 - 0x00007ff89010d000 	C:\WINDOWS\SYSTEM32\POWRPROF.dll
0x00007ff8892a0000 - 0x00007ff8892d4000 	C:\WINDOWS\SYSTEM32\WINMM.dll
0x00007ff87f640000 - 0x00007ff87f64a000 	C:\WINDOWS\SYSTEM32\VERSION.dll
0x00007ff8900a0000 - 0x00007ff8900b3000 	C:\WINDOWS\SYSTEM32\UMPDC.dll
0x00007ff88f1f0000 - 0x00007ff88f208000 	C:\WINDOWS\SYSTEM32\kernel.appcore.dll
0x00007ff87c2e0000 - 0x00007ff87c2ea000 	c:\Users\Duy\.cursor\extensions\redhat.java-1.36.0-win32-x64\jre\17.0.13-win32-x86_64\bin\jimage.dll
0x00007ff88db00000 - 0x00007ff88dd32000 	C:\WINDOWS\SYSTEM32\DBGHELP.DLL
0x00007ff892b20000 - 0x00007ff892eaf000 	C:\WINDOWS\System32\combase.dll
0x00007ff892530000 - 0x00007ff892607000 	C:\WINDOWS\System32\OLEAUT32.dll
0x00007ff8761c0000 - 0x00007ff8761f2000 	C:\WINDOWS\SYSTEM32\dbgcore.DLL
0x00007ff8909a0000 - 0x00007ff890a1b000 	C:\WINDOWS\System32\bcryptPrimitives.dll
0x00007ff8805a0000 - 0x00007ff8805ae000 	c:\Users\Duy\.cursor\extensions\redhat.java-1.36.0-win32-x64\jre\17.0.13-win32-x86_64\bin\instrument.dll
0x00007ff861c10000 - 0x00007ff861c35000 	c:\Users\Duy\.cursor\extensions\redhat.java-1.36.0-win32-x64\jre\17.0.13-win32-x86_64\bin\java.dll
0x00007ff8794d0000 - 0x00007ff8794e8000 	c:\Users\Duy\.cursor\extensions\redhat.java-1.36.0-win32-x64\jre\17.0.13-win32-x86_64\bin\zip.dll
0x00007ff890e20000 - 0x00007ff891696000 	C:\WINDOWS\System32\SHELL32.dll
0x00007ff88e0e0000 - 0x00007ff88e9e3000 	C:\WINDOWS\SYSTEM32\windows.storage.dll
0x00007ff88dfa0000 - 0x00007ff88e0df000 	C:\WINDOWS\SYSTEM32\wintypes.dll
0x00007ff892020000 - 0x00007ff892119000 	C:\WINDOWS\System32\SHCORE.dll
0x00007ff8916f0000 - 0x00007ff89174e000 	C:\WINDOWS\System32\shlwapi.dll
0x00007ff890120000 - 0x00007ff89014b000 	C:\WINDOWS\SYSTEM32\profapi.dll
0x00007ff856dd0000 - 0x00007ff856de9000 	C:\Users\Duy\.cursor\extensions\redhat.java-1.36.0-win32-x64\jre\17.0.13-win32-x86_64\bin\net.dll
0x00007ff888f70000 - 0x00007ff8890a6000 	C:\WINDOWS\SYSTEM32\WINHTTP.dll
0x00007ff88f660000 - 0x00007ff88f6c9000 	C:\WINDOWS\system32\mswsock.dll
0x00007ff855e00000 - 0x00007ff855e16000 	C:\Users\Duy\.cursor\extensions\redhat.java-1.36.0-win32-x64\jre\17.0.13-win32-x86_64\bin\nio.dll
0x00007ff87a170000 - 0x00007ff87a180000 	c:\Users\Duy\.cursor\extensions\redhat.java-1.36.0-win32-x64\jre\17.0.13-win32-x86_64\bin\verify.dll
0x00007ff8569f0000 - 0x00007ff856a35000 	C:\Users\Duy\AppData\Roaming\Cursor\User\globalStorage\redhat.java\1.36.0\config_win\org.eclipse.equinox.launcher\org.eclipse.equinox.launcher.win32.win32.x86_64_1.2.1100.v20240722-2106\eclipse_11904.dll
0x00007ff892640000 - 0x00007ff8927e5000 	C:\WINDOWS\System32\ole32.dll
0x00007ff88f9b0000 - 0x00007ff88f9cb000 	C:\WINDOWS\SYSTEM32\CRYPTSP.dll
0x00007ff88f150000 - 0x00007ff88f185000 	C:\WINDOWS\system32\rsaenh.dll
0x00007ff88f700000 - 0x00007ff88f728000 	C:\WINDOWS\SYSTEM32\USERENV.dll
0x00007ff88f990000 - 0x00007ff88f99c000 	C:\WINDOWS\SYSTEM32\CRYPTBASE.dll
0x00007ff88ec90000 - 0x00007ff88ecbd000 	C:\WINDOWS\SYSTEM32\IPHLPAPI.DLL
0x00007ff890c10000 - 0x00007ff890c19000 	C:\WINDOWS\System32\NSI.dll
0x00007ff8890d0000 - 0x00007ff8890e9000 	C:\WINDOWS\SYSTEM32\dhcpcsvc6.DLL
0x00007ff888600000 - 0x00007ff88861f000 	C:\WINDOWS\SYSTEM32\dhcpcsvc.DLL
0x00007ff88ecc0000 - 0x00007ff88edc2000 	C:\WINDOWS\SYSTEM32\DNSAPI.dll
0x00007ff85b2b0000 - 0x00007ff85b2f9000 	C:\Users\Duy\AppData\Local\Temp\jna-69096\jna12182807382473422844.dll
0x00007ff890ce0000 - 0x00007ff890ce8000 	C:\WINDOWS\System32\PSAPI.DLL
0x00007ff87acb0000 - 0x00007ff87acba000 	C:\Users\Duy\.cursor\extensions\redhat.java-1.36.0-win32-x64\jre\17.0.13-win32-x86_64\bin\management.dll
0x00007ff87a410000 - 0x00007ff87a41b000 	C:\Users\Duy\.cursor\extensions\redhat.java-1.36.0-win32-x64\jre\17.0.13-win32-x86_64\bin\management_ext.dll
0x00007ff868f60000 - 0x00007ff868f87000 	C:\Users\Duy\.gradle\native\c067742578af261105cb4f569cf0c3c89f3d7b1fecec35dd04571415982c5e48\windows-amd64\native-platform.dll

dbghelp: loaded successfully - version: 4.0.5 - missing functions: none
symbol engine: initialized successfully - sym options: 0x614 - pdb path: .;c:\Users\Duy\.cursor\extensions\redhat.java-1.36.0-win32-x64\jre\17.0.13-win32-x86_64\bin;C:\WINDOWS\SYSTEM32;C:\WINDOWS\WinSxS\amd64_microsoft.windows.common-controls_6595b64144ccf1df_6.0.22621.4391_none_2715d37f73803e96;c:\Users\Duy\.cursor\extensions\redhat.java-1.36.0-win32-x64\jre\17.0.13-win32-x86_64\bin\server;C:\Users\Duy\AppData\Roaming\Cursor\User\globalStorage\redhat.java\1.36.0\config_win\org.eclipse.equinox.launcher\org.eclipse.equinox.launcher.win32.win32.x86_64_1.2.1100.v20240722-2106;C:\Users\Duy\AppData\Local\Temp\jna-69096;C:\Users\Duy\.gradle\native\c067742578af261105cb4f569cf0c3c89f3d7b1fecec35dd04571415982c5e48\windows-amd64

VM Arguments:
jvm_args: --add-modules=ALL-SYSTEM --add-opens=java.base/java.util=ALL-UNNAMED --add-opens=java.base/java.lang=ALL-UNNAMED --add-opens=java.base/sun.nio.fs=ALL-UNNAMED -Declipse.application=org.eclipse.jdt.ls.core.id1 -Dosgi.bundles.defaultStartLevel=4 -Declipse.product=org.eclipse.jdt.ls.core.product -Djava.import.generatesMetadataFilesAtProjectRoot=false -DDetectVMInstallationsJob.disabled=true -Dfile.encoding=utf8 -XX:+UseParallelGC -XX:GCTimeRatio=4 -XX:AdaptiveSizePolicyWeight=90 -Dsun.zip.disableMemoryMapping=true -Xmx1G -Xms100m -Xlog:disable -javaagent:c:\Users\Duy\.cursor\extensions\redhat.java-1.36.0-win32-x64\lombok\lombok-1.18.35.jar -XX:+HeapDumpOnOutOfMemoryError -XX:HeapDumpPath=c:\Users\Duy\AppData\Roaming\Cursor\User\workspaceStorage\f8891cb4a7ddfb815496428fc6c7951b\redhat.java -Daether.dependencyCollector.impl=bf 
java_command: c:\Users\Duy\.cursor\extensions\redhat.java-1.36.0-win32-x64\server\plugins\org.eclipse.equinox.launcher_1.6.900.v20240613-2009.jar -configuration c:\Users\Duy\AppData\Roaming\Cursor\User\globalStorage\redhat.java\1.36.0\config_win -data c:\Users\Duy\AppData\Roaming\Cursor\User\workspaceStorage\f8891cb4a7ddfb815496428fc6c7951b\redhat.java\jdt_ws --pipe=\\.\pipe\lsp-ce1c74e96eec0579adcc4a76981e1b9d-sock
java_class_path (initial): c:\Users\Duy\.cursor\extensions\redhat.java-1.36.0-win32-x64\server\plugins\org.eclipse.equinox.launcher_1.6.900.v20240613-2009.jar
Launcher Type: SUN_STANDARD

[Global flags]
    uintx AdaptiveSizePolicyWeight                 = 90                                        {product} {command line}
     intx CICompilerCount                          = 3                                         {product} {ergonomic}
    uintx GCTimeRatio                              = 4                                         {product} {command line}
     bool HeapDumpOnOutOfMemoryError               = true                                   {manageable} {command line}
    ccstr HeapDumpPath                             = c:\Users\Duy\AppData\Roaming\Cursor\User\workspaceStorage\f8891cb4a7ddfb815496428fc6c7951b\redhat.java         {manageable} {command line}
   size_t InitialHeapSize                          = 104857600                                 {product} {command line}
   size_t MaxHeapSize                              = 1073741824                                {product} {command line}
   size_t MaxNewSize                               = 357564416                                 {product} {ergonomic}
   size_t MinHeapDeltaBytes                        = 524288                                    {product} {ergonomic}
   size_t MinHeapSize                              = 104857600                                 {product} {command line}
   size_t NewSize                                  = 34603008                                  {product} {ergonomic}
    uintx NonNMethodCodeHeapSize                   = 5832780                                {pd product} {ergonomic}
    uintx NonProfiledCodeHeapSize                  = 122912730                              {pd product} {ergonomic}
   size_t OldSize                                  = 70254592                                  {product} {ergonomic}
    uintx ProfiledCodeHeapSize                     = 122912730                              {pd product} {ergonomic}
    uintx ReservedCodeCacheSize                    = 251658240                              {pd product} {ergonomic}
     bool SegmentedCodeCache                       = true                                      {product} {ergonomic}
   size_t SoftMaxHeapSize                          = 1073741824                             {manageable} {ergonomic}
     bool UseCompressedClassPointers               = true                           {product lp64_product} {ergonomic}
     bool UseCompressedOops                        = true                           {product lp64_product} {ergonomic}
     bool UseLargePagesIndividualAllocation        = false                                  {pd product} {ergonomic}
     bool UseParallelGC                            = true                                      {product} {command line}

Logging:
Log output configuration:
 #0: stdout all=off uptime,level,tags
 #1: stderr all=off uptime,level,tags

Environment Variables:
JAVA_HOME=C:\Program Files\Java\jdk-23
PATH=C:\Program Files\Common Files\Oracle\Java\javapath;C:\WINDOWS;C:\WINDOWS\System32\Wbem;C:\WINDOWS\System32\WindowsPowerShell\v1.0\;C:\WINDOWS\System32\OpenSSH\;C:\Users\Duy\.p2\pool\plugins\org.eclipse.justj.openjdk.hotspot.jre.full.win32.x86_64_17.0.7.v20230425-1502\jre\bin;C:\Program Files\nodejs\;C:\ProgramData\Microsoft\Windows\Start Menu\Programs\Node.js;C:\Program Files (x86)\Microsoft SQL Server\160\DTS\Binn\;C:\Program Files (x86)\Microsoft SQL Server\160\Tools\Binn\;C:\Program Files\Microsoft SQL Server\160\Tools\Binn\;C:\Program Files\Microsoft SQL Server\Client SDK\ODBC\170\Tools\Binn\;C:\Program Files\Microsoft SQL Server\160\DTS\Binn\;C:\Program Files (x86)\Windows Kits\10\Windows Performance Toolkit\;C:\Program Files\dotnet\;C:\Program Files\Microsoft SQL Server\150\Tools\Binn\;C:\Program Files\Git\cmd;C:\Windows\System32;C:\Users\Duy\AppData\Local\Microsoft\WindowsApps;C:\Users\Duy\AppData\Roaming\npm;C:\Program Files\Java\jdk-23\bin;C:\Program Files\Azure Data Studio\bin;C:\Users\Duy\.dotnet\tools;C:\Users\Duy\AppData\Local\Programs\Microsoft VS Code\bin
USERNAME=Duy
OS=Windows_NT
PROCESSOR_IDENTIFIER=Intel64 Family 6 Model 122 Stepping 8, GenuineIntel
TMP=C:\Users\Duy\AppData\Local\Temp
TEMP=C:\Users\Duy\AppData\Local\Temp



Periodic native trim disabled


---------------  S Y S T E M  ---------------

OS:
 Windows 11 , 64 bit Build 22621 (10.0.22621.4391)
OS uptime: 10 days 9:07 hours
Hyper-V role detected

CPU: total 4 (initial active 4) (4 cores per cpu, 1 threads per core) family 6 model 122 stepping 8 microcode 0x18, cx8, cmov, fxsr, mmx, 3dnowpref, sse, sse2, sse3, ssse3, sse4.1, sse4.2, popcnt, tsc, tscinvbit, aes, erms, clmul, sha, clflush, clflushopt, hv
Processor Information for all 4 processors :
  Max Mhz: 1101, Current Mhz: 1101, Mhz Limit: 1101

Memory: 4k page, system-wide physical 3737M (229M free)
TotalPageFile size 15001M (AvailPageFile size 0M)
current process WorkingSet (physical memory assigned to process): 222M, peak: 305M
current process commit charge ("private bytes"): 413M, peak: 899M

vm_info: OpenJDK 64-Bit Server VM (17.0.13+11) for windows-amd64 JRE (17.0.13+11), built on Oct 16 2024 00:10:08 by "admin" with MS VC++ 17.7 (VS2022)

END.
