#
# There is insufficient memory for the Java Runtime Environment to continue.
# Native memory allocation (malloc) failed to allocate 1048576 bytes. Error detail: AllocateHeap
# Possible reasons:
#   The system is out of physical RAM or swap space
#   This process is running with CompressedOops enabled, and the Java Heap may be blocking the growth of the native heap
# Possible solutions:
#   Reduce memory load on the system
#   Increase physical memory or swap space
#   Check if swap backing store is full
#   Decrease Java heap size (-Xmx/-Xms)
#   Decrease number of Java threads
#   Decrease Java thread stack sizes (-Xss)
#   Set larger code cache with -XX:ReservedCodeCacheSize=
#   JVM is running with Unscaled Compressed Oops mode in which the Java heap is
#     placed in the first 4GB address space. The Java Heap base address is the
#     maximum limit for the native heap growth. Please use -XX:HeapBaseMinAddress
#     to set the Java Heap base and to place the Java Heap above 4GB virtual address.
# This output file may be truncated or incomplete.
#
#  Out of Memory Error (allocation.cpp:44), pid=20024, tid=22288
#
# JRE version:  (17.0.13+11) (build )
# Java VM: OpenJDK 64-Bit Server VM (17.0.13+11, mixed mode, tiered, compressed oops, compressed class ptrs, parallel gc, windows-amd64)
# No core dump will be written. Minidumps are not enabled by default on client versions of Windows
#

---------------  S U M M A R Y ------------

Command Line: --add-modules=ALL-SYSTEM --add-opens=java.base/java.util=ALL-UNNAMED --add-opens=java.base/java.lang=ALL-UNNAMED --add-opens=java.base/sun.nio.fs=ALL-UNNAMED -Declipse.application=org.eclipse.jdt.ls.core.id1 -Dosgi.bundles.defaultStartLevel=4 -Declipse.product=org.eclipse.jdt.ls.core.product -Djava.import.generatesMetadataFilesAtProjectRoot=false -DDetectVMInstallationsJob.disabled=true -Dfile.encoding=utf8 -XX:+UseParallelGC -XX:GCTimeRatio=4 -XX:AdaptiveSizePolicyWeight=90 -Dsun.zip.disableMemoryMapping=true -Xmx1G -Xms100m -Xlog:disable -javaagent:c:\Users\Duy\.cursor\extensions\redhat.java-1.36.0-win32-x64\lombok\lombok-1.18.35.jar -XX:+HeapDumpOnOutOfMemoryError -XX:HeapDumpPath=c:\Users\Duy\AppData\Roaming\Cursor\User\workspaceStorage\f8891cb4a7ddfb815496428fc6c7951b\redhat.java -Daether.dependencyCollector.impl=bf c:\Users\Duy\.cursor\extensions\redhat.java-1.36.0-win32-x64\server\plugins\org.eclipse.equinox.launcher_1.6.900.v20240613-2009.jar -configuration c:\Users\Duy\AppData\Roaming\Cursor\User\globalStorage\redhat.java\1.36.0\config_win -data c:\Users\Duy\AppData\Roaming\Cursor\User\workspaceStorage\f8891cb4a7ddfb815496428fc6c7951b\redhat.java\jdt_ws --pipe=\\.\pipe\lsp-4b9657934b4434297004b551757c9433-sock

Host: Intel(R) Pentium(R) Silver N5030 CPU @ 1.10GHz, 4 cores, 3G,  Windows 11 , 64 bit Build 22621 (10.0.22621.4391)
Time: Wed Nov 13 00:32:55 2024 SE Asia Standard Time elapsed time: 0.723592 seconds (0d 0h 0m 0s)

---------------  T H R E A D  ---------------

Current thread (0x0000022fe4addff0):  JavaThread "Unknown thread" [_thread_in_vm, id=22288, stack(0x00000049bdd00000,0x00000049bde00000)]

Stack: [0x00000049bdd00000,0x00000049bde00000]
Native frames: (J=compiled Java code, j=interpreted, Vv=VM code, C=native code)
V  [jvm.dll+0x682a19]
V  [jvm.dll+0x839538]
V  [jvm.dll+0x83afe3]
V  [jvm.dll+0x83b653]
V  [jvm.dll+0x24704f]
V  [jvm.dll+0xa7543]
V  [jvm.dll+0x6b5fca]
V  [jvm.dll+0x6b6dde]
V  [jvm.dll+0x68f243]
V  [jvm.dll+0x80bb63]
V  [jvm.dll+0x36b514]
V  [jvm.dll+0x7e9e3f]
V  [jvm.dll+0x3f1d7f]
V  [jvm.dll+0x3f38b1]
C  [jli.dll+0x5278]
C  [ucrtbase.dll+0x29333]
C  [KERNEL32.DLL+0x1259d]
C  [ntdll.dll+0x5af38]


---------------  P R O C E S S  ---------------

Threads class SMR info:
_java_thread_list=0x00007ff830d17f58, length=0, elements={
}

Java Threads: ( => current thread )

Other Threads:
  0x0000022fe4af5560 GCTaskThread "GC Thread#0" [stack: 0x00000049bdf00000,0x00000049be000000] [id=24440]

=>0x0000022fe4addff0 (exited) JavaThread "Unknown thread" [_thread_in_vm, id=22288, stack(0x00000049bdd00000,0x00000049bde00000)]

Threads with active compile tasks:

VM state: not at safepoint (normal execution)

VM Mutex/Monitor currently owned by a thread: None

Heap address: 0x00000000c0000000, size: 1024 MB, Compressed Oops mode: 32-bit

CDS archive(s) not mapped
Compressed class space mapped at: 0x0000000100000000-0x0000000140000000, reserved size: 1073741824
Narrow klass base: 0x0000000000000000, Narrow klass shift: 3, Narrow klass range: 0x140000000

GC Precious Log:
 CPUs: 4 total, 4 available
 Memory: 3737M
 Large Page Support: Disabled
 NUMA Support: Disabled
 Compressed Oops: Enabled (32-bit)
 Alignments: Space 512K, Generation 512K, Heap 2M
 Heap Min Capacity: 100M
 Heap Initial Capacity: 100M
 Heap Max Capacity: 1G
 Pre-touch: Disabled
 Parallel Workers: 4

Heap:
 PSYoungGen      total 29696K, used 512K [0x00000000eab00000, 0x00000000ecc00000, 0x0000000100000000)
  eden space 25600K, 2% used [0x00000000eab00000,0x00000000eab80070,0x00000000ec400000)
  from space 4096K, 0% used [0x00000000ec800000,0x00000000ec800000,0x00000000ecc00000)
  to   space 4096K, 0% used [0x00000000ec400000,0x00000000ec400000,0x00000000ec800000)
 ParOldGen       total 68608K, used 0K [0x00000000c0000000, 0x00000000c4300000, 0x00000000eab00000)
  object space 68608K, 0% used [0x00000000c0000000,0x00000000c0000000,0x00000000c4300000)
 Metaspace       used 1149K, committed 1216K, reserved 1114112K
  class space    used 101K, committed 128K, reserved 1048576K

Card table byte_map: [0x0000022fe4470000,0x0000022fe4680000] _byte_map_base: 0x0000022fe3e70000

Marking Bits: (ParMarkBitMap*) 0x00007ff830d86940
 Begin Bits: [0x0000022ff6770000, 0x0000022ff7770000)
 End Bits:   [0x0000022ff7770000, 0x0000022ff8770000)

Polling page: 0x0000022fe2a50000

Metaspace:

Usage:
  Non-class:      1.02 MB used.
      Class:    101.05 KB used.
       Both:      1.12 MB used.

Virtual space:
  Non-class space:       64.00 MB reserved,       1.06 MB (  2%) committed,  1 nodes.
      Class space:        1.00 GB reserved,     128.00 KB ( <1%) committed,  1 nodes.
             Both:        1.06 GB reserved,       1.19 MB ( <1%) committed. 

Chunk freelists:
   Non-Class:  12.00 MB
       Class:  15.75 MB
        Both:  27.75 MB

MaxMetaspaceSize: unlimited
CompressedClassSpaceSize: 1.00 GB
Initial GC threshold: 21.00 MB
Current GC threshold: 17179869184.00 GB
CDS: off
MetaspaceReclaimPolicy: balanced
 - commit_granule_bytes: 65536.
 - commit_granule_words: 8192.
 - virtual_space_node_default_size: 8388608.
 - enlarge_chunks_in_place: 1.
 - new_chunks_are_fully_committed: 0.
 - uncommit_free_chunks: 1.
 - use_allocation_guard: 0.
 - handle_deallocations: 1.


Internal statistics:

num_allocs_failed_limit: 0.
num_arena_births: 2.
num_arena_deaths: 0.
num_vsnodes_births: 2.
num_vsnodes_deaths: 0.
num_space_committed: 19.
num_space_uncommitted: 0.
num_chunks_returned_to_freelist: 0.
num_chunks_taken_from_freelist: 3.
num_chunk_merges: 0.
num_chunk_splits: 2.
num_chunks_enlarged: 0.
num_inconsistent_stats: 0.

CodeHeap 'non-profiled nmethods': size=120000Kb used=0Kb max_used=0Kb free=120000Kb
 bounds [0x0000022fef240000, 0x0000022fef4b0000, 0x0000022ff6770000]
CodeHeap 'profiled nmethods': size=120000Kb used=0Kb max_used=0Kb free=120000Kb
 bounds [0x0000022fe7770000, 0x0000022fe79e0000, 0x0000022feeca0000]
CodeHeap 'non-nmethods': size=5760Kb used=200Kb max_used=352Kb free=5559Kb
 bounds [0x0000022feeca0000, 0x0000022feef10000, 0x0000022fef240000]
 total_blobs=65 nmethods=0 adapters=47
 compilation: enabled
              stopped_count=0, restarted_count=0
 full_count=0

Compilation events (0 events):
No events

GC Heap History (0 events):
No events

Dll operation events (1 events):
Event: 0.169 Loaded shared library c:\Users\Duy\.cursor\extensions\redhat.java-1.36.0-win32-x64\jre\17.0.13-win32-x86_64\bin\java.dll

Deoptimization events (0 events):
No events

Classes loaded (20 events):
Event: 0.669 Loading class java/lang/Long
Event: 0.670 Loading class java/lang/Long done
Event: 0.670 Loading class java/util/Iterator
Event: 0.670 Loading class java/util/Iterator done
Event: 0.670 Loading class java/lang/reflect/RecordComponent
Event: 0.670 Loading class java/lang/reflect/RecordComponent done
Event: 0.670 Loading class jdk/internal/vm/vector/VectorSupport
Event: 0.672 Loading class jdk/internal/vm/vector/VectorSupport done
Event: 0.672 Loading class jdk/internal/vm/vector/VectorSupport$VectorPayload
Event: 0.672 Loading class jdk/internal/vm/vector/VectorSupport$VectorPayload done
Event: 0.672 Loading class jdk/internal/vm/vector/VectorSupport$Vector
Event: 0.672 Loading class jdk/internal/vm/vector/VectorSupport$Vector done
Event: 0.672 Loading class jdk/internal/vm/vector/VectorSupport$VectorMask
Event: 0.672 Loading class jdk/internal/vm/vector/VectorSupport$VectorMask done
Event: 0.672 Loading class jdk/internal/vm/vector/VectorSupport$VectorShuffle
Event: 0.673 Loading class jdk/internal/vm/vector/VectorSupport$VectorShuffle done
Event: 0.698 Loading class java/lang/NullPointerException
Event: 0.699 Loading class java/lang/NullPointerException done
Event: 0.699 Loading class java/lang/ArithmeticException
Event: 0.699 Loading class java/lang/ArithmeticException done

Classes unloaded (0 events):
No events

Classes redefined (0 events):
No events

Internal exceptions (0 events):
No events

VM Operations (0 events):
No events

Memory protections (0 events):
No events

Nmethod flushes (0 events):
No events

Events (0 events):
No events


Dynamic libraries:
0x00007ff77c510000 - 0x00007ff77c51e000 	c:\Users\Duy\.cursor\extensions\redhat.java-1.36.0-win32-x64\jre\17.0.13-win32-x86_64\bin\java.exe
0x00007ff892ef0000 - 0x00007ff893107000 	C:\WINDOWS\SYSTEM32\ntdll.dll
0x00007ff891e00000 - 0x00007ff891ec4000 	C:\WINDOWS\System32\KERNEL32.DLL
0x00007ff8904c0000 - 0x00007ff890879000 	C:\WINDOWS\System32\KERNELBASE.dll
0x00007ff890880000 - 0x00007ff890991000 	C:\WINDOWS\System32\ucrtbase.dll
0x00007ff8809e0000 - 0x00007ff8809f7000 	c:\Users\Duy\.cursor\extensions\redhat.java-1.36.0-win32-x64\jre\17.0.13-win32-x86_64\bin\jli.dll
0x00007ff892380000 - 0x00007ff89252e000 	C:\WINDOWS\System32\USER32.dll
0x00007ff890a20000 - 0x00007ff890a46000 	C:\WINDOWS\System32\win32u.dll
0x00007ff892610000 - 0x00007ff892639000 	C:\WINDOWS\System32\GDI32.dll
0x00007ff890af0000 - 0x00007ff890c0b000 	C:\WINDOWS\System32\gdi32full.dll
0x00007ff8902b0000 - 0x00007ff89034a000 	C:\WINDOWS\System32\msvcp_win.dll
0x00007ff880800000 - 0x00007ff88081e000 	c:\Users\Duy\.cursor\extensions\redhat.java-1.36.0-win32-x64\jre\17.0.13-win32-x86_64\bin\VCRUNTIME140.dll
0x00007ff87d7f0000 - 0x00007ff87da82000 	C:\WINDOWS\WinSxS\amd64_microsoft.windows.common-controls_6595b64144ccf1df_6.0.22621.4391_none_2715d37f73803e96\COMCTL32.dll
0x00007ff892a70000 - 0x00007ff892b17000 	C:\WINDOWS\System32\msvcrt.dll
0x00007ff890c20000 - 0x00007ff890c51000 	C:\WINDOWS\System32\IMM32.DLL
0x00007ff87fbf0000 - 0x00007ff87fbfc000 	c:\Users\Duy\.cursor\extensions\redhat.java-1.36.0-win32-x64\jre\17.0.13-win32-x86_64\bin\vcruntime140_1.dll
0x00007ff850850000 - 0x00007ff8508dd000 	c:\Users\Duy\.cursor\extensions\redhat.java-1.36.0-win32-x64\jre\17.0.13-win32-x86_64\bin\msvcp140.dll
0x00007ff8301e0000 - 0x00007ff830e4b000 	c:\Users\Duy\.cursor\extensions\redhat.java-1.36.0-win32-x64\jre\17.0.13-win32-x86_64\bin\server\jvm.dll
0x00007ff8927f0000 - 0x00007ff8928a2000 	C:\WINDOWS\System32\ADVAPI32.dll
0x00007ff891860000 - 0x00007ff891907000 	C:\WINDOWS\System32\sechost.dll
0x00007ff890a50000 - 0x00007ff890a78000 	C:\WINDOWS\System32\bcrypt.dll
0x00007ff891ee0000 - 0x00007ff891ff4000 	C:\WINDOWS\System32\RPCRT4.dll
0x00007ff890c60000 - 0x00007ff890cd1000 	C:\WINDOWS\System32\WS2_32.dll
0x00007ff8900c0000 - 0x00007ff89010d000 	C:\WINDOWS\SYSTEM32\POWRPROF.dll
0x00007ff8892a0000 - 0x00007ff8892d4000 	C:\WINDOWS\SYSTEM32\WINMM.dll
0x00007ff87f640000 - 0x00007ff87f64a000 	C:\WINDOWS\SYSTEM32\VERSION.dll
0x00007ff8900a0000 - 0x00007ff8900b3000 	C:\WINDOWS\SYSTEM32\UMPDC.dll
0x00007ff88f1f0000 - 0x00007ff88f208000 	C:\WINDOWS\SYSTEM32\kernel.appcore.dll
0x00007ff87f9b0000 - 0x00007ff87f9ba000 	c:\Users\Duy\.cursor\extensions\redhat.java-1.36.0-win32-x64\jre\17.0.13-win32-x86_64\bin\jimage.dll
0x00007ff88db00000 - 0x00007ff88dd32000 	C:\WINDOWS\SYSTEM32\DBGHELP.DLL
0x00007ff892b20000 - 0x00007ff892eaf000 	C:\WINDOWS\System32\combase.dll
0x00007ff892530000 - 0x00007ff892607000 	C:\WINDOWS\System32\OLEAUT32.dll
0x00007ff8761c0000 - 0x00007ff8761f2000 	C:\WINDOWS\SYSTEM32\dbgcore.DLL
0x00007ff8909a0000 - 0x00007ff890a1b000 	C:\WINDOWS\System32\bcryptPrimitives.dll
0x00007ff87c930000 - 0x00007ff87c93e000 	c:\Users\Duy\.cursor\extensions\redhat.java-1.36.0-win32-x64\jre\17.0.13-win32-x86_64\bin\instrument.dll
0x00007ff869200000 - 0x00007ff869225000 	c:\Users\Duy\.cursor\extensions\redhat.java-1.36.0-win32-x64\jre\17.0.13-win32-x86_64\bin\java.dll
0x00007ff87ab40000 - 0x00007ff87ab58000 	c:\Users\Duy\.cursor\extensions\redhat.java-1.36.0-win32-x64\jre\17.0.13-win32-x86_64\bin\zip.dll

dbghelp: loaded successfully - version: 4.0.5 - missing functions: none
symbol engine: initialized successfully - sym options: 0x614 - pdb path: .;c:\Users\Duy\.cursor\extensions\redhat.java-1.36.0-win32-x64\jre\17.0.13-win32-x86_64\bin;C:\WINDOWS\SYSTEM32;C:\WINDOWS\WinSxS\amd64_microsoft.windows.common-controls_6595b64144ccf1df_6.0.22621.4391_none_2715d37f73803e96;c:\Users\Duy\.cursor\extensions\redhat.java-1.36.0-win32-x64\jre\17.0.13-win32-x86_64\bin\server

VM Arguments:
jvm_args: --add-modules=ALL-SYSTEM --add-opens=java.base/java.util=ALL-UNNAMED --add-opens=java.base/java.lang=ALL-UNNAMED --add-opens=java.base/sun.nio.fs=ALL-UNNAMED -Declipse.application=org.eclipse.jdt.ls.core.id1 -Dosgi.bundles.defaultStartLevel=4 -Declipse.product=org.eclipse.jdt.ls.core.product -Djava.import.generatesMetadataFilesAtProjectRoot=false -DDetectVMInstallationsJob.disabled=true -Dfile.encoding=utf8 -XX:+UseParallelGC -XX:GCTimeRatio=4 -XX:AdaptiveSizePolicyWeight=90 -Dsun.zip.disableMemoryMapping=true -Xmx1G -Xms100m -Xlog:disable -javaagent:c:\Users\Duy\.cursor\extensions\redhat.java-1.36.0-win32-x64\lombok\lombok-1.18.35.jar -XX:+HeapDumpOnOutOfMemoryError -XX:HeapDumpPath=c:\Users\Duy\AppData\Roaming\Cursor\User\workspaceStorage\f8891cb4a7ddfb815496428fc6c7951b\redhat.java -Daether.dependencyCollector.impl=bf 
java_command: c:\Users\Duy\.cursor\extensions\redhat.java-1.36.0-win32-x64\server\plugins\org.eclipse.equinox.launcher_1.6.900.v20240613-2009.jar -configuration c:\Users\Duy\AppData\Roaming\Cursor\User\globalStorage\redhat.java\1.36.0\config_win -data c:\Users\Duy\AppData\Roaming\Cursor\User\workspaceStorage\f8891cb4a7ddfb815496428fc6c7951b\redhat.java\jdt_ws --pipe=\\.\pipe\lsp-4b9657934b4434297004b551757c9433-sock
java_class_path (initial): c:\Users\Duy\.cursor\extensions\redhat.java-1.36.0-win32-x64\server\plugins\org.eclipse.equinox.launcher_1.6.900.v20240613-2009.jar
Launcher Type: SUN_STANDARD

[Global flags]
    uintx AdaptiveSizePolicyWeight                 = 90                                        {product} {command line}
     intx CICompilerCount                          = 3                                         {product} {ergonomic}
    uintx GCTimeRatio                              = 4                                         {product} {command line}
     bool HeapDumpOnOutOfMemoryError               = true                                   {manageable} {command line}
    ccstr HeapDumpPath                             = c:\Users\Duy\AppData\Roaming\Cursor\User\workspaceStorage\f8891cb4a7ddfb815496428fc6c7951b\redhat.java         {manageable} {command line}
   size_t InitialHeapSize                          = 104857600                                 {product} {command line}
   size_t MaxHeapSize                              = 1073741824                                {product} {command line}
   size_t MaxNewSize                               = 357564416                                 {product} {ergonomic}
   size_t MinHeapDeltaBytes                        = 524288                                    {product} {ergonomic}
   size_t MinHeapSize                              = 104857600                                 {product} {command line}
   size_t NewSize                                  = 34603008                                  {product} {ergonomic}
    uintx NonNMethodCodeHeapSize                   = 5832780                                {pd product} {ergonomic}
    uintx NonProfiledCodeHeapSize                  = 122912730                              {pd product} {ergonomic}
   size_t OldSize                                  = 70254592                                  {product} {ergonomic}
    uintx ProfiledCodeHeapSize                     = 122912730                              {pd product} {ergonomic}
    uintx ReservedCodeCacheSize                    = 251658240                              {pd product} {ergonomic}
     bool SegmentedCodeCache                       = true                                      {product} {ergonomic}
   size_t SoftMaxHeapSize                          = 1073741824                             {manageable} {ergonomic}
     bool UseCompressedClassPointers               = true                           {product lp64_product} {ergonomic}
     bool UseCompressedOops                        = true                           {product lp64_product} {ergonomic}
     bool UseLargePagesIndividualAllocation        = false                                  {pd product} {ergonomic}
     bool UseParallelGC                            = true                                      {product} {command line}

Logging:
Log output configuration:
 #0: stdout all=off uptime,level,tags
 #1: stderr all=off uptime,level,tags

Environment Variables:
JAVA_HOME=C:\Program Files\Java\jdk-23
PATH=C:\Program Files\Common Files\Oracle\Java\javapath;C:\WINDOWS;C:\WINDOWS\System32\Wbem;C:\WINDOWS\System32\WindowsPowerShell\v1.0\;C:\WINDOWS\System32\OpenSSH\;C:\Users\Duy\.p2\pool\plugins\org.eclipse.justj.openjdk.hotspot.jre.full.win32.x86_64_17.0.7.v20230425-1502\jre\bin;C:\Program Files\nodejs\;C:\ProgramData\Microsoft\Windows\Start Menu\Programs\Node.js;C:\Program Files (x86)\Microsoft SQL Server\160\DTS\Binn\;C:\Program Files (x86)\Microsoft SQL Server\160\Tools\Binn\;C:\Program Files\Microsoft SQL Server\160\Tools\Binn\;C:\Program Files\Microsoft SQL Server\Client SDK\ODBC\170\Tools\Binn\;C:\Program Files\Microsoft SQL Server\160\DTS\Binn\;C:\Program Files (x86)\Windows Kits\10\Windows Performance Toolkit\;C:\Program Files\dotnet\;C:\Program Files\Microsoft SQL Server\150\Tools\Binn\;C:\Program Files\Git\cmd;C:\Windows\System32;C:\Users\Duy\AppData\Local\Microsoft\WindowsApps;C:\Users\Duy\AppData\Roaming\npm;C:\Program Files\Java\jdk-23\bin;C:\Program Files\Azure Data Studio\bin;C:\Users\Duy\.dotnet\tools;C:\Users\Duy\AppData\Local\Programs\Microsoft VS Code\bin
USERNAME=Duy
OS=Windows_NT
PROCESSOR_IDENTIFIER=Intel64 Family 6 Model 122 Stepping 8, GenuineIntel
TMP=C:\Users\Duy\AppData\Local\Temp
TEMP=C:\Users\Duy\AppData\Local\Temp



Periodic native trim disabled


---------------  S Y S T E M  ---------------

OS:
 Windows 11 , 64 bit Build 22621 (10.0.22621.4391)
OS uptime: 9 days 5:02 hours
Hyper-V role detected

CPU: total 4 (initial active 4) (4 cores per cpu, 1 threads per core) family 6 model 122 stepping 8 microcode 0x18, cx8, cmov, fxsr, mmx, 3dnowpref, sse, sse2, sse3, ssse3, sse4.1, sse4.2, popcnt, tsc, tscinvbit, aes, erms, clmul, sha, clflush, clflushopt, hv
Processor Information for all 4 processors :
  Max Mhz: 1101, Current Mhz: 1101, Mhz Limit: 1101

Memory: 4k page, system-wide physical 3737M (14M free)
TotalPageFile size 15001M (AvailPageFile size 26M)
current process WorkingSet (physical memory assigned to process): 16M, peak: 16M
current process commit charge ("private bytes"): 150M, peak: 151M

vm_info: OpenJDK 64-Bit Server VM (17.0.13+11) for windows-amd64 JRE (17.0.13+11), built on Oct 16 2024 00:10:08 by "admin" with MS VC++ 17.7 (VS2022)

END.
