#
# There is insufficient memory for the Java Runtime Environment to continue.
# Native memory allocation (malloc) failed to allocate 1792976 bytes. Error detail: Chunk::new
# Possible reasons:
#   The system is out of physical RAM or swap space
#   This process is running with CompressedOops enabled, and the Java Heap may be blocking the growth of the native heap
# Possible solutions:
#   Reduce memory load on the system
#   Increase physical memory or swap space
#   Check if swap backing store is full
#   Decrease Java heap size (-Xmx/-Xms)
#   Decrease number of Java threads
#   Decrease Java thread stack sizes (-Xss)
#   Set larger code cache with -XX:ReservedCodeCacheSize=
#   JVM is running with Unscaled Compressed Oops mode in which the Java heap is
#     placed in the first 4GB address space. The Java Heap base address is the
#     maximum limit for the native heap growth. Please use -XX:HeapBaseMinAddress
#     to set the Java Heap base and to place the Java Heap above 4GB virtual address.
# This output file may be truncated or incomplete.
#
#  Out of Memory Error (arena.cpp:149), pid=10416, tid=5056
#
# JRE version: Java(TM) SE Runtime Environment (23.0+37) (build 23+37-2369)
# Java VM: Java HotSpot(TM) 64-Bit Server VM (23+37-2369, mixed mode, sharing, tiered, compressed oops, compressed class ptrs, g1 gc, windows-amd64)
# No core dump will be written. Minidumps are not enabled by default on client versions of Windows
#

---------------  S U M M A R Y ------------

Command Line: --add-opens=java.base/java.util=ALL-UNNAMED --add-opens=java.base/java.lang=ALL-UNNAMED --add-opens=java.base/java.lang.invoke=ALL-UNNAMED --add-opens=java.prefs/java.util.prefs=ALL-UNNAMED --add-opens=java.base/java.nio.charset=ALL-UNNAMED --add-opens=java.base/java.net=ALL-UNNAMED --add-opens=java.base/java.util.concurrent.atomic=ALL-UNNAMED -Xmx2048m -Dfile.encoding=UTF-8 -Duser.country=US -Duser.language=en -Duser.variant -javaagent:C:\Users\Duy\.gradle\wrapper\dists\gradle-8.7-bin\bhs2wmbdwecv87pi65oeuq5iu\gradle-8.7\lib\agents\gradle-instrumentation-agent-8.7.jar org.gradle.launcher.daemon.bootstrap.GradleDaemon 8.7

Host: Intel(R) Pentium(R) Silver N5030 CPU @ 1.10GHz, 4 cores, 3G,  Windows 11 , 64 bit Build 22621 (10.0.22621.4391)
Time: Fri Nov 15 21:10:30 2024 SE Asia Standard Time elapsed time: 41.358790 seconds (0d 0h 0m 41s)

---------------  T H R E A D  ---------------

Current thread (0x000001c5fb537950):  JavaThread "C2 CompilerThread0" daemon [_thread_in_native, id=5056, stack(0x0000002f1fe00000,0x0000002f1ff00000) (1024K)]


Current CompileTask:
C2:41359 3051   !   4       java.net.URLClassLoader$1::run (81 bytes)

Stack: [0x0000002f1fe00000,0x0000002f1ff00000]
Native frames: (J=compiled Java code, j=interpreted, Vv=VM code, C=native code)
V  [jvm.dll+0x6e08a9]  (no source info available)
V  [jvm.dll+0x87da63]  (no source info available)
V  [jvm.dll+0x87feee]  (no source info available)
V  [jvm.dll+0x8805c3]  (no source info available)
V  [jvm.dll+0x27aee6]  (no source info available)
V  [jvm.dll+0xbc06f]  (no source info available)
V  [jvm.dll+0xbc2cb]  (no source info available)
V  [jvm.dll+0x3b3a62]  (no source info available)
V  [jvm.dll+0x38a42b]  (no source info available)
V  [jvm.dll+0x38989a]  (no source info available)
V  [jvm.dll+0x244aa1]  (no source info available)
V  [jvm.dll+0x243dff]  (no source info available)
V  [jvm.dll+0x1c33a0]  (no source info available)
V  [jvm.dll+0x253cf1]  (no source info available)
V  [jvm.dll+0x251faa]  (no source info available)
V  [jvm.dll+0x3ee036]  (no source info available)
V  [jvm.dll+0x824f1b]  (no source info available)
V  [jvm.dll+0x6df055]  (no source info available)
C  [ucrtbase.dll+0x29333]  (no source info available)
C  [KERNEL32.DLL+0x1259d]  (no source info available)
C  [ntdll.dll+0x5af38]  (no source info available)

Lock stack of current Java thread (top to bottom):


---------------  P R O C E S S  ---------------

Threads class SMR info:
_java_thread_list=0x000001c5c727d290, length=24, elements={
0x000001c5dcd75650, 0x000001c5fb52bf20, 0x000001c5fb52ef00, 0x000001c5fb534ca0,
0x000001c5fb535700, 0x000001c5fb536160, 0x000001c5fb536bc0, 0x000001c5fb537950,
0x000001c5fb53a270, 0x000001c5c50a6090, 0x000001c5c51c5320, 0x000001c5c67a1d20,
0x000001c5c5ba8780, 0x000001c5c667e290, 0x000001c5c68e2020, 0x000001c5c6a1f530,
0x000001c5c5a93fd0, 0x000001c5c52dcab0, 0x000001c5c52df210, 0x000001c5c52dd140,
0x000001c5c52dd7d0, 0x000001c5c52df8a0, 0x000001c5c52dde60, 0x000001c5c52de4f0
}

Java Threads: ( => current thread )
  0x000001c5dcd75650 JavaThread "main"                              [_thread_blocked, id=10796, stack(0x0000002f1f000000,0x0000002f1f100000) (1024K)]
  0x000001c5fb52bf20 JavaThread "Reference Handler"          daemon [_thread_blocked, id=8308, stack(0x0000002f1f800000,0x0000002f1f900000) (1024K)]
  0x000001c5fb52ef00 JavaThread "Finalizer"                  daemon [_thread_blocked, id=9608, stack(0x0000002f1f900000,0x0000002f1fa00000) (1024K)]
  0x000001c5fb534ca0 JavaThread "Signal Dispatcher"          daemon [_thread_blocked, id=10264, stack(0x0000002f1fa00000,0x0000002f1fb00000) (1024K)]
  0x000001c5fb535700 JavaThread "Attach Listener"            daemon [_thread_blocked, id=16688, stack(0x0000002f1fb00000,0x0000002f1fc00000) (1024K)]
  0x000001c5fb536160 JavaThread "Service Thread"             daemon [_thread_blocked, id=3516, stack(0x0000002f1fc00000,0x0000002f1fd00000) (1024K)]
  0x000001c5fb536bc0 JavaThread "Monitor Deflation Thread"   daemon [_thread_blocked, id=16028, stack(0x0000002f1fd00000,0x0000002f1fe00000) (1024K)]
=>0x000001c5fb537950 JavaThread "C2 CompilerThread0"         daemon [_thread_in_native, id=5056, stack(0x0000002f1fe00000,0x0000002f1ff00000) (1024K)]
  0x000001c5fb53a270 JavaThread "C1 CompilerThread0"         daemon [_thread_blocked, id=19268, stack(0x0000002f1ff00000,0x0000002f20000000) (1024K)]
  0x000001c5c50a6090 JavaThread "Common-Cleaner"             daemon [_thread_blocked, id=11164, stack(0x0000002f20000000,0x0000002f20100000) (1024K)]
  0x000001c5c51c5320 JavaThread "Notification Thread"        daemon [_thread_blocked, id=12068, stack(0x0000002f20100000,0x0000002f20200000) (1024K)]
  0x000001c5c67a1d20 JavaThread "Daemon health stats"               [_thread_blocked, id=12460, stack(0x0000002f20500000,0x0000002f20600000) (1024K)]
  0x000001c5c5ba8780 JavaThread "Incoming local TCP Connector on port 64425"        [_thread_in_native, id=14048, stack(0x0000002f20600000,0x0000002f20700000) (1024K)]
  0x000001c5c667e290 JavaThread "Daemon periodic checks"            [_thread_blocked, id=18996, stack(0x0000002f20700000,0x0000002f20800000) (1024K)]
  0x000001c5c68e2020 JavaThread "Daemon"                            [_thread_blocked, id=1540, stack(0x0000002f20800000,0x0000002f20900000) (1024K)]
  0x000001c5c6a1f530 JavaThread "Handler for socket connection from /127.0.0.1:64425 to /127.0.0.1:64427"        [_thread_in_native, id=6964, stack(0x0000002f20900000,0x0000002f20a00000) (1024K)]
  0x000001c5c5a93fd0 JavaThread "Cancel handler"                    [_thread_blocked, id=9392, stack(0x0000002f20a00000,0x0000002f20b00000) (1024K)]
  0x000001c5c52dcab0 JavaThread "Daemon worker"                     [_thread_in_vm, id=12608, stack(0x0000002f20b00000,0x0000002f20c00000) (1024K)]
  0x000001c5c52df210 JavaThread "Asynchronous log dispatcher for DefaultDaemonConnection: socket connection from /127.0.0.1:64425 to /127.0.0.1:64427"        [_thread_blocked, id=8388, stack(0x0000002f20c00000,0x0000002f20d00000) (1024K)]
  0x000001c5c52dd140 JavaThread "Stdin handler"                     [_thread_blocked, id=18932, stack(0x0000002f20d00000,0x0000002f20e00000) (1024K)]
  0x000001c5c52dd7d0 JavaThread "Daemon client event forwarder"        [_thread_blocked, id=12536, stack(0x0000002f20e00000,0x0000002f20f00000) (1024K)]
  0x000001c5c52df8a0 JavaThread "Cache worker for journal cache (C:\Users\Duy\.gradle\caches\journal-1)"        [_thread_blocked, id=15832, stack(0x0000002f1ee00000,0x0000002f1ef00000) (1024K)]
  0x000001c5c52dde60 JavaThread "File lock request listener"        [_thread_in_native, id=14320, stack(0x0000002f20f00000,0x0000002f21000000) (1024K)]
  0x000001c5c52de4f0 JavaThread "Cache worker for file hash cache (C:\Users\Duy\.gradle\caches\8.7\fileHashes)"        [_thread_blocked, id=5072, stack(0x0000002f21000000,0x0000002f21100000) (1024K)]
Total: 24

Other Threads:
  0x000001c5fb513920 VMThread "VM Thread"                           [id=13420, stack(0x0000002f1f700000,0x0000002f1f800000) (1024K)]
  0x000001c5fb504ac0 WatcherThread "VM Periodic Task Thread"        [id=16896, stack(0x0000002f1f600000,0x0000002f1f700000) (1024K)]
  0x000001c5df0b79c0 WorkerThread "GC Thread#0"                     [id=11528, stack(0x0000002f1f100000,0x0000002f1f200000) (1024K)]
  0x000001c5c5697e00 WorkerThread "GC Thread#1"                     [id=13528, stack(0x0000002f20200000,0x0000002f20300000) (1024K)]
  0x000001c5c5780c10 WorkerThread "GC Thread#2"                     [id=18960, stack(0x0000002f20300000,0x0000002f20400000) (1024K)]
  0x000001c5c5780fd0 WorkerThread "GC Thread#3"                     [id=11788, stack(0x0000002f20400000,0x0000002f20500000) (1024K)]
  0x000001c5df0cca10 ConcurrentGCThread "G1 Main Marker"            [id=1244, stack(0x0000002f1f200000,0x0000002f1f300000) (1024K)]
  0x000001c5df0cdd30 WorkerThread "G1 Conc#0"                       [id=7120, stack(0x0000002f1f300000,0x0000002f1f400000) (1024K)]
  0x000001c5fb3e10a0 ConcurrentGCThread "G1 Refine#0"               [id=8232, stack(0x0000002f1f400000,0x0000002f1f500000) (1024K)]
  0x000001c5df114ab0 ConcurrentGCThread "G1 Service"                [id=6240, stack(0x0000002f1f500000,0x0000002f1f600000) (1024K)]
Total: 10

Threads with active compile tasks:
C2 CompilerThread0  41663 3051   !   4       java.net.URLClassLoader$1::run (81 bytes)
Total: 1

VM state: not at safepoint (normal execution)

VM Mutex/Monitor currently owned by a thread: None

Heap address: 0x0000000080000000, size: 2048 MB, Compressed Oops mode: 32-bit

CDS archive(s) mapped at: [0x000001c580000000-0x000001c580d70000-0x000001c580d70000), size 14090240, SharedBaseAddress: 0x000001c580000000, ArchiveRelocationMode: 1.
Compressed class space mapped at: 0x000001c581000000-0x000001c5c1000000, reserved size: 1073741824
Narrow klass base: 0x000001c580000000, Narrow klass shift: 0, Narrow klass range: 0x41000000

GC Precious Log:
 CardTable entry size: 512
 Card Set container configuration: InlinePtr #cards 5 size 8 Array Of Cards #cards 10 size 36 Howl #buckets 4 coarsen threshold 1843 Howl Bitmap #cards 512 size 80 coarsen threshold 460 Card regions per heap region 1 cards per card region 2048
 CPUs: 4 total, 4 available
 Memory: 3737M
 Large Page Support: Disabled
 NUMA Support: Disabled
 Compressed Oops: Enabled (32-bit)
 Heap Region Size: 1M
 Heap Min Capacity: 8M
 Heap Initial Capacity: 60M
 Heap Max Capacity: 2G
 Pre-touch: Disabled
 Parallel Workers: 4
 Concurrent Workers: 1
 Concurrent Refinement Workers: 4
 Periodic GC: Disabled

Heap:
 garbage-first heap   total reserved 2097152K, committed 61440K, used 42835K [0x0000000080000000, 0x0000000100000000)
  region size 1024K, 24 young (24576K), 2 survivors (2048K)
 Metaspace       used 18453K, committed 19072K, reserved 1114112K
  class space    used 2676K, committed 2944K, reserved 1048576K

Heap Regions: E=young(eden), S=young(survivor), O=old, HS=humongous(starts), HC=humongous(continues), CS=collection set, F=free, TAMS=top-at-mark-start, PB=parsable bottom
|   0|0x0000000080000000, 0x0000000080100000, 0x0000000080100000|100%| O|  |TAMS 0x0000000080000000| PB 0x0000000080000000| Untracked |  0
|   1|0x0000000080100000, 0x0000000080200000, 0x0000000080200000|100%| O|  |TAMS 0x0000000080100000| PB 0x0000000080100000| Untracked |  0
|   2|0x0000000080200000, 0x0000000080300000, 0x0000000080300000|100%|HS|  |TAMS 0x0000000080200000| PB 0x0000000080200000| Complete |  0
|   3|0x0000000080300000, 0x0000000080400000, 0x0000000080400000|100%|HC|  |TAMS 0x0000000080300000| PB 0x0000000080300000| Complete |  0
|   4|0x0000000080400000, 0x0000000080500000, 0x0000000080500000|100%|HC|  |TAMS 0x0000000080400000| PB 0x0000000080400000| Complete |  0
|   5|0x0000000080500000, 0x0000000080600000, 0x0000000080600000|100%|HC|  |TAMS 0x0000000080500000| PB 0x0000000080500000| Complete |  0
|   6|0x0000000080600000, 0x0000000080700000, 0x0000000080700000|100%| O|  |TAMS 0x0000000080600000| PB 0x0000000080600000| Untracked |  0
|   7|0x0000000080700000, 0x0000000080800000, 0x0000000080800000|100%| O|  |TAMS 0x0000000080700000| PB 0x0000000080700000| Untracked |  0
|   8|0x0000000080800000, 0x0000000080900000, 0x0000000080900000|100%| O|  |TAMS 0x0000000080800000| PB 0x0000000080800000| Untracked |  0
|   9|0x0000000080900000, 0x0000000080a00000, 0x0000000080a00000|100%| O|  |TAMS 0x0000000080900000| PB 0x0000000080900000| Untracked |  0
|  10|0x0000000080a00000, 0x0000000080b00000, 0x0000000080b00000|100%| O|  |TAMS 0x0000000080a00000| PB 0x0000000080a00000| Untracked |  0
|  11|0x0000000080b00000, 0x0000000080c00000, 0x0000000080c00000|100%| O|  |TAMS 0x0000000080b00000| PB 0x0000000080b00000| Untracked |  0
|  12|0x0000000080c00000, 0x0000000080d00000, 0x0000000080d00000|100%| O|  |TAMS 0x0000000080c00000| PB 0x0000000080c00000| Untracked |  0
|  13|0x0000000080d00000, 0x0000000080e00000, 0x0000000080e00000|100%| O|  |TAMS 0x0000000080d00000| PB 0x0000000080d00000| Untracked |  0
|  14|0x0000000080e00000, 0x0000000080f00000, 0x0000000080f00000|100%| O|  |TAMS 0x0000000080e00000| PB 0x0000000080e00000| Untracked |  0
|  15|0x0000000080f00000, 0x0000000081000000, 0x0000000081000000|100%| O|  |TAMS 0x0000000080f00000| PB 0x0000000080f00000| Untracked |  0
|  16|0x0000000081000000, 0x0000000081100000, 0x0000000081100000|100%| O|  |TAMS 0x0000000081000000| PB 0x0000000081000000| Untracked |  0
|  17|0x0000000081100000, 0x0000000081200000, 0x0000000081200000|100%| O|  |TAMS 0x0000000081100000| PB 0x0000000081100000| Untracked |  0
|  18|0x0000000081200000, 0x0000000081300000, 0x0000000081300000|100%| O|  |TAMS 0x0000000081200000| PB 0x0000000081200000| Untracked |  0
|  19|0x0000000081300000, 0x000000008136c8d0, 0x0000000081400000| 42%| O|  |TAMS 0x0000000081300000| PB 0x0000000081300000| Untracked |  0
|  20|0x0000000081400000, 0x0000000081400000, 0x0000000081500000|  0%| F|  |TAMS 0x0000000081400000| PB 0x0000000081400000| Untracked |  0
|  21|0x0000000081500000, 0x0000000081500000, 0x0000000081600000|  0%| F|  |TAMS 0x0000000081500000| PB 0x0000000081500000| Untracked |  0
|  22|0x0000000081600000, 0x0000000081600000, 0x0000000081700000|  0%| F|  |TAMS 0x0000000081600000| PB 0x0000000081600000| Untracked |  0
|  23|0x0000000081700000, 0x0000000081700000, 0x0000000081800000|  0%| F|  |TAMS 0x0000000081700000| PB 0x0000000081700000| Untracked |  0
|  24|0x0000000081800000, 0x0000000081800000, 0x0000000081900000|  0%| F|  |TAMS 0x0000000081800000| PB 0x0000000081800000| Untracked |  0
|  25|0x0000000081900000, 0x0000000081900000, 0x0000000081a00000|  0%| F|  |TAMS 0x0000000081900000| PB 0x0000000081900000| Untracked |  0
|  26|0x0000000081a00000, 0x0000000081a00000, 0x0000000081b00000|  0%| F|  |TAMS 0x0000000081a00000| PB 0x0000000081a00000| Untracked |  0
|  27|0x0000000081b00000, 0x0000000081b00000, 0x0000000081c00000|  0%| F|  |TAMS 0x0000000081b00000| PB 0x0000000081b00000| Untracked |  0
|  28|0x0000000081c00000, 0x0000000081c00000, 0x0000000081d00000|  0%| F|  |TAMS 0x0000000081c00000| PB 0x0000000081c00000| Untracked |  0
|  29|0x0000000081d00000, 0x0000000081d00000, 0x0000000081e00000|  0%| F|  |TAMS 0x0000000081d00000| PB 0x0000000081d00000| Untracked |  0
|  30|0x0000000081e00000, 0x0000000081e00000, 0x0000000081f00000|  0%| F|  |TAMS 0x0000000081e00000| PB 0x0000000081e00000| Untracked |  0
|  31|0x0000000081f00000, 0x0000000081f00000, 0x0000000082000000|  0%| F|  |TAMS 0x0000000081f00000| PB 0x0000000081f00000| Untracked |  0
|  32|0x0000000082000000, 0x0000000082000000, 0x0000000082100000|  0%| F|  |TAMS 0x0000000082000000| PB 0x0000000082000000| Untracked |  0
|  33|0x0000000082100000, 0x0000000082100000, 0x0000000082200000|  0%| F|  |TAMS 0x0000000082100000| PB 0x0000000082100000| Untracked |  0
|  34|0x0000000082200000, 0x00000000822684a8, 0x0000000082300000| 40%| S|CS|TAMS 0x0000000082200000| PB 0x0000000082200000| Complete |  0
|  35|0x0000000082300000, 0x0000000082300000, 0x0000000082400000|  0%| F|  |TAMS 0x0000000082300000| PB 0x0000000082300000| Untracked |  0
|  36|0x0000000082400000, 0x0000000082400000, 0x0000000082500000|  0%| F|  |TAMS 0x0000000082400000| PB 0x0000000082400000| Untracked |  0
|  37|0x0000000082500000, 0x0000000082600000, 0x0000000082600000|100%| S|CS|TAMS 0x0000000082500000| PB 0x0000000082500000| Complete |  0
|  38|0x0000000082600000, 0x00000000826b09f8, 0x0000000082700000| 68%| E|  |TAMS 0x0000000082600000| PB 0x0000000082600000| Complete |  0
|  39|0x0000000082700000, 0x0000000082800000, 0x0000000082800000|100%| E|CS|TAMS 0x0000000082700000| PB 0x0000000082700000| Complete |  0
|  40|0x0000000082800000, 0x0000000082900000, 0x0000000082900000|100%| E|CS|TAMS 0x0000000082800000| PB 0x0000000082800000| Complete |  0
|  41|0x0000000082900000, 0x0000000082a00000, 0x0000000082a00000|100%| E|CS|TAMS 0x0000000082900000| PB 0x0000000082900000| Complete |  0
|  42|0x0000000082a00000, 0x0000000082b00000, 0x0000000082b00000|100%| E|CS|TAMS 0x0000000082a00000| PB 0x0000000082a00000| Complete |  0
|  43|0x0000000082b00000, 0x0000000082c00000, 0x0000000082c00000|100%| E|CS|TAMS 0x0000000082b00000| PB 0x0000000082b00000| Complete |  0
|  44|0x0000000082c00000, 0x0000000082d00000, 0x0000000082d00000|100%| E|CS|TAMS 0x0000000082c00000| PB 0x0000000082c00000| Complete |  0
|  45|0x0000000082d00000, 0x0000000082e00000, 0x0000000082e00000|100%| E|CS|TAMS 0x0000000082d00000| PB 0x0000000082d00000| Complete |  0
|  46|0x0000000082e00000, 0x0000000082f00000, 0x0000000082f00000|100%| E|CS|TAMS 0x0000000082e00000| PB 0x0000000082e00000| Complete |  0
|  47|0x0000000082f00000, 0x0000000083000000, 0x0000000083000000|100%| E|CS|TAMS 0x0000000082f00000| PB 0x0000000082f00000| Complete |  0
|  48|0x0000000083000000, 0x0000000083100000, 0x0000000083100000|100%| E|CS|TAMS 0x0000000083000000| PB 0x0000000083000000| Complete |  0
|  49|0x0000000083100000, 0x0000000083200000, 0x0000000083200000|100%| E|CS|TAMS 0x0000000083100000| PB 0x0000000083100000| Complete |  0
|  50|0x0000000083200000, 0x0000000083300000, 0x0000000083300000|100%| E|CS|TAMS 0x0000000083200000| PB 0x0000000083200000| Complete |  0
|  51|0x0000000083300000, 0x0000000083400000, 0x0000000083400000|100%| E|CS|TAMS 0x0000000083300000| PB 0x0000000083300000| Complete |  0
|  52|0x0000000083400000, 0x0000000083500000, 0x0000000083500000|100%| E|CS|TAMS 0x0000000083400000| PB 0x0000000083400000| Complete |  0
|  53|0x0000000083500000, 0x0000000083600000, 0x0000000083600000|100%| E|CS|TAMS 0x0000000083500000| PB 0x0000000083500000| Complete |  0
|  54|0x0000000083600000, 0x0000000083700000, 0x0000000083700000|100%| E|CS|TAMS 0x0000000083600000| PB 0x0000000083600000| Complete |  0
|  55|0x0000000083700000, 0x0000000083800000, 0x0000000083800000|100%| E|CS|TAMS 0x0000000083700000| PB 0x0000000083700000| Complete |  0
|  56|0x0000000083800000, 0x0000000083900000, 0x0000000083900000|100%| E|CS|TAMS 0x0000000083800000| PB 0x0000000083800000| Complete |  0
|  57|0x0000000083900000, 0x0000000083a00000, 0x0000000083a00000|100%| E|CS|TAMS 0x0000000083900000| PB 0x0000000083900000| Complete |  0
|  58|0x0000000083a00000, 0x0000000083b00000, 0x0000000083b00000|100%| E|CS|TAMS 0x0000000083a00000| PB 0x0000000083a00000| Complete |  0
|  59|0x0000000083b00000, 0x0000000083c00000, 0x0000000083c00000|100%| E|CS|TAMS 0x0000000083b00000| PB 0x0000000083b00000| Complete |  0

Card table byte_map: [0x000001c5f6b90000,0x000001c5f6f90000] _byte_map_base: 0x000001c5f6790000

Marking Bits: (CMBitMap*) 0x000001c5df0b80d0
 Bits: [0x000001c5f6f90000, 0x000001c5f8f90000)

Polling page: 0x000001c5dcf10000

Metaspace:

Usage:
  Non-class:     15.42 MB used.
      Class:      2.62 MB used.
       Both:     18.03 MB used.

Virtual space:
  Non-class space:       64.00 MB reserved,      15.75 MB ( 25%) committed,  1 nodes.
      Class space:        1.00 GB reserved,       2.88 MB ( <1%) committed,  1 nodes.
             Both:        1.06 GB reserved,      18.62 MB (  2%) committed. 

Chunk freelists:
   Non-Class:  15.62 MB
       Class:  12.94 MB
        Both:  28.56 MB

MaxMetaspaceSize: unlimited
CompressedClassSpaceSize: 1.00 GB
Initial GC threshold: 21.00 MB
Current GC threshold: 21.00 MB
CDS: on
 - commit_granule_bytes: 65536.
 - commit_granule_words: 8192.
 - virtual_space_node_default_size: 8388608.
 - enlarge_chunks_in_place: 1.
 - use_allocation_guard: 0.


Internal statistics:

num_allocs_failed_limit: 0.
num_arena_births: 732.
num_arena_deaths: 0.
num_vsnodes_births: 2.
num_vsnodes_deaths: 0.
num_space_committed: 298.
num_space_uncommitted: 0.
num_chunks_returned_to_freelist: 0.
num_chunks_taken_from_freelist: 1359.
num_chunk_merges: 0.
num_chunk_splits: 892.
num_chunks_enlarged: 612.
num_inconsistent_stats: 0.

CodeHeap 'non-profiled nmethods': size=120064Kb used=1123Kb max_used=1123Kb free=118940Kb
 bounds [0x000001c5ef250000, 0x000001c5ef4c0000, 0x000001c5f6790000]
CodeHeap 'profiled nmethods': size=120000Kb used=4748Kb max_used=4748Kb free=115251Kb
 bounds [0x000001c5e7790000, 0x000001c5e7c40000, 0x000001c5eecc0000]
CodeHeap 'non-nmethods': size=5696Kb used=1510Kb max_used=1533Kb free=4185Kb
 bounds [0x000001c5eecc0000, 0x000001c5eef30000, 0x000001c5ef250000]
CodeCache: size=245760Kb, used=7381Kb, max_used=7404Kb, free=238376Kb
 total_blobs=3706, nmethods=3113, adapters=498, full_count=0
Compilation: enabled, stopped_count=0, restarted_count=0

Compilation events (20 events):
Event: 41.085 Thread 0x000001c5fb53a270 3060       3       java.util.LinkedList::<init> (10 bytes)
Event: 41.085 Thread 0x000001c5fb53a270 nmethod 3060 0x000001c5e7c14f88 code [0x000001c5e7c150c0, 0x000001c5e7c15350]
Event: 41.180 Thread 0x000001c5fb53a270 3061   !   3       sun.reflect.annotation.AnnotationParser::parseAnnotation2 (275 bytes)
Event: 41.185 Thread 0x000001c5fb53a270 nmethod 3061 0x000001c5e7c15388 code [0x000001c5e7c15740, 0x000001c5e7c17360]
Event: 41.197 Thread 0x000001c5fb53a270 3062       3       sun.reflect.annotation.AnnotationParser::parseAnnotations2 (135 bytes)
Event: 41.200 Thread 0x000001c5fb53a270 nmethod 3062 0x000001c5e7c17488 code [0x000001c5e7c17760, 0x000001c5e7c188a8]
Event: 41.200 Thread 0x000001c5fb53a270 3063   !   3       jdk.internal.loader.AbstractClassLoaderValue::computeIfAbsent (113 bytes)
Event: 41.202 Thread 0x000001c5fb53a270 nmethod 3063 0x000001c5e7c18988 code [0x000001c5e7c18bc0, 0x000001c5e7c19998]
Event: 41.329 Thread 0x000001c5fb53a270 3066       3       java.lang.invoke.MethodHandles$Lookup::getDirectMethodNoSecurityManager (18 bytes)
Event: 41.330 Thread 0x000001c5fb53a270 nmethod 3066 0x000001c5e7c19a88 code [0x000001c5e7c19ba0, 0x000001c5e7c19cf0]
Event: 41.337 Thread 0x000001c5fb53a270 3067       3       java.lang.reflect.Proxy::newProxyInstance (35 bytes)
Event: 41.338 Thread 0x000001c5fb53a270 nmethod 3067 0x000001c5e7c19d88 code [0x000001c5e7c19f00, 0x000001c5e7c1a2d0]
Event: 41.338 Thread 0x000001c5fb53a270 3068       3       java.lang.reflect.Proxy::getProxyConstructor (92 bytes)
Event: 41.340 Thread 0x000001c5fb53a270 nmethod 3068 0x000001c5e7c1a308 code [0x000001c5e7c1a580, 0x000001c5e7c1ba90]
Event: 41.340 Thread 0x000001c5fb53a270 3070       3       jdk.internal.classfile.impl.DirectCodeBuilder::addHandler (79 bytes)
Event: 41.341 Thread 0x000001c5fb53a270 nmethod 3070 0x000001c5e7c1bb88 code [0x000001c5e7c1bd40, 0x000001c5e7c1ca00]
Event: 41.341 Thread 0x000001c5fb53a270 3071       3       java.util.TreeMap$PrivateEntryIterator::nextEntry (54 bytes)
Event: 41.342 Thread 0x000001c5fb53a270 nmethod 3071 0x000001c5e7c1cb08 code [0x000001c5e7c1cc60, 0x000001c5e7c1d090]
Event: 41.342 Thread 0x000001c5fb53a270 3069   !   3       java.lang.reflect.Proxy::newProxyInstance (79 bytes)
Event: 41.343 Thread 0x000001c5fb53a270 nmethod 3069 0x000001c5e7c1d108 code [0x000001c5e7c1d2e0, 0x000001c5e7c1de48]

GC Heap History (12 events):
Event: 5.512 GC heap before
{Heap before GC invocations=0 (full 0):
 garbage-first heap   total reserved 2097152K, committed 61440K, used 13312K [0x0000000080000000, 0x0000000100000000)
  region size 1024K, 14 young (14336K), 0 survivors (0K)
 Metaspace       used 1083K, committed 1216K, reserved 1114112K
  class space    used 88K, committed 128K, reserved 1048576K
}
Event: 5.705 GC heap after
{Heap after GC invocations=1 (full 0):
 garbage-first heap   total reserved 2097152K, committed 61440K, used 3616K [0x0000000080000000, 0x0000000100000000)
  region size 1024K, 2 young (2048K), 2 survivors (2048K)
 Metaspace       used 1083K, committed 1216K, reserved 1114112K
  class space    used 88K, committed 128K, reserved 1048576K
}
Event: 9.393 GC heap before
{Heap before GC invocations=1 (full 0):
 garbage-first heap   total reserved 2097152K, committed 61440K, used 16928K [0x0000000080000000, 0x0000000100000000)
  region size 1024K, 12 young (12288K), 2 survivors (2048K)
 Metaspace       used 3535K, committed 3712K, reserved 1114112K
  class space    used 467K, committed 576K, reserved 1048576K
}
Event: 9.405 GC heap after
{Heap after GC invocations=2 (full 0):
 garbage-first heap   total reserved 2097152K, committed 61440K, used 10822K [0x0000000080000000, 0x0000000100000000)
  region size 1024K, 2 young (2048K), 2 survivors (2048K)
 Metaspace       used 3535K, committed 3712K, reserved 1114112K
  class space    used 467K, committed 576K, reserved 1048576K
}
Event: 13.431 GC heap before
{Heap before GC invocations=2 (full 0):
 garbage-first heap   total reserved 2097152K, committed 61440K, used 28230K [0x0000000080000000, 0x0000000100000000)
  region size 1024K, 20 young (20480K), 2 survivors (2048K)
 Metaspace       used 4344K, committed 4480K, reserved 1114112K
  class space    used 555K, committed 640K, reserved 1048576K
}
Event: 13.440 GC heap after
{Heap after GC invocations=3 (full 0):
 garbage-first heap   total reserved 2097152K, committed 61440K, used 11548K [0x0000000080000000, 0x0000000100000000)
  region size 1024K, 1 young (1024K), 1 survivors (1024K)
 Metaspace       used 4344K, committed 4480K, reserved 1114112K
  class space    used 555K, committed 640K, reserved 1048576K
}
Event: 16.081 GC heap before
{Heap before GC invocations=3 (full 0):
 garbage-first heap   total reserved 2097152K, committed 61440K, used 36124K [0x0000000080000000, 0x0000000100000000)
  region size 1024K, 25 young (25600K), 1 survivors (1024K)
 Metaspace       used 4957K, committed 5120K, reserved 1114112K
  class space    used 664K, committed 768K, reserved 1048576K
}
Event: 16.093 GC heap after
{Heap after GC invocations=4 (full 0):
 garbage-first heap   total reserved 2097152K, committed 61440K, used 16898K [0x0000000080000000, 0x0000000100000000)
  region size 1024K, 4 young (4096K), 4 survivors (4096K)
 Metaspace       used 4957K, committed 5120K, reserved 1114112K
  class space    used 664K, committed 768K, reserved 1048576K
}
Event: 27.464 GC heap before
{Heap before GC invocations=4 (full 0):
 garbage-first heap   total reserved 2097152K, committed 61440K, used 40450K [0x0000000080000000, 0x0000000100000000)
  region size 1024K, 27 young (27648K), 4 survivors (4096K)
 Metaspace       used 10814K, committed 11136K, reserved 1114112K
  class space    used 1483K, committed 1600K, reserved 1048576K
}
Event: 27.477 GC heap after
{Heap after GC invocations=5 (full 0):
 garbage-first heap   total reserved 2097152K, committed 61440K, used 19854K [0x0000000080000000, 0x0000000100000000)
  region size 1024K, 4 young (4096K), 4 survivors (4096K)
 Metaspace       used 10814K, committed 11136K, reserved 1114112K
  class space    used 1483K, committed 1600K, reserved 1048576K
}
Event: 37.129 GC heap before
{Heap before GC invocations=5 (full 0):
 garbage-first heap   total reserved 2097152K, committed 61440K, used 41358K [0x0000000080000000, 0x0000000100000000)
  region size 1024K, 26 young (26624K), 4 survivors (4096K)
 Metaspace       used 15031K, committed 15488K, reserved 1114112K
  class space    used 2093K, committed 2304K, reserved 1048576K
}
Event: 37.145 GC heap after
{Heap after GC invocations=6 (full 0):
 garbage-first heap   total reserved 2097152K, committed 61440K, used 21331K [0x0000000080000000, 0x0000000100000000)
  region size 1024K, 2 young (2048K), 2 survivors (2048K)
 Metaspace       used 15031K, committed 15488K, reserved 1114112K
  class space    used 2093K, committed 2304K, reserved 1048576K
}

Dll operation events (15 events):
Event: 0.057 Loaded shared library C:\Program Files\Java\jdk-23\bin\java.dll
Event: 0.562 Loaded shared library C:\Program Files\Java\jdk-23\bin\jsvml.dll
Event: 0.932 Loaded shared library C:\Program Files\Java\jdk-23\bin\zip.dll
Event: 0.954 Loaded shared library C:\Program Files\Java\jdk-23\bin\instrument.dll
Event: 0.967 Loaded shared library C:\Program Files\Java\jdk-23\bin\net.dll
Event: 0.976 Loaded shared library C:\Program Files\Java\jdk-23\bin\nio.dll
Event: 0.997 Loaded shared library C:\Program Files\Java\jdk-23\bin\zip.dll
Event: 3.374 Loaded shared library C:\Program Files\Java\jdk-23\bin\jimage.dll
Event: 5.267 Loaded shared library C:\Program Files\Java\jdk-23\bin\verify.dll
Event: 7.759 Loaded shared library C:\Users\Duy\.gradle\native\c067742578af261105cb4f569cf0c3c89f3d7b1fecec35dd04571415982c5e48\windows-amd64\native-platform.dll
Event: 7.856 Loaded shared library C:\Users\Duy\.gradle\native\38dada09dfb8b06ba9b0570ebf7e218e3eb74d4ef43ca46872605cf95ebc2f47\windows-amd64\native-platform-file-events.dll
Event: 17.665 Loaded shared library C:\Program Files\Java\jdk-23\bin\management.dll
Event: 17.700 Loaded shared library C:\Program Files\Java\jdk-23\bin\management_ext.dll
Event: 23.349 Loaded shared library C:\Program Files\Java\jdk-23\bin\extnet.dll
Event: 25.075 Loaded shared library C:\Program Files\Java\jdk-23\bin\sunmscapi.dll

Deoptimization events (20 events):
Event: 34.546 Thread 0x000001c5c667e290 Uncommon trap: trap_request=0xffffff45 fr.pc=0x000001c5ef294734 relative=0x00000000000005d4
Event: 34.546 Thread 0x000001c5c667e290 Uncommon trap: reason=unstable_if action=reinterpret pc=0x000001c5ef294734 method=java.lang.AbstractStringBuilder.append(Ljava/lang/String;)Ljava/lang/AbstractStringBuilder; @ 1 c2
Event: 34.546 Thread 0x000001c5c667e290 DEOPT PACKING pc=0x000001c5ef294734 sp=0x0000002f207fe410
Event: 34.547 Thread 0x000001c5c667e290 DEOPT UNPACKING pc=0x000001c5eed143fc sp=0x0000002f207fe3e8 mode 2
Event: 37.265 Thread 0x000001c5c52dcab0 Uncommon trap: trap_request=0xffffff45 fr.pc=0x000001c5ef27424c relative=0x0000000000000a6c
Event: 37.265 Thread 0x000001c5c52dcab0 Uncommon trap: reason=unstable_if action=reinterpret pc=0x000001c5ef27424c method=java.io.WinNTFileSystem.resolve(Ljava/lang/String;Ljava/lang/String;)Ljava/lang/String; @ 42 c2
Event: 37.265 Thread 0x000001c5c52dcab0 DEOPT PACKING pc=0x000001c5ef27424c sp=0x0000002f20bfba80
Event: 37.265 Thread 0x000001c5c52dcab0 DEOPT UNPACKING pc=0x000001c5eed143fc sp=0x0000002f20bfba18 mode 2
Event: 37.292 Thread 0x000001c5c52dcab0 Uncommon trap: trap_request=0xffffff45 fr.pc=0x000001c5ef2b8dcc relative=0x000000000000050c
Event: 37.292 Thread 0x000001c5c52dcab0 Uncommon trap: reason=unstable_if action=reinterpret pc=0x000001c5ef2b8dcc method=java.io.File.getName()Ljava/lang/String; @ 16 c2
Event: 37.292 Thread 0x000001c5c52dcab0 DEOPT PACKING pc=0x000001c5ef2b8dcc sp=0x0000002f20bfba50
Event: 37.292 Thread 0x000001c5c52dcab0 DEOPT UNPACKING pc=0x000001c5eed143fc sp=0x0000002f20bfba20 mode 2
Event: 39.062 Thread 0x000001c5c52dcab0 Uncommon trap: trap_request=0xffffff45 fr.pc=0x000001c5ef2d65a0 relative=0x00000000000006e0
Event: 39.062 Thread 0x000001c5c52dcab0 Uncommon trap: reason=unstable_if action=reinterpret pc=0x000001c5ef2d65a0 method=java.util.ArrayList.grow(I)[Ljava/lang/Object; @ 17 c2
Event: 39.062 Thread 0x000001c5c52dcab0 DEOPT PACKING pc=0x000001c5ef2d65a0 sp=0x0000002f20bfd4a0
Event: 39.062 Thread 0x000001c5c52dcab0 DEOPT UNPACKING pc=0x000001c5eed143fc sp=0x0000002f20bfd338 mode 2
Event: 39.406 Thread 0x000001c5c52dcab0 Uncommon trap: trap_request=0xffffff45 fr.pc=0x000001c5ef327e08 relative=0x0000000000000c48
Event: 39.406 Thread 0x000001c5c52dcab0 Uncommon trap: reason=unstable_if action=reinterpret pc=0x000001c5ef327e08 method=jdk.internal.org.objectweb.asm.Frame.execute(IILjdk/internal/org/objectweb/asm/Symbol;Ljdk/internal/org/objectweb/asm/SymbolTable;)V @ 1952 c2
Event: 39.406 Thread 0x000001c5c52dcab0 DEOPT PACKING pc=0x000001c5ef327e08 sp=0x0000002f20bfce50
Event: 39.406 Thread 0x000001c5c52dcab0 DEOPT UNPACKING pc=0x000001c5eed143fc sp=0x0000002f20bfcdd0 mode 2

Classes loaded (20 events):
Event: 40.499 Loading class java/io/ObjectStreamClass$5
Event: 40.499 Loading class java/io/ObjectStreamClass$5 done
Event: 40.501 Loading class java/io/ObjectStreamClass$ClassDataSlot
Event: 40.501 Loading class java/io/ObjectStreamClass$ClassDataSlot done
Event: 40.505 Loading class jdk/internal/reflect/MethodHandleLongFieldAccessorImpl
Event: 40.507 Loading class jdk/internal/reflect/MethodHandleLongFieldAccessorImpl done
Event: 40.510 Loading class java/io/UnsupportedEncodingException
Event: 40.510 Loading class java/io/UnsupportedEncodingException done
Event: 40.510 Loading class java/nio/charset/CharacterCodingException
Event: 40.511 Loading class java/nio/charset/CharacterCodingException done
Event: 40.511 Loading class java/util/stream/IntStream
Event: 40.512 Loading class java/util/stream/IntStream done
Event: 40.513 Loading class java/lang/foreign/MemorySegment
Event: 40.515 Loading class java/lang/foreign/MemorySegment done
Event: 40.762 Loading class java/util/function/LongFunction
Event: 40.763 Loading class java/util/function/LongFunction done
Event: 40.924 Loading class java/security/InvalidKeyException
Event: 40.924 Loading class java/security/KeyException
Event: 40.925 Loading class java/security/KeyException done
Event: 40.925 Loading class java/security/InvalidKeyException done

Classes unloaded (0 events):
No events

Classes redefined (0 events):
No events

Internal exceptions (20 events):
Event: 38.639 Thread 0x000001c5c52dcab0 Exception <a 'java/lang/NoSuchMethodError'{0x0000000083791548}: 'int java.lang.invoke.DirectMethodHandle$Holder.invokeStatic(java.lang.Object, java.lang.Object, java.lang.Object, java.lang.Object)'> (0x0000000083791548) 
thrown [s\open\src\hotspot\share\interpreter\linkResolver.cpp, line 796]
Event: 39.396 Thread 0x000001c5c52dcab0 Exception <a 'java/lang/NoSuchMethodError'{0x00000000835cc840}: 'java.lang.Object java.lang.invoke.DelegatingMethodHandle$Holder.reinvoke_L(java.lang.Object, java.lang.Object, java.lang.Object, java.lang.Object, java.lang.Object, java.lang.Object, java.lang.Object, java.lang.Object, java.lang.Object, java.lang.Object, java.lang.Object, java.lang.Object, java.lang.Object, java.lang.Object, java.lang.Object, java.lang.Object, java.lang.Object, java.lang.Object, java.lang.Object, java.lang.Object, java.lang.O
Event: 39.408 Thread 0x000001c5c52dcab0 Exception <a 'java/lang/NoSuchMethodError'{0x0000000083426ff0}: 'java.lang.Object java.lang.invoke.DirectMethodHandle$Holder.invokeStatic(java.lang.Object, java.lang.Object, java.lang.Object, java.lang.Object, java.lang.Object, java.lang.Object, java.lang.Object, java.lang.Object, java.lang.Object, java.lang.Object, java.lang.Object, java.lang.Object, java.lang.Object, java.lang.Object, java.lang.Object)'> (0x0000000083426ff0) 
thrown [s\open\src\hotspot\share\interpreter\linkResolver.cpp, line 796]
Event: 39.412 Thread 0x000001c5c52dcab0 Exception <a 'java/lang/NoSuchMethodError'{0x000000008344bb20}: 'java.lang.Object java.lang.invoke.DirectMethodHandle$Holder.invokeStatic(java.lang.Object, java.lang.Object, java.lang.Object, java.lang.Object, java.lang.Object, java.lang.Object, java.lang.Object, java.lang.Object, java.lang.Object, java.lang.Object, java.lang.Object, java.lang.Object, java.lang.Object, java.lang.Object, java.lang.Object, java.lang.Object)'> (0x000000008344bb20) 
thrown [s\open\src\hotspot\share\interpreter\linkResolver.cpp
Event: 39.419 Thread 0x000001c5c52dcab0 Exception <a 'java/lang/NoSuchMethodError'{0x00000000834735b8}: 'java.lang.Object java.lang.invoke.DirectMethodHandle$Holder.invokeStatic(java.lang.Object, java.lang.Object, java.lang.Object, java.lang.Object, java.lang.Object, java.lang.Object, java.lang.Object, java.lang.Object, java.lang.Object, java.lang.Object, java.lang.Object, java.lang.Object, java.lang.Object, java.lang.Object, java.lang.Object, java.lang.Object, java.lang.Object)'> (0x00000000834735b8) 
thrown [s\open\src\hotspot\share\interprete
Event: 39.423 Thread 0x000001c5c52dcab0 Exception <a 'java/lang/NoSuchMethodError'{0x000000008349c5d0}: 'java.lang.Object java.lang.invoke.DirectMethodHandle$Holder.invokeStatic(java.lang.Object, java.lang.Object, java.lang.Object, java.lang.Object, java.lang.Object, java.lang.Object, java.lang.Object, java.lang.Object, java.lang.Object, java.lang.Object, java.lang.Object, java.lang.Object, java.lang.Object, java.lang.Object, java.lang.Object, java.lang.Object, java.lang.Object, java.lang.Object)'> (0x000000008349c5d0) 
thrown [s\open\src\hotspo
Event: 39.428 Thread 0x000001c5c52dcab0 Exception <a 'java/lang/NoSuchMethodError'{0x00000000834c6998}: 'java.lang.Object java.lang.invoke.DirectMethodHandle$Holder.invokeStatic(java.lang.Object, java.lang.Object, java.lang.Object, java.lang.Object, java.lang.Object, java.lang.Object, java.lang.Object, java.lang.Object, java.lang.Object, java.lang.Object, java.lang.Object, java.lang.Object, java.lang.Object, java.lang.Object, java.lang.Object, java.lang.Object, java.lang.Object, java.lang.Object, java.lang.Object)'> (0x00000000834c6998) 
thrown 
Event: 39.436 Thread 0x000001c5c52dcab0 Exception <a 'java/lang/NoSuchMethodError'{0x00000000834f2198}: 'java.lang.Object java.lang.invoke.DirectMethodHandle$Holder.invokeStatic(java.lang.Object, java.lang.Object, java.lang.Object, java.lang.Object, java.lang.Object, java.lang.Object, java.lang.Object, java.lang.Object, java.lang.Object, java.lang.Object, java.lang.Object, java.lang.Object, java.lang.Object, java.lang.Object, java.lang.Object, java.lang.Object, java.lang.Object, java.lang.Object, java.lang.Object, java.lang.Object)'> (0x00000000
Event: 39.442 Thread 0x000001c5c52dcab0 Exception <a 'java/lang/NoSuchMethodError'{0x000000008331eb00}: 'java.lang.Object java.lang.invoke.DirectMethodHandle$Holder.invokeStatic(java.lang.Object, java.lang.Object, java.lang.Object, java.lang.Object, java.lang.Object, java.lang.Object, java.lang.Object, java.lang.Object, java.lang.Object, java.lang.Object, java.lang.Object, java.lang.Object, java.lang.Object, java.lang.Object, java.lang.Object, java.lang.Object, java.lang.Object, java.lang.Object, java.lang.Object, java.lang.Object, java.lang.Obj
Event: 39.446 Thread 0x000001c5c52dcab0 Exception <a 'java/lang/NoSuchMethodError'{0x000000008334c598}: 'java.lang.Object java.lang.invoke.DirectMethodHandle$Holder.invokeStatic(java.lang.Object, java.lang.Object, java.lang.Object, java.lang.Object, java.lang.Object, java.lang.Object, java.lang.Object, java.lang.Object, java.lang.Object, java.lang.Object, java.lang.Object, java.lang.Object, java.lang.Object, java.lang.Object, java.lang.Object, java.lang.Object, java.lang.Object, java.lang.Object, java.lang.Object, java.lang.Object, java.lang.Obj
Event: 39.453 Thread 0x000001c5c52dcab0 Exception <a 'java/lang/NoSuchMethodError'{0x000000008337ab10}: 'java.lang.Object java.lang.invoke.DirectMethodHandle$Holder.invokeStatic(java.lang.Object, java.lang.Object, java.lang.Object, java.lang.Object, java.lang.Object, java.lang.Object, java.lang.Object, java.lang.Object, java.lang.Object, java.lang.Object, java.lang.Object, java.lang.Object, java.lang.Object, java.lang.Object, java.lang.Object, java.lang.Object, java.lang.Object, java.lang.Object, java.lang.Object, java.lang.Object, java.lang.Obj
Event: 39.458 Thread 0x000001c5c52dcab0 Exception <a 'java/lang/NoSuchMethodError'{0x00000000833a9d58}: 'java.lang.Object java.lang.invoke.DirectMethodHandle$Holder.invokeStatic(java.lang.Object, java.lang.Object, java.lang.Object, java.lang.Object, java.lang.Object, java.lang.Object, java.lang.Object, java.lang.Object, java.lang.Object, java.lang.Object, java.lang.Object, java.lang.Object, java.lang.Object, java.lang.Object, java.lang.Object, java.lang.Object, java.lang.Object, java.lang.Object, java.lang.Object, java.lang.Object, java.lang.Obj
Event: 39.463 Thread 0x000001c5c52dcab0 Exception <a 'java/lang/NoSuchMethodError'{0x00000000833d9de0}: 'java.lang.Object java.lang.invoke.DirectMethodHandle$Holder.invokeStatic(java.lang.Object, java.lang.Object, java.lang.Object, java.lang.Object, java.lang.Object, java.lang.Object, java.lang.Object, java.lang.Object, java.lang.Object, java.lang.Object, java.lang.Object, java.lang.Object, java.lang.Object, java.lang.Object, java.lang.Object, java.lang.Object, java.lang.Object, java.lang.Object, java.lang.Object, java.lang.Object, java.lang.Obj
Event: 39.471 Thread 0x000001c5c52dcab0 Exception <a 'java/lang/NoSuchMethodError'{0x000000008320bc10}: 'java.lang.Object java.lang.invoke.DirectMethodHandle$Holder.invokeStatic(java.lang.Object, java.lang.Object, java.lang.Object, java.lang.Object, java.lang.Object, java.lang.Object, java.lang.Object, java.lang.Object, java.lang.Object, java.lang.Object, java.lang.Object, java.lang.Object, java.lang.Object, java.lang.Object, java.lang.Object, java.lang.Object, java.lang.Object, java.lang.Object, java.lang.Object, java.lang.Object, java.lang.Obj
Event: 39.968 Thread 0x000001c5c52dcab0 Exception <a 'java/lang/IncompatibleClassChangeError'{0x000000008312ffd0}: Found class java.lang.Object, but interface was expected> (0x000000008312ffd0) 
thrown [s\open\src\hotspot\share\interpreter\linkResolver.cpp, line 863]
Event: 40.498 Thread 0x000001c5c52dd7d0 Exception <a 'java/lang/NoSuchMethodError'{0x0000000082e27d68}: static Lorg/gradle/internal/build/event/types/DefaultOperationStartedProgressEvent;.<clinit>()V> (0x0000000082e27d68) 
thrown [s\open\src\hotspot\share\prims\jni.cpp, line 1111]
Event: 40.500 Thread 0x000001c5c52dd7d0 Exception <a 'java/lang/NoSuchMethodError'{0x0000000082e29ee0}: static Lorg/gradle/internal/build/event/types/AbstractProgressEvent;.<clinit>()V> (0x0000000082e29ee0) 
thrown [s\open\src\hotspot\share\prims\jni.cpp, line 1111]
Event: 40.503 Thread 0x000001c5c52dd7d0 Exception <a 'java/lang/NoSuchMethodError'{0x0000000082e302d8}: static Lorg/gradle/internal/build/event/types/DefaultOperationDescriptor;.<clinit>()V> (0x0000000082e302d8) 
thrown [s\open\src\hotspot\share\prims\jni.cpp, line 1111]
Event: 40.507 Thread 0x000001c5c52dd7d0 Exception <a 'java/lang/NoSuchMethodError'{0x0000000082e354c8}: 'long java.lang.invoke.Invokers$Holder.invokeExact_MT(java.lang.Object, java.lang.Object)'> (0x0000000082e354c8) 
thrown [s\open\src\hotspot\share\interpreter\linkResolver.cpp, line 796]
Event: 40.519 Thread 0x000001c5c52dd7d0 Exception <a 'java/lang/NoSuchMethodError'{0x0000000082e4b428}: static Lorg/gradle/internal/operations/OperationIdentifier;.<clinit>()V> (0x0000000082e4b428) 
thrown [s\open\src\hotspot\share\prims\jni.cpp, line 1111]

VM Operations (20 events):
Event: 18.578 Executing VM operation: HandshakeAllThreads (Deoptimize)
Event: 18.578 Executing VM operation: HandshakeAllThreads (Deoptimize) done
Event: 19.530 Executing VM operation: HandshakeAllThreads (Deoptimize)
Event: 19.530 Executing VM operation: HandshakeAllThreads (Deoptimize) done
Event: 24.873 Executing VM operation: HandshakeAllThreads (Deoptimize)
Event: 24.873 Executing VM operation: HandshakeAllThreads (Deoptimize) done
Event: 27.464 Executing VM operation: G1CollectForAllocation (G1 Evacuation Pause)
Event: 27.477 Executing VM operation: G1CollectForAllocation (G1 Evacuation Pause) done
Event: 29.923 Executing VM operation: HandshakeAllThreads (Deoptimize)
Event: 29.923 Executing VM operation: HandshakeAllThreads (Deoptimize) done
Event: 31.213 Executing VM operation: HandshakeAllThreads (Deoptimize)
Event: 31.213 Executing VM operation: HandshakeAllThreads (Deoptimize) done
Event: 34.573 Executing VM operation: HandshakeAllThreads (Deoptimize)
Event: 34.573 Executing VM operation: HandshakeAllThreads (Deoptimize) done
Event: 37.129 Executing VM operation: G1CollectForAllocation (G1 Evacuation Pause)
Event: 37.145 Executing VM operation: G1CollectForAllocation (G1 Evacuation Pause) done
Event: 39.665 Executing VM operation: HandshakeAllThreads (Deoptimize)
Event: 39.665 Executing VM operation: HandshakeAllThreads (Deoptimize) done
Event: 39.666 Executing VM operation: HandshakeAllThreads (Deoptimize)
Event: 39.666 Executing VM operation: HandshakeAllThreads (Deoptimize) done

Memory protections (0 events):
No events

Nmethod flushes (0 events):
No events

Events (20 events):
Event: 0.495 Thread 0x000001c5dcd75650 Thread added: 0x000001c5fb535700
Event: 0.496 Thread 0x000001c5dcd75650 Thread added: 0x000001c5fb536160
Event: 0.496 Thread 0x000001c5dcd75650 Thread added: 0x000001c5fb536bc0
Event: 0.498 Thread 0x000001c5dcd75650 Thread added: 0x000001c5fb537950
Event: 0.518 Thread 0x000001c5dcd75650 Thread added: 0x000001c5fb53a270
Event: 0.672 Thread 0x000001c5dcd75650 Thread added: 0x000001c5c50a6090
Event: 1.140 Thread 0x000001c5dcd75650 Thread added: 0x000001c5c51c5320
Event: 17.958 Thread 0x000001c5dcd75650 Thread added: 0x000001c5c67a1d20
Event: 23.749 Thread 0x000001c5dcd75650 Thread added: 0x000001c5c5ba8780
Event: 24.497 Thread 0x000001c5dcd75650 Thread added: 0x000001c5c667e290
Event: 25.240 Thread 0x000001c5c5ba8780 Thread added: 0x000001c5c68e2020
Event: 25.285 Thread 0x000001c5c68e2020 Thread added: 0x000001c5c6a1f530
Event: 26.648 Thread 0x000001c5c68e2020 Thread added: 0x000001c5c5a93fd0
Event: 26.675 Thread 0x000001c5c68e2020 Thread added: 0x000001c5c52dcab0
Event: 26.871 Thread 0x000001c5c52dcab0 Thread added: 0x000001c5c52df210
Event: 26.927 Thread 0x000001c5c52dcab0 Thread added: 0x000001c5c52dd140
Event: 26.955 Thread 0x000001c5c52dcab0 Thread added: 0x000001c5c52dd7d0
Event: 31.214 Thread 0x000001c5c52dcab0 Thread added: 0x000001c5c52df8a0
Event: 31.347 Thread 0x000001c5c52dcab0 Thread added: 0x000001c5c52dde60
Event: 35.425 Thread 0x000001c5c52dcab0 Thread added: 0x000001c5c52de4f0


Dynamic libraries:
0x00007ff7b4810000 - 0x00007ff7b4820000 	C:\Program Files\Java\jdk-23\bin\java.exe
0x00007ff9ea8d0000 - 0x00007ff9eaae7000 	C:\WINDOWS\SYSTEM32\ntdll.dll
0x00007ff9e9dd0000 - 0x00007ff9e9e94000 	C:\WINDOWS\System32\KERNEL32.DLL
0x00007ff9e7e00000 - 0x00007ff9e81b9000 	C:\WINDOWS\System32\KERNELBASE.dll
0x00007ff9e7c40000 - 0x00007ff9e7d51000 	C:\WINDOWS\System32\ucrtbase.dll
0x00007ff9d5f00000 - 0x00007ff9d5f17000 	C:\Program Files\Java\jdk-23\bin\jli.dll
0x00007ff9e9210000 - 0x00007ff9e93be000 	C:\WINDOWS\System32\USER32.dll
0x00007ff9e83b0000 - 0x00007ff9e83d6000 	C:\WINDOWS\System32\win32u.dll
0x00007ff9ea860000 - 0x00007ff9ea889000 	C:\WINDOWS\System32\GDI32.dll
0x00007ff9e83e0000 - 0x00007ff9e84fb000 	C:\WINDOWS\System32\gdi32full.dll
0x00007ff9e7d60000 - 0x00007ff9e7dfa000 	C:\WINDOWS\System32\msvcp_win.dll
0x00007ff9cdc90000 - 0x00007ff9cdf22000 	C:\WINDOWS\WinSxS\amd64_microsoft.windows.common-controls_6595b64144ccf1df_6.0.22621.4391_none_2715d37f73803e96\COMCTL32.dll
0x00007ff9e9d20000 - 0x00007ff9e9dc7000 	C:\WINDOWS\System32\msvcrt.dll
0x00007ff9d5890000 - 0x00007ff9d58ab000 	C:\Program Files\Java\jdk-23\bin\VCRUNTIME140.dll
0x00007ff9ea330000 - 0x00007ff9ea361000 	C:\WINDOWS\System32\IMM32.DLL
0x00007ff9d8420000 - 0x00007ff9d842c000 	C:\Program Files\Java\jdk-23\bin\vcruntime140_1.dll
0x00007ff9ab600000 - 0x00007ff9ab68e000 	C:\Program Files\Java\jdk-23\bin\msvcp140.dll
0x00007ff96ca80000 - 0x00007ff96d7cf000 	C:\Program Files\Java\jdk-23\bin\server\jvm.dll
0x00007ff9ea5a0000 - 0x00007ff9ea652000 	C:\WINDOWS\System32\ADVAPI32.dll
0x00007ff9e9aa0000 - 0x00007ff9e9b47000 	C:\WINDOWS\System32\sechost.dll
0x00007ff9e85c0000 - 0x00007ff9e85e8000 	C:\WINDOWS\System32\bcrypt.dll
0x00007ff9e90f0000 - 0x00007ff9e9204000 	C:\WINDOWS\System32\RPCRT4.dll
0x00007ff9ea2b0000 - 0x00007ff9ea321000 	C:\WINDOWS\System32\WS2_32.dll
0x00007ff9e7aa0000 - 0x00007ff9e7aed000 	C:\WINDOWS\SYSTEM32\POWRPROF.dll
0x00007ff9e2390000 - 0x00007ff9e23c4000 	C:\WINDOWS\SYSTEM32\WINMM.dll
0x00007ff9df3d0000 - 0x00007ff9df3da000 	C:\WINDOWS\SYSTEM32\VERSION.dll
0x00007ff9e7a80000 - 0x00007ff9e7a93000 	C:\WINDOWS\SYSTEM32\UMPDC.dll
0x00007ff9e6bd0000 - 0x00007ff9e6be8000 	C:\WINDOWS\SYSTEM32\kernel.appcore.dll
0x00007ff9d5880000 - 0x00007ff9d588a000 	C:\Program Files\Java\jdk-23\bin\jimage.dll
0x00007ff9e54e0000 - 0x00007ff9e5712000 	C:\WINDOWS\SYSTEM32\DBGHELP.DLL
0x00007ff9e9ea0000 - 0x00007ff9ea22f000 	C:\WINDOWS\System32\combase.dll
0x00007ff9ea4c0000 - 0x00007ff9ea597000 	C:\WINDOWS\System32\OLEAUT32.dll
0x00007ff9df280000 - 0x00007ff9df2b2000 	C:\WINDOWS\SYSTEM32\dbgcore.DLL
0x00007ff9e8330000 - 0x00007ff9e83ab000 	C:\WINDOWS\System32\bcryptPrimitives.dll
0x00007ff9d4d80000 - 0x00007ff9d4d8f000 	C:\Program Files\Java\jdk-23\bin\instrument.dll
0x00007ff9d3dc0000 - 0x00007ff9d3dde000 	C:\Program Files\Java\jdk-23\bin\java.dll
0x00007ff9e9470000 - 0x00007ff9e9615000 	C:\WINDOWS\System32\ole32.dll
0x00007ff9e87c0000 - 0x00007ff9e9036000 	C:\WINDOWS\System32\SHELL32.dll
0x00007ff9e5ac0000 - 0x00007ff9e63c3000 	C:\WINDOWS\SYSTEM32\windows.storage.dll
0x00007ff9e5980000 - 0x00007ff9e5abf000 	C:\WINDOWS\SYSTEM32\wintypes.dll
0x00007ff9ea370000 - 0x00007ff9ea469000 	C:\WINDOWS\System32\SHCORE.dll
0x00007ff9e8760000 - 0x00007ff9e87be000 	C:\WINDOWS\System32\shlwapi.dll
0x00007ff9e7b00000 - 0x00007ff9e7b2b000 	C:\WINDOWS\SYSTEM32\profapi.dll
0x00007ff9a1d30000 - 0x00007ff9a1e07000 	C:\Program Files\Java\jdk-23\bin\jsvml.dll
0x00007ff9d3da0000 - 0x00007ff9d3db7000 	C:\Program Files\Java\jdk-23\bin\zip.dll
0x00007ff9d4d10000 - 0x00007ff9d4d20000 	C:\Program Files\Java\jdk-23\bin\net.dll
0x00007ff9e7040000 - 0x00007ff9e70a9000 	C:\WINDOWS\system32\mswsock.dll
0x00007ff9d38a0000 - 0x00007ff9d38b6000 	C:\Program Files\Java\jdk-23\bin\nio.dll
0x00007ff9d3f20000 - 0x00007ff9d3f30000 	C:\Program Files\Java\jdk-23\bin\verify.dll
0x00007ff9c5b10000 - 0x00007ff9c5b37000 	C:\Users\Duy\.gradle\native\c067742578af261105cb4f569cf0c3c89f3d7b1fecec35dd04571415982c5e48\windows-amd64\native-platform.dll
0x00007ff9b2900000 - 0x00007ff9b2a44000 	C:\Users\Duy\.gradle\native\38dada09dfb8b06ba9b0570ebf7e218e3eb74d4ef43ca46872605cf95ebc2f47\windows-amd64\native-platform-file-events.dll
0x00007ff9d3ef0000 - 0x00007ff9d3efa000 	C:\Program Files\Java\jdk-23\bin\management.dll
0x00007ff9d3d70000 - 0x00007ff9d3d7b000 	C:\Program Files\Java\jdk-23\bin\management_ext.dll
0x00007ff9e8750000 - 0x00007ff9e8758000 	C:\WINDOWS\System32\PSAPI.DLL
0x00007ff9e7390000 - 0x00007ff9e73ab000 	C:\WINDOWS\SYSTEM32\CRYPTSP.dll
0x00007ff9e6b30000 - 0x00007ff9e6b65000 	C:\WINDOWS\system32\rsaenh.dll
0x00007ff9e70e0000 - 0x00007ff9e7108000 	C:\WINDOWS\SYSTEM32\USERENV.dll
0x00007ff9e7370000 - 0x00007ff9e737c000 	C:\WINDOWS\SYSTEM32\CRYPTBASE.dll
0x00007ff9e6670000 - 0x00007ff9e669d000 	C:\WINDOWS\SYSTEM32\IPHLPAPI.DLL
0x00007ff9ea660000 - 0x00007ff9ea669000 	C:\WINDOWS\System32\NSI.dll
0x00007ff9d3890000 - 0x00007ff9d3899000 	C:\Program Files\Java\jdk-23\bin\extnet.dll
0x00007ff9d3880000 - 0x00007ff9d388e000 	C:\Program Files\Java\jdk-23\bin\sunmscapi.dll
0x00007ff9e81c0000 - 0x00007ff9e8326000 	C:\WINDOWS\System32\CRYPT32.dll
0x00007ff9e74a0000 - 0x00007ff9e74cd000 	C:\WINDOWS\SYSTEM32\ncrypt.dll
0x00007ff9e7460000 - 0x00007ff9e7497000 	C:\WINDOWS\SYSTEM32\NTASN1.dll
0x00007ff9d3c40000 - 0x00007ff9d3c48000 	C:\WINDOWS\system32\wshunix.dll

dbghelp: loaded successfully - version: 4.0.5 - missing functions: none
symbol engine: initialized successfully - sym options: 0x614 - pdb path: .;C:\Program Files\Java\jdk-23\bin;C:\WINDOWS\SYSTEM32;C:\WINDOWS\WinSxS\amd64_microsoft.windows.common-controls_6595b64144ccf1df_6.0.22621.4391_none_2715d37f73803e96;C:\Program Files\Java\jdk-23\bin\server;C:\Users\Duy\.gradle\native\c067742578af261105cb4f569cf0c3c89f3d7b1fecec35dd04571415982c5e48\windows-amd64;C:\Users\Duy\.gradle\native\38dada09dfb8b06ba9b0570ebf7e218e3eb74d4ef43ca46872605cf95ebc2f47\windows-amd64

VM Arguments:
jvm_args: --add-opens=java.base/java.util=ALL-UNNAMED --add-opens=java.base/java.lang=ALL-UNNAMED --add-opens=java.base/java.lang.invoke=ALL-UNNAMED --add-opens=java.prefs/java.util.prefs=ALL-UNNAMED --add-opens=java.base/java.nio.charset=ALL-UNNAMED --add-opens=java.base/java.net=ALL-UNNAMED --add-opens=java.base/java.util.concurrent.atomic=ALL-UNNAMED -Xmx2048m -Dfile.encoding=UTF-8 -Duser.country=US -Duser.language=en -Duser.variant -javaagent:C:\Users\Duy\.gradle\wrapper\dists\gradle-8.7-bin\bhs2wmbdwecv87pi65oeuq5iu\gradle-8.7\lib\agents\gradle-instrumentation-agent-8.7.jar 
java_command: org.gradle.launcher.daemon.bootstrap.GradleDaemon 8.7
java_class_path (initial): C:\Users\Duy\.gradle\wrapper\dists\gradle-8.7-bin\bhs2wmbdwecv87pi65oeuq5iu\gradle-8.7\lib\gradle-launcher-8.7.jar
Launcher Type: SUN_STANDARD

[Global flags]
     intx CICompilerCount                          = 3                                         {product} {ergonomic}
     uint ConcGCThreads                            = 1                                         {product} {ergonomic}
     uint G1ConcRefinementThreads                  = 4                                         {product} {ergonomic}
   size_t G1HeapRegionSize                         = 1048576                                   {product} {ergonomic}
   size_t InitialHeapSize                          = 62914560                                  {product} {ergonomic}
   size_t MarkStackSize                            = 4194304                                   {product} {ergonomic}
   size_t MarkStackSizeMax                         = 536870912                                 {product} {ergonomic}
   size_t MaxHeapSize                              = 2147483648                                {product} {command line}
   size_t MaxNewSize                               = 1287651328                                {product} {ergonomic}
   size_t MinHeapDeltaBytes                        = 1048576                                   {product} {ergonomic}
   size_t MinHeapSize                              = 8388608                                   {product} {ergonomic}
    uintx NonNMethodCodeHeapSize                   = 5832704                                {pd product} {ergonomic}
    uintx NonProfiledCodeHeapSize                  = 122945536                              {pd product} {ergonomic}
    uintx ProfiledCodeHeapSize                     = 122880000                              {pd product} {ergonomic}
    uintx ReservedCodeCacheSize                    = 251658240                              {pd product} {ergonomic}
     bool SegmentedCodeCache                       = true                                      {product} {ergonomic}
   size_t SoftMaxHeapSize                          = 2147483648                             {manageable} {ergonomic}
     bool UseCompressedOops                        = true                           {product lp64_product} {ergonomic}
     bool UseG1GC                                  = true                                      {product} {ergonomic}
     bool UseLargePagesIndividualAllocation        = false                                  {pd product} {ergonomic}

Logging:
Log output configuration:
 #0: stdout all=warning uptime,level,tags foldmultilines=false
 #1: stderr all=off uptime,level,tags foldmultilines=false

Environment Variables:
JAVA_HOME=C:\Program Files\Java\jdk-23
PATH=C:\Program Files\Common Files\Oracle\Java\javapath;C:\WINDOWS;C:\WINDOWS\System32\Wbem;C:\WINDOWS\System32\WindowsPowerShell\v1.0\;C:\WINDOWS\System32\OpenSSH\;C:\Users\Duy\.p2\pool\plugins\org.eclipse.justj.openjdk.hotspot.jre.full.win32.x86_64_17.0.7.v20230425-1502\jre\bin;C:\Program Files\nodejs\;C:\ProgramData\Microsoft\Windows\Start Menu\Programs\Node.js;C:\Program Files (x86)\Microsoft SQL Server\160\DTS\Binn\;C:\Program Files (x86)\Microsoft SQL Server\160\Tools\Binn\;C:\Program Files\Microsoft SQL Server\160\Tools\Binn\;C:\Program Files\Microsoft SQL Server\Client SDK\ODBC\170\Tools\Binn\;C:\Program Files\Microsoft SQL Server\160\DTS\Binn\;C:\Program Files (x86)\Windows Kits\10\Windows Performance Toolkit\;C:\Program Files\dotnet\;C:\Program Files\Microsoft SQL Server\150\Tools\Binn\;C:\Program Files\Git\cmd;C:\Windows\System32;C:\Users\Duy\AppData\Local\Microsoft\WindowsApps;C:\Users\Duy\AppData\Roaming\npm;C:\Program Files\Java\jdk-23\bin;C:\Program Files\Azure Data Studio\bin;C:\Users\Duy\.dotnet\tools;C:\Users\Duy\AppData\Local\Programs\Microsoft VS Code\bin
USERNAME=Duy
OS=Windows_NT
PROCESSOR_IDENTIFIER=Intel64 Family 6 Model 122 Stepping 8, GenuineIntel
TMP=C:\Users\Duy\AppData\Local\Temp
TEMP=C:\Users\Duy\AppData\Local\Temp




Periodic native trim disabled

---------------  S Y S T E M  ---------------

OS:
 Windows 11 , 64 bit Build 22621 (10.0.22621.4391)
OS uptime: 1 days 15:42 hours
Hyper-V role detected

CPU: total 4 (initial active 4) (4 cores per cpu, 1 threads per core) family 6 model 122 stepping 8 microcode 0x18, cx8, cmov, fxsr, mmx, 3dnowpref, sse, sse2, sse3, ssse3, sse4.1, sse4.2, popcnt, tsc, tscinvbit, aes, erms, clmul, sha, clflush, clflushopt, hv, rdtscp, rdpid
Processor Information for the first 4 processors :
  Max Mhz: 1101, Current Mhz: 1101, Mhz Limit: 1101

Memory: 4k page, system-wide physical 3737M (107M free)
TotalPageFile size 15001M (AvailPageFile size 5M)
current process WorkingSet (physical memory assigned to process): 139M, peak: 144M
current process commit charge ("private bytes"): 207M, peak: 207M

vm_info: Java HotSpot(TM) 64-Bit Server VM (23+37-2369) for windows-amd64 JRE (23+37-2369), built on 2024-08-20T16:01:23Z with MS VC++ 17.6 (VS2022)

END.
