#
# There is insufficient memory for the Java Runtime Environment to continue.
# Native memory allocation (malloc) failed to allocate 350080 bytes. Error detail: Chunk::new
# Possible reasons:
#   The system is out of physical RAM or swap space
#   This process is running with CompressedOops enabled, and the Java Heap may be blocking the growth of the native heap
# Possible solutions:
#   Reduce memory load on the system
#   Increase physical memory or swap space
#   Check if swap backing store is full
#   Decrease Java heap size (-Xmx/-Xms)
#   Decrease number of Java threads
#   Decrease Java thread stack sizes (-Xss)
#   Set larger code cache with -XX:ReservedCodeCacheSize=
#   JVM is running with Unscaled Compressed Oops mode in which the Java heap is
#     placed in the first 4GB address space. The Java Heap base address is the
#     maximum limit for the native heap growth. Please use -XX:HeapBaseMinAddress
#     to set the Java Heap base and to place the Java Heap above 4GB virtual address.
# This output file may be truncated or incomplete.
#
#  Out of Memory Error (arena.cpp:191), pid=21912, tid=13152
#
# JRE version: OpenJDK Runtime Environment Temurin-17.0.13+11 (17.0.13+11) (build 17.0.13+11)
# Java VM: OpenJDK 64-Bit Server VM Temurin-17.0.13+11 (17.0.13+11, mixed mode, tiered, compressed oops, compressed class ptrs, parallel gc, windows-amd64)
# No core dump will be written. Minidumps are not enabled by default on client versions of Windows
#

---------------  S U M M A R Y ------------

Command Line: --add-modules=ALL-SYSTEM --add-opens=java.base/java.util=ALL-UNNAMED --add-opens=java.base/java.lang=ALL-UNNAMED --add-opens=java.base/sun.nio.fs=ALL-UNNAMED -Declipse.application=org.eclipse.jdt.ls.core.id1 -Dosgi.bundles.defaultStartLevel=4 -Declipse.product=org.eclipse.jdt.ls.core.product -Djava.import.generatesMetadataFilesAtProjectRoot=false -DDetectVMInstallationsJob.disabled=true -Dfile.encoding=utf8 -XX:+UseParallelGC -XX:GCTimeRatio=4 -XX:AdaptiveSizePolicyWeight=90 -Dsun.zip.disableMemoryMapping=true -Xmx1G -Xms100m -Xlog:disable -javaagent:c:\Users\Duy\.cursor\extensions\redhat.java-1.36.0-win32-x64\lombok\lombok-1.18.35.jar c:\Users\Duy\.cursor\extensions\redhat.java-1.36.0-win32-x64\server\plugins\org.eclipse.equinox.launcher_1.6.900.v20240613-2009.jar -configuration c:\Users\Duy\AppData\Roaming\Cursor\User\globalStorage\redhat.java\1.36.0\config_ss_win -data c:\Users\Duy\AppData\Roaming\Cursor\User\workspaceStorage\f8891cb4a7ddfb815496428fc6c7951b\redhat.java\ss_ws --pipe=\\.\pipe\lsp-2a12b3278a47dcd06c22d9abbccce63a-sock

Host: Intel(R) Pentium(R) Silver N5030 CPU @ 1.10GHz, 4 cores, 3G,  Windows 11 , 64 bit Build 22621 (10.0.22621.4391)
Time: Tue Nov 12 22:09:27 2024 SE Asia Standard Time elapsed time: 5.902846 seconds (0d 0h 0m 5s)

---------------  T H R E A D  ---------------

Current thread (0x00000205570711f0):  JavaThread "C2 CompilerThread0" daemon [_thread_in_native, id=13152, stack(0x000000a012b00000,0x000000a012c00000)]


Current CompileTask:
C2:   5903  625       4       lombok.patcher.PatchScript::classMatches (41 bytes)

Stack: [0x000000a012b00000,0x000000a012c00000]
Native frames: (J=compiled Java code, j=interpreted, Vv=VM code, C=native code)
V  [jvm.dll+0x682a19]
V  [jvm.dll+0x839538]
V  [jvm.dll+0x83afe3]
V  [jvm.dll+0x83b653]
V  [jvm.dll+0x24704f]
V  [jvm.dll+0xace34]
V  [jvm.dll+0xad4cc]
V  [jvm.dll+0x36597e]
V  [jvm.dll+0x32fbd8]
V  [jvm.dll+0x32f05a]
V  [jvm.dll+0x21804f]
V  [jvm.dll+0x21748f]
V  [jvm.dll+0x1a3070]
V  [jvm.dll+0x22788c]
V  [jvm.dll+0x2259eb]
V  [jvm.dll+0x7eec98]
V  [jvm.dll+0x7e8ffc]
V  [jvm.dll+0x6818f7]
C  [ucrtbase.dll+0x29333]
C  [KERNEL32.DLL+0x1259d]
C  [ntdll.dll+0x5af38]


---------------  P R O C E S S  ---------------

Threads class SMR info:
_java_thread_list=0x000002055c51c9d0, length=12, elements={
0x00000205431fd520, 0x000002055703e020, 0x0000020557040560, 0x00000205432ae3c0,
0x000002055706bf10, 0x000002055706ebb0, 0x00000205570705f0, 0x00000205570711f0,
0x000002055708be60, 0x000002055c25ad20, 0x000002055c372090, 0x000002055c551210
}

Java Threads: ( => current thread )
  0x00000205431fd520 JavaThread "main" [_thread_in_Java, id=8844, stack(0x000000a012200000,0x000000a012300000)]
  0x000002055703e020 JavaThread "Reference Handler" daemon [_thread_blocked, id=18744, stack(0x000000a012500000,0x000000a012600000)]
  0x0000020557040560 JavaThread "Finalizer" daemon [_thread_blocked, id=13528, stack(0x000000a012600000,0x000000a012700000)]
  0x00000205432ae3c0 JavaThread "Signal Dispatcher" daemon [_thread_blocked, id=12812, stack(0x000000a012700000,0x000000a012800000)]
  0x000002055706bf10 JavaThread "Attach Listener" daemon [_thread_blocked, id=19128, stack(0x000000a012800000,0x000000a012900000)]
  0x000002055706ebb0 JavaThread "Service Thread" daemon [_thread_blocked, id=21140, stack(0x000000a012900000,0x000000a012a00000)]
  0x00000205570705f0 JavaThread "Monitor Deflation Thread" daemon [_thread_blocked, id=14240, stack(0x000000a012a00000,0x000000a012b00000)]
=>0x00000205570711f0 JavaThread "C2 CompilerThread0" daemon [_thread_in_native, id=13152, stack(0x000000a012b00000,0x000000a012c00000)]
  0x000002055708be60 JavaThread "C1 CompilerThread0" daemon [_thread_blocked, id=13432, stack(0x000000a012c00000,0x000000a012d00000)]
  0x000002055c25ad20 JavaThread "Sweeper thread" daemon [_thread_blocked, id=13396, stack(0x000000a012d00000,0x000000a012e00000)]
  0x000002055c372090 JavaThread "Common-Cleaner" daemon [_thread_blocked, id=18680, stack(0x000000a012e00000,0x000000a012f00000)]
  0x000002055c551210 JavaThread "Notification Thread" daemon [_thread_blocked, id=23960, stack(0x000000a012f00000,0x000000a013000000)]

Other Threads:
  0x0000020557027ef0 VMThread "VM Thread" [stack: 0x000000a012400000,0x000000a012500000] [id=24976]
  0x000002055c5516f0 WatcherThread [stack: 0x000000a013000000,0x000000a013100000] [id=9976]
  0x0000020543212a60 GCTaskThread "GC Thread#0" [stack: 0x000000a012300000,0x000000a012400000] [id=16012]

Threads with active compile tasks:
C2 CompilerThread0     5967  625       4       lombok.patcher.PatchScript::classMatches (41 bytes)

VM state: not at safepoint (normal execution)

VM Mutex/Monitor currently owned by a thread: None

Heap address: 0x00000000c0000000, size: 1024 MB, Compressed Oops mode: 32-bit

CDS archive(s) not mapped
Compressed class space mapped at: 0x0000000100000000-0x0000000140000000, reserved size: 1073741824
Narrow klass base: 0x0000000000000000, Narrow klass shift: 3, Narrow klass range: 0x140000000

GC Precious Log:
 CPUs: 4 total, 4 available
 Memory: 3737M
 Large Page Support: Disabled
 NUMA Support: Disabled
 Compressed Oops: Enabled (32-bit)
 Alignments: Space 512K, Generation 512K, Heap 2M
 Heap Min Capacity: 100M
 Heap Initial Capacity: 100M
 Heap Max Capacity: 1G
 Pre-touch: Disabled
 Parallel Workers: 4

Heap:
 PSYoungGen      total 29696K, used 13513K [0x00000000eab00000, 0x00000000ecc00000, 0x0000000100000000)
  eden space 25600K, 52% used [0x00000000eab00000,0x00000000eb8324e8,0x00000000ec400000)
  from space 4096K, 0% used [0x00000000ec800000,0x00000000ec800000,0x00000000ecc00000)
  to   space 4096K, 0% used [0x00000000ec400000,0x00000000ec400000,0x00000000ec800000)
 ParOldGen       total 68608K, used 0K [0x00000000c0000000, 0x00000000c4300000, 0x00000000eab00000)
  object space 68608K, 0% used [0x00000000c0000000,0x00000000c0000000,0x00000000c4300000)
 Metaspace       used 8915K, committed 9088K, reserved 1114112K
  class space    used 879K, committed 960K, reserved 1048576K

Card table byte_map: [0x0000020542b90000,0x0000020542da0000] _byte_map_base: 0x0000020542590000

Marking Bits: (ParMarkBitMap*) 0x00007ff830d86940
 Begin Bits: [0x0000020554e90000, 0x0000020555e90000)
 End Bits:   [0x0000020555e90000, 0x0000020556e90000)

Polling page: 0x00000205411d0000

Metaspace:

Usage:
  Non-class:      7.85 MB used.
      Class:    879.90 KB used.
       Both:      8.71 MB used.

Virtual space:
  Non-class space:       64.00 MB reserved,       7.94 MB ( 12%) committed,  1 nodes.
      Class space:        1.00 GB reserved,     960.00 KB ( <1%) committed,  1 nodes.
             Both:        1.06 GB reserved,       8.88 MB ( <1%) committed. 

Chunk freelists:
   Non-Class:  8.11 MB
       Class:  15.09 MB
        Both:  23.20 MB

MaxMetaspaceSize: unlimited
CompressedClassSpaceSize: 1.00 GB
Initial GC threshold: 21.00 MB
Current GC threshold: 21.00 MB
CDS: off
MetaspaceReclaimPolicy: balanced
 - commit_granule_bytes: 65536.
 - commit_granule_words: 8192.
 - virtual_space_node_default_size: 8388608.
 - enlarge_chunks_in_place: 1.
 - new_chunks_are_fully_committed: 0.
 - uncommit_free_chunks: 1.
 - use_allocation_guard: 0.
 - handle_deallocations: 1.


Internal statistics:

num_allocs_failed_limit: 0.
num_arena_births: 10.
num_arena_deaths: 0.
num_vsnodes_births: 2.
num_vsnodes_deaths: 0.
num_space_committed: 142.
num_space_uncommitted: 0.
num_chunks_returned_to_freelist: 0.
num_chunks_taken_from_freelist: 45.
num_chunk_merges: 0.
num_chunk_splits: 23.
num_chunks_enlarged: 18.
num_inconsistent_stats: 0.

CodeHeap 'non-profiled nmethods': size=120000Kb used=231Kb max_used=231Kb free=119768Kb
 bounds [0x000002054d960000, 0x000002054dbd0000, 0x0000020554e90000]
CodeHeap 'profiled nmethods': size=120000Kb used=923Kb max_used=923Kb free=119076Kb
 bounds [0x0000020545e90000, 0x0000020546100000, 0x000002054d3c0000]
CodeHeap 'non-nmethods': size=5760Kb used=1130Kb max_used=1143Kb free=4629Kb
 bounds [0x000002054d3c0000, 0x000002054d630000, 0x000002054d960000]
 total_blobs=1053 nmethods=632 adapters=337
 compilation: enabled
              stopped_count=0, restarted_count=0
 full_count=0

Compilation events (20 events):
Event: 5.743 Thread 0x00000205570711f0 nmethod 615 0x000002054d999090 code [0x000002054d999200, 0x000002054d9992f8]
Event: 5.743 Thread 0x000002055708be60  617       3       java.lang.StringBuilder::<init> (6 bytes)
Event: 5.744 Thread 0x000002055708be60 nmethod 617 0x0000020545f62f10 code [0x0000020545f630a0, 0x0000020545f631e8]
Event: 5.748 Thread 0x000002055708be60  618   !   3       java.lang.String::<init> (840 bytes)
Event: 5.753 Thread 0x000002055708be60 nmethod 618 0x0000020545f63290 code [0x0000020545f63760, 0x0000020545f65dd8]
Event: 5.753 Thread 0x000002055708be60  619       3       java.io.OutputStream::<init> (5 bytes)
Event: 5.753 Thread 0x000002055708be60 nmethod 619 0x0000020545f66a90 code [0x0000020545f66c20, 0x0000020545f66d78]
Event: 5.754 Thread 0x000002055708be60  620       3       sun.security.util.ObjectIdentifier::equals (33 bytes)
Event: 5.754 Thread 0x000002055708be60 nmethod 620 0x0000020545f66e10 code [0x0000020545f66fe0, 0x0000020545f673c8]
Event: 5.756 Thread 0x000002055708be60  621       3       java.lang.invoke.VarHandleGuards::guard_LI_I (78 bytes)
Event: 5.758 Thread 0x000002055708be60 nmethod 621 0x0000020545f67490 code [0x0000020545f677c0, 0x0000020545f69348]
Event: 5.758 Thread 0x000002055708be60  622       3       java.lang.invoke.VarHandleByteArrayAsInts$ArrayHandle::get (36 bytes)
Event: 5.759 Thread 0x000002055708be60 nmethod 622 0x0000020545f69b90 code [0x0000020545f69d60, 0x0000020545f6a218]
Event: 5.759 Thread 0x000002055708be60  623       3       java.lang.invoke.VarHandleByteArrayAsInts$ArrayHandle::index (12 bytes)
Event: 5.759 Thread 0x000002055708be60 nmethod 623 0x0000020545f6a410 code [0x0000020545f6a5c0, 0x0000020545f6a7c8]
Event: 5.825 Thread 0x00000205570711f0  625       4       lombok.patcher.PatchScript::classMatches (41 bytes)
Event: 5.826 Thread 0x000002055708be60  627       2       java.util.Collections$UnmodifiableCollection::iterator (9 bytes)
Event: 5.826 Thread 0x000002055708be60 nmethod 627 0x0000020545f6a910 code [0x0000020545f6aac0, 0x0000020545f6ac88]
Event: 5.891 Thread 0x000002055708be60  628       2       java.util.HashSet::iterator (13 bytes)
Event: 5.891 Thread 0x000002055708be60 nmethod 628 0x0000020545f6ad90 code [0x0000020545f6af40, 0x0000020545f6b098]

GC Heap History (0 events):
No events

Dll operation events (8 events):
Event: 0.060 Loaded shared library c:\Users\Duy\.cursor\extensions\redhat.java-1.36.0-win32-x64\jre\17.0.13-win32-x86_64\bin\java.dll
Event: 2.870 Loaded shared library c:\Users\Duy\.cursor\extensions\redhat.java-1.36.0-win32-x64\jre\17.0.13-win32-x86_64\bin\zip.dll
Event: 2.882 Loaded shared library C:\Users\Duy\.cursor\extensions\redhat.java-1.36.0-win32-x64\jre\17.0.13-win32-x86_64\bin\instrument.dll
Event: 2.968 Loaded shared library C:\Users\Duy\.cursor\extensions\redhat.java-1.36.0-win32-x64\jre\17.0.13-win32-x86_64\bin\net.dll
Event: 2.973 Loaded shared library C:\Users\Duy\.cursor\extensions\redhat.java-1.36.0-win32-x64\jre\17.0.13-win32-x86_64\bin\nio.dll
Event: 2.992 Loaded shared library C:\Users\Duy\.cursor\extensions\redhat.java-1.36.0-win32-x64\jre\17.0.13-win32-x86_64\bin\zip.dll
Event: 3.206 Loaded shared library C:\Users\Duy\.cursor\extensions\redhat.java-1.36.0-win32-x64\jre\17.0.13-win32-x86_64\bin\jimage.dll
Event: 3.702 Loaded shared library c:\Users\Duy\.cursor\extensions\redhat.java-1.36.0-win32-x64\jre\17.0.13-win32-x86_64\bin\verify.dll

Deoptimization events (20 events):
Event: 5.592 Thread 0x00000205431fd520 DEOPT PACKING pc=0x0000020545f51b7a sp=0x000000a0122fd380
Event: 5.592 Thread 0x00000205431fd520 DEOPT UNPACKING pc=0x000002054d416e24 sp=0x000000a0122fc7d8 mode 0
Event: 5.592 Thread 0x00000205431fd520 DEOPT PACKING pc=0x0000020545f51b7a sp=0x000000a0122fd410
Event: 5.592 Thread 0x00000205431fd520 DEOPT UNPACKING pc=0x000002054d416e24 sp=0x000000a0122fc868 mode 0
Event: 5.592 Thread 0x00000205431fd520 DEOPT PACKING pc=0x0000020545f51b7a sp=0x000000a0122fd410
Event: 5.592 Thread 0x00000205431fd520 DEOPT UNPACKING pc=0x000002054d416e24 sp=0x000000a0122fc868 mode 0
Event: 5.592 Thread 0x00000205431fd520 DEOPT PACKING pc=0x0000020545f51b7a sp=0x000000a0122fd380
Event: 5.592 Thread 0x00000205431fd520 DEOPT UNPACKING pc=0x000002054d416e24 sp=0x000000a0122fc7d8 mode 0
Event: 5.592 Thread 0x00000205431fd520 DEOPT PACKING pc=0x0000020545f51b7a sp=0x000000a0122fd410
Event: 5.592 Thread 0x00000205431fd520 DEOPT UNPACKING pc=0x000002054d416e24 sp=0x000000a0122fc868 mode 0
Event: 5.592 Thread 0x00000205431fd520 DEOPT PACKING pc=0x0000020545f51b7a sp=0x000000a0122fd410
Event: 5.592 Thread 0x00000205431fd520 DEOPT UNPACKING pc=0x000002054d416e24 sp=0x000000a0122fc868 mode 0
Event: 5.696 Thread 0x00000205431fd520 Uncommon trap: trap_request=0xffffffde fr.pc=0x000002054d96d038 relative=0x00000000000006b8
Event: 5.696 Thread 0x00000205431fd520 Uncommon trap: reason=class_check action=maybe_recompile pc=0x000002054d96d038 method=java.util.HashMap.putVal(ILjava/lang/Object;Ljava/lang/Object;ZZ)Ljava/lang/Object; @ 91 c2
Event: 5.696 Thread 0x00000205431fd520 DEOPT PACKING pc=0x000002054d96d038 sp=0x000000a0122fdb40
Event: 5.696 Thread 0x00000205431fd520 DEOPT UNPACKING pc=0x000002054d41669d sp=0x000000a0122fdae0 mode 2
Event: 5.718 Thread 0x00000205431fd520 Uncommon trap: trap_request=0xffffff6e fr.pc=0x000002054d9965fc relative=0x000000000000017c
Event: 5.718 Thread 0x00000205431fd520 Uncommon trap: reason=loop_limit_check action=maybe_recompile pc=0x000002054d9965fc method=java.math.BigInteger.implMulAdd([I[IIII)I @ 26 c2
Event: 5.718 Thread 0x00000205431fd520 DEOPT PACKING pc=0x000002054d9965fc sp=0x000000a0122fd5f0
Event: 5.719 Thread 0x00000205431fd520 DEOPT UNPACKING pc=0x000002054d41669d sp=0x000000a0122fd540 mode 2

Classes loaded (20 events):
Event: 5.752 Loading class sun/security/util/KeyUtil
Event: 5.752 Loading class sun/security/util/KeyUtil done
Event: 5.752 Loading class sun/security/util/Length
Event: 5.752 Loading class sun/security/util/Length done
Event: 5.752 Loading class javax/crypto/SecretKey
Event: 5.753 Loading class javax/crypto/SecretKey done
Event: 5.754 Loading class java/util/LinkedHashMap$LinkedEntrySet
Event: 5.754 Loading class java/util/LinkedHashMap$LinkedEntrySet done
Event: 5.755 Loading class java/util/LinkedHashMap$LinkedEntryIterator
Event: 5.755 Loading class java/util/LinkedHashMap$LinkedEntryIterator done
Event: 5.821 Loading class java/util/Base64
Event: 5.822 Loading class java/util/Base64 done
Event: 5.822 Loading class java/util/Base64$Decoder
Event: 5.824 Loading class java/util/Base64$Decoder done
Event: 5.824 Loading class java/util/Base64$Encoder
Event: 5.842 Loading class java/util/Base64$Encoder done
Event: 5.876 Loading class java/util/jar/JarVerifier$VerifierStream
Event: 5.890 Loading class java/util/jar/JarVerifier$VerifierStream done
Event: 5.891 Loading class sun/security/util/ManifestEntryVerifier$SunProviderHolder
Event: 5.892 Loading class sun/security/util/ManifestEntryVerifier$SunProviderHolder done

Classes unloaded (0 events):
No events

Classes redefined (0 events):
No events

Internal exceptions (2 events):
Event: 2.576 Thread 0x00000205431fd520 Exception <a 'java/lang/NoSuchMethodError'{0x00000000eacb4f88}: 'void java.lang.invoke.DirectMethodHandle$Holder.invokeStatic(java.lang.Object, java.lang.Object, java.lang.Object)'> (0x00000000eacb4f88) 
thrown [s\src\hotspot\share\interpreter\linkResolver.cpp, line 759]
Event: 3.858 Thread 0x00000205431fd520 Exception <a 'java/lang/reflect/InvocationTargetException'{0x00000000eafe76b8}> (0x00000000eafe76b8) 
thrown [s\src\hotspot\share\runtime\reflection.cpp, line 1128]

VM Operations (14 events):
Event: 1.626 Executing VM operation: Cleanup
Event: 1.639 Executing VM operation: Cleanup done
Event: 2.620 Executing VM operation: HandshakeAllThreads
Event: 2.620 Executing VM operation: HandshakeAllThreads done
Event: 3.373 Executing VM operation: HandshakeAllThreads
Event: 3.373 Executing VM operation: HandshakeAllThreads done
Event: 3.373 Executing VM operation: Cleanup
Event: 3.373 Executing VM operation: Cleanup done
Event: 4.379 Executing VM operation: Cleanup
Event: 4.393 Executing VM operation: Cleanup done
Event: 5.404 Executing VM operation: Cleanup
Event: 5.469 Executing VM operation: Cleanup done
Event: 5.755 Executing VM operation: HandshakeAllThreads
Event: 5.755 Executing VM operation: HandshakeAllThreads done

Memory protections (0 events):
No events

Nmethod flushes (0 events):
No events

Events (12 events):
Event: 0.610 Thread 0x00000205431fd520 Thread added: 0x00000205431fd520
Event: 0.672 Thread 0x00000205431fd520 Thread added: 0x000002055703e020
Event: 0.673 Thread 0x00000205431fd520 Thread added: 0x0000020557040560
Event: 1.040 Thread 0x00000205431fd520 Thread added: 0x00000205432ae3c0
Event: 1.042 Thread 0x00000205431fd520 Thread added: 0x000002055706bf10
Event: 1.043 Thread 0x00000205431fd520 Thread added: 0x000002055706ebb0
Event: 1.043 Thread 0x00000205431fd520 Thread added: 0x00000205570705f0
Event: 1.043 Thread 0x00000205431fd520 Thread added: 0x00000205570711f0
Event: 1.140 Thread 0x00000205431fd520 Thread added: 0x000002055708be60
Event: 1.242 Thread 0x00000205431fd520 Thread added: 0x000002055c25ad20
Event: 2.053 Thread 0x00000205431fd520 Thread added: 0x000002055c372090
Event: 4.410 Thread 0x00000205431fd520 Thread added: 0x000002055c551210


Dynamic libraries:
0x00007ff77c510000 - 0x00007ff77c51e000 	c:\Users\Duy\.cursor\extensions\redhat.java-1.36.0-win32-x64\jre\17.0.13-win32-x86_64\bin\java.exe
0x00007ff892ef0000 - 0x00007ff893107000 	C:\WINDOWS\SYSTEM32\ntdll.dll
0x00007ff891e00000 - 0x00007ff891ec4000 	C:\WINDOWS\System32\KERNEL32.DLL
0x00007ff8904c0000 - 0x00007ff890879000 	C:\WINDOWS\System32\KERNELBASE.dll
0x00007ff890880000 - 0x00007ff890991000 	C:\WINDOWS\System32\ucrtbase.dll
0x00007ff8809e0000 - 0x00007ff8809f7000 	c:\Users\Duy\.cursor\extensions\redhat.java-1.36.0-win32-x64\jre\17.0.13-win32-x86_64\bin\jli.dll
0x00007ff892380000 - 0x00007ff89252e000 	C:\WINDOWS\System32\USER32.dll
0x00007ff890a20000 - 0x00007ff890a46000 	C:\WINDOWS\System32\win32u.dll
0x00007ff892610000 - 0x00007ff892639000 	C:\WINDOWS\System32\GDI32.dll
0x00007ff890af0000 - 0x00007ff890c0b000 	C:\WINDOWS\System32\gdi32full.dll
0x00007ff8902b0000 - 0x00007ff89034a000 	C:\WINDOWS\System32\msvcp_win.dll
0x00007ff880800000 - 0x00007ff88081e000 	c:\Users\Duy\.cursor\extensions\redhat.java-1.36.0-win32-x64\jre\17.0.13-win32-x86_64\bin\VCRUNTIME140.dll
0x00007ff87d7f0000 - 0x00007ff87da82000 	C:\WINDOWS\WinSxS\amd64_microsoft.windows.common-controls_6595b64144ccf1df_6.0.22621.4391_none_2715d37f73803e96\COMCTL32.dll
0x00007ff892a70000 - 0x00007ff892b17000 	C:\WINDOWS\System32\msvcrt.dll
0x00007ff890c20000 - 0x00007ff890c51000 	C:\WINDOWS\System32\IMM32.DLL
0x00007ff87fbf0000 - 0x00007ff87fbfc000 	c:\Users\Duy\.cursor\extensions\redhat.java-1.36.0-win32-x64\jre\17.0.13-win32-x86_64\bin\vcruntime140_1.dll
0x00007ff850850000 - 0x00007ff8508dd000 	c:\Users\Duy\.cursor\extensions\redhat.java-1.36.0-win32-x64\jre\17.0.13-win32-x86_64\bin\msvcp140.dll
0x00007ff8301e0000 - 0x00007ff830e4b000 	c:\Users\Duy\.cursor\extensions\redhat.java-1.36.0-win32-x64\jre\17.0.13-win32-x86_64\bin\server\jvm.dll
0x00007ff8927f0000 - 0x00007ff8928a2000 	C:\WINDOWS\System32\ADVAPI32.dll
0x00007ff891860000 - 0x00007ff891907000 	C:\WINDOWS\System32\sechost.dll
0x00007ff890a50000 - 0x00007ff890a78000 	C:\WINDOWS\System32\bcrypt.dll
0x00007ff891ee0000 - 0x00007ff891ff4000 	C:\WINDOWS\System32\RPCRT4.dll
0x00007ff890c60000 - 0x00007ff890cd1000 	C:\WINDOWS\System32\WS2_32.dll
0x00007ff8900c0000 - 0x00007ff89010d000 	C:\WINDOWS\SYSTEM32\POWRPROF.dll
0x00007ff8892a0000 - 0x00007ff8892d4000 	C:\WINDOWS\SYSTEM32\WINMM.dll
0x00007ff87f640000 - 0x00007ff87f64a000 	C:\WINDOWS\SYSTEM32\VERSION.dll
0x00007ff8900a0000 - 0x00007ff8900b3000 	C:\WINDOWS\SYSTEM32\UMPDC.dll
0x00007ff88f1f0000 - 0x00007ff88f208000 	C:\WINDOWS\SYSTEM32\kernel.appcore.dll
0x00007ff87f9b0000 - 0x00007ff87f9ba000 	c:\Users\Duy\.cursor\extensions\redhat.java-1.36.0-win32-x64\jre\17.0.13-win32-x86_64\bin\jimage.dll
0x00007ff88db00000 - 0x00007ff88dd32000 	C:\WINDOWS\SYSTEM32\DBGHELP.DLL
0x00007ff892b20000 - 0x00007ff892eaf000 	C:\WINDOWS\System32\combase.dll
0x00007ff892530000 - 0x00007ff892607000 	C:\WINDOWS\System32\OLEAUT32.dll
0x00007ff8761c0000 - 0x00007ff8761f2000 	C:\WINDOWS\SYSTEM32\dbgcore.DLL
0x00007ff8909a0000 - 0x00007ff890a1b000 	C:\WINDOWS\System32\bcryptPrimitives.dll
0x00007ff880a00000 - 0x00007ff880a0e000 	c:\Users\Duy\.cursor\extensions\redhat.java-1.36.0-win32-x64\jre\17.0.13-win32-x86_64\bin\instrument.dll
0x00007ff869200000 - 0x00007ff869225000 	c:\Users\Duy\.cursor\extensions\redhat.java-1.36.0-win32-x64\jre\17.0.13-win32-x86_64\bin\java.dll
0x00007ff87ab40000 - 0x00007ff87ab58000 	c:\Users\Duy\.cursor\extensions\redhat.java-1.36.0-win32-x64\jre\17.0.13-win32-x86_64\bin\zip.dll
0x00007ff890e20000 - 0x00007ff891696000 	C:\WINDOWS\System32\SHELL32.dll
0x00007ff88e0e0000 - 0x00007ff88e9e3000 	C:\WINDOWS\SYSTEM32\windows.storage.dll
0x00007ff88dfa0000 - 0x00007ff88e0df000 	C:\WINDOWS\SYSTEM32\wintypes.dll
0x00007ff892020000 - 0x00007ff892119000 	C:\WINDOWS\System32\SHCORE.dll
0x00007ff8916f0000 - 0x00007ff89174e000 	C:\WINDOWS\System32\shlwapi.dll
0x00007ff890120000 - 0x00007ff89014b000 	C:\WINDOWS\SYSTEM32\profapi.dll
0x00007ff879bd0000 - 0x00007ff879be9000 	C:\Users\Duy\.cursor\extensions\redhat.java-1.36.0-win32-x64\jre\17.0.13-win32-x86_64\bin\net.dll
0x00007ff888f70000 - 0x00007ff8890a6000 	C:\WINDOWS\SYSTEM32\WINHTTP.dll
0x00007ff88f660000 - 0x00007ff88f6c9000 	C:\WINDOWS\system32\mswsock.dll
0x00007ff8794c0000 - 0x00007ff8794d6000 	C:\Users\Duy\.cursor\extensions\redhat.java-1.36.0-win32-x64\jre\17.0.13-win32-x86_64\bin\nio.dll
0x00007ff87aa80000 - 0x00007ff87aa90000 	c:\Users\Duy\.cursor\extensions\redhat.java-1.36.0-win32-x64\jre\17.0.13-win32-x86_64\bin\verify.dll

dbghelp: loaded successfully - version: 4.0.5 - missing functions: none
symbol engine: initialized successfully - sym options: 0x614 - pdb path: .;c:\Users\Duy\.cursor\extensions\redhat.java-1.36.0-win32-x64\jre\17.0.13-win32-x86_64\bin;C:\WINDOWS\SYSTEM32;C:\WINDOWS\WinSxS\amd64_microsoft.windows.common-controls_6595b64144ccf1df_6.0.22621.4391_none_2715d37f73803e96;c:\Users\Duy\.cursor\extensions\redhat.java-1.36.0-win32-x64\jre\17.0.13-win32-x86_64\bin\server

VM Arguments:
jvm_args: --add-modules=ALL-SYSTEM --add-opens=java.base/java.util=ALL-UNNAMED --add-opens=java.base/java.lang=ALL-UNNAMED --add-opens=java.base/sun.nio.fs=ALL-UNNAMED -Declipse.application=org.eclipse.jdt.ls.core.id1 -Dosgi.bundles.defaultStartLevel=4 -Declipse.product=org.eclipse.jdt.ls.core.product -Djava.import.generatesMetadataFilesAtProjectRoot=false -DDetectVMInstallationsJob.disabled=true -Dfile.encoding=utf8 -XX:+UseParallelGC -XX:GCTimeRatio=4 -XX:AdaptiveSizePolicyWeight=90 -Dsun.zip.disableMemoryMapping=true -Xmx1G -Xms100m -Xlog:disable -javaagent:c:\Users\Duy\.cursor\extensions\redhat.java-1.36.0-win32-x64\lombok\lombok-1.18.35.jar 
java_command: c:\Users\Duy\.cursor\extensions\redhat.java-1.36.0-win32-x64\server\plugins\org.eclipse.equinox.launcher_1.6.900.v20240613-2009.jar -configuration c:\Users\Duy\AppData\Roaming\Cursor\User\globalStorage\redhat.java\1.36.0\config_ss_win -data c:\Users\Duy\AppData\Roaming\Cursor\User\workspaceStorage\f8891cb4a7ddfb815496428fc6c7951b\redhat.java\ss_ws --pipe=\\.\pipe\lsp-2a12b3278a47dcd06c22d9abbccce63a-sock
java_class_path (initial): c:\Users\Duy\.cursor\extensions\redhat.java-1.36.0-win32-x64\server\plugins\org.eclipse.equinox.launcher_1.6.900.v20240613-2009.jar
Launcher Type: SUN_STANDARD

[Global flags]
    uintx AdaptiveSizePolicyWeight                 = 90                                        {product} {command line}
     intx CICompilerCount                          = 3                                         {product} {ergonomic}
    uintx GCTimeRatio                              = 4                                         {product} {command line}
   size_t InitialHeapSize                          = 104857600                                 {product} {command line}
   size_t MaxHeapSize                              = 1073741824                                {product} {command line}
   size_t MaxNewSize                               = 357564416                                 {product} {ergonomic}
   size_t MinHeapDeltaBytes                        = 524288                                    {product} {ergonomic}
   size_t MinHeapSize                              = 104857600                                 {product} {command line}
   size_t NewSize                                  = 34603008                                  {product} {ergonomic}
    uintx NonNMethodCodeHeapSize                   = 5832780                                {pd product} {ergonomic}
    uintx NonProfiledCodeHeapSize                  = 122912730                              {pd product} {ergonomic}
   size_t OldSize                                  = 70254592                                  {product} {ergonomic}
    uintx ProfiledCodeHeapSize                     = 122912730                              {pd product} {ergonomic}
    uintx ReservedCodeCacheSize                    = 251658240                              {pd product} {ergonomic}
     bool SegmentedCodeCache                       = true                                      {product} {ergonomic}
   size_t SoftMaxHeapSize                          = 1073741824                             {manageable} {ergonomic}
     bool UseCompressedClassPointers               = true                           {product lp64_product} {ergonomic}
     bool UseCompressedOops                        = true                           {product lp64_product} {ergonomic}
     bool UseLargePagesIndividualAllocation        = false                                  {pd product} {ergonomic}
     bool UseParallelGC                            = true                                      {product} {command line}

Logging:
Log output configuration:
 #0: stdout all=off uptime,level,tags
 #1: stderr all=off uptime,level,tags

Environment Variables:
JAVA_HOME=C:\Program Files\Java\jdk-23
PATH=C:\Program Files\Common Files\Oracle\Java\javapath;C:\WINDOWS;C:\WINDOWS\System32\Wbem;C:\WINDOWS\System32\WindowsPowerShell\v1.0\;C:\WINDOWS\System32\OpenSSH\;C:\Users\Duy\.p2\pool\plugins\org.eclipse.justj.openjdk.hotspot.jre.full.win32.x86_64_17.0.7.v20230425-1502\jre\bin;C:\Program Files\nodejs\;C:\ProgramData\Microsoft\Windows\Start Menu\Programs\Node.js;C:\Program Files (x86)\Microsoft SQL Server\160\DTS\Binn\;C:\Program Files (x86)\Microsoft SQL Server\160\Tools\Binn\;C:\Program Files\Microsoft SQL Server\160\Tools\Binn\;C:\Program Files\Microsoft SQL Server\Client SDK\ODBC\170\Tools\Binn\;C:\Program Files\Microsoft SQL Server\160\DTS\Binn\;C:\Program Files (x86)\Windows Kits\10\Windows Performance Toolkit\;C:\Program Files\dotnet\;C:\Program Files\Microsoft SQL Server\150\Tools\Binn\;C:\Program Files\Git\cmd;C:\Windows\System32;C:\Users\Duy\AppData\Local\Microsoft\WindowsApps;C:\Users\Duy\AppData\Roaming\npm;C:\Program Files\Java\jdk-23\bin;C:\Program Files\Azure Data Studio\bin;C:\Users\Duy\.dotnet\tools;C:\Users\Duy\AppData\Local\Programs\Microsoft VS Code\bin
USERNAME=Duy
OS=Windows_NT
PROCESSOR_IDENTIFIER=Intel64 Family 6 Model 122 Stepping 8, GenuineIntel
TMP=C:\Users\Duy\AppData\Local\Temp
TEMP=C:\Users\Duy\AppData\Local\Temp



Periodic native trim disabled


---------------  S Y S T E M  ---------------

OS:
 Windows 11 , 64 bit Build 22621 (10.0.22621.4391)
OS uptime: 9 days 2:38 hours
Hyper-V role detected

CPU: total 4 (initial active 4) (4 cores per cpu, 1 threads per core) family 6 model 122 stepping 8 microcode 0x18, cx8, cmov, fxsr, mmx, 3dnowpref, sse, sse2, sse3, ssse3, sse4.1, sse4.2, popcnt, tsc, tscinvbit, aes, erms, clmul, sha, clflush, clflushopt, hv
Processor Information for all 4 processors :
  Max Mhz: 1101, Current Mhz: 1101, Mhz Limit: 1101

Memory: 4k page, system-wide physical 3737M (159M free)
TotalPageFile size 15001M (AvailPageFile size 4M)
current process WorkingSet (physical memory assigned to process): 55M, peak: 55M
current process commit charge ("private bytes"): 182M, peak: 182M

vm_info: OpenJDK 64-Bit Server VM (17.0.13+11) for windows-amd64 JRE (17.0.13+11), built on Oct 16 2024 00:10:08 by "admin" with MS VC++ 17.7 (VS2022)

END.
